<?xml version="1.0" encoding="UTF-8"?>
<coverage generated="1773983004057" clover="3.2.0">
  <project timestamp="1773983004058" name="All files">
    <metrics statements="432" coveredstatements="252" conditionals="227" coveredconditionals="110" methods="83" coveredmethods="55" elements="742" coveredelements="417" complexity="0" loc="432" ncloc="432" packages="1" files="2" classes="2"/>
    <file name="client.js" path="C:\Users\99236\.openclaw\workspace\skills\a2a-server\src\client.js">
      <metrics statements="204" coveredstatements="111" conditionals="106" coveredconditionals="54" methods="45" coveredmethods="27"/>
      <line num="15" count="1" type="stmt"/>
      <line num="16" count="1" type="stmt"/>
      <line num="20" count="39" type="stmt"/>
      <line num="34" count="39" type="stmt"/>
      <line num="35" count="39" type="stmt"/>
      <line num="36" count="39" type="stmt"/>
      <line num="37" count="39" type="stmt"/>
      <line num="40" count="39" type="stmt"/>
      <line num="43" count="39" type="stmt"/>
      <line num="46" count="39" type="stmt"/>
      <line num="49" count="39" type="stmt"/>
      <line num="51" count="39" type="stmt"/>
      <line num="55" count="327" type="cond" truecount="1" falsecount="1"/>
      <line num="56" count="0" type="stmt"/>
      <line num="64" count="40" type="stmt"/>
      <line num="65" count="40" type="stmt"/>
      <line num="66" count="40" type="stmt"/>
      <line num="68" count="40" type="stmt"/>
      <line num="69" count="39" type="stmt"/>
      <line num="70" count="39" type="stmt"/>
      <line num="71" count="39" type="stmt"/>
      <line num="74" count="39" type="stmt"/>
      <line num="75" count="39" type="stmt"/>
      <line num="78" count="40" type="stmt"/>
      <line num="79" count="110" type="stmt"/>
      <line num="80" count="110" type="stmt"/>
      <line num="81" count="110" type="stmt"/>
      <line num="83" count="0" type="stmt"/>
      <line num="87" count="40" type="stmt"/>
      <line num="88" count="40" type="stmt"/>
      <line num="89" count="40" type="stmt"/>
      <line num="90" count="40" type="stmt"/>
      <line num="93" count="40" type="stmt"/>
      <line num="96" count="40" type="stmt"/>
      <line num="97" count="1" type="stmt"/>
      <line num="98" count="1" type="stmt"/>
      <line num="101" count="0" type="stmt"/>
      <line num="110" count="0" type="stmt"/>
      <line num="111" count="0" type="cond" truecount="0" falsecount="2"/>
      <line num="112" count="0" type="stmt"/>
      <line num="115" count="0" type="stmt"/>
      <line num="116" count="0" type="stmt"/>
      <line num="117" count="0" type="stmt"/>
      <line num="119" count="0" type="stmt"/>
      <line num="120" count="0" type="stmt"/>
      <line num="128" count="40" type="cond" truecount="2" falsecount="0"/>
      <line num="129" count="39" type="stmt"/>
      <line num="130" count="39" type="stmt"/>
      <line num="131" count="39" type="stmt"/>
      <line num="134" count="1" type="stmt"/>
      <line num="135" count="1" type="stmt"/>
      <line num="137" count="1" type="stmt"/>
      <line num="138" count="1" type="stmt"/>
      <line num="140" count="1" type="stmt"/>
      <line num="142" count="1" type="stmt"/>
      <line num="143" count="1" type="stmt"/>
      <line num="144" count="0" type="stmt"/>
      <line num="145" count="0" type="stmt"/>
      <line num="147" count="1" type="stmt"/>
      <line num="155" count="39" type="stmt"/>
      <line num="156" count="39" type="cond" truecount="1" falsecount="1"/>
      <line num="157" count="0" type="stmt"/>
      <line num="158" count="0" type="stmt"/>
      <line num="161" count="39" type="stmt"/>
      <line num="162" count="0" type="cond" truecount="0" falsecount="4"/>
      <line num="163" count="0" type="stmt"/>
      <line num="164" count="0" type="stmt"/>
      <line num="165" count="0" type="stmt"/>
      <line num="166" count="0" type="stmt"/>
      <line num="167" count="0" type="stmt"/>
      <line num="168" count="0" type="cond" truecount="0" falsecount="2"/>
      <line num="169" count="0" type="stmt"/>
      <line num="170" count="0" type="stmt"/>
      <line num="174" count="39" type="stmt"/>
      <line num="176" count="39" type="stmt"/>
      <line num="183" count="39" type="stmt"/>
      <line num="191" count="0" type="stmt"/>
      <line num="192" count="0" type="cond" truecount="0" falsecount="2"/>
      <line num="193" count="0" type="stmt"/>
      <line num="194" count="0" type="stmt"/>
      <line num="197" count="0" type="stmt"/>
      <line num="202" count="0" type="stmt"/>
      <line num="203" count="0" type="stmt"/>
      <line num="204" count="0" type="stmt"/>
      <line num="212" count="1" type="cond" truecount="3" falsecount="1"/>
      <line num="213" count="0" type="stmt"/>
      <line num="216" count="1" type="stmt"/>
      <line num="217" count="1" type="stmt"/>
      <line num="224" count="14" type="stmt"/>
      <line num="225" count="14" type="cond" truecount="2" falsecount="0"/>
      <line num="226" count="14" type="cond" truecount="1" falsecount="1"/>
      <line num="228" count="14" type="stmt"/>
      <line num="229" count="14" type="cond" truecount="4" falsecount="0"/>
      <line num="230" count="11" type="stmt"/>
      <line num="232" count="11" type="cond" truecount="1" falsecount="1"/>
      <line num="233" count="0" type="stmt"/>
      <line num="235" count="11" type="stmt"/>
      <line num="240" count="14" type="stmt"/>
      <line num="243" count="14" type="stmt"/>
      <line num="244" count="3" type="stmt"/>
      <line num="245" count="3" type="stmt"/>
      <line num="249" count="14" type="stmt"/>
      <line num="250" count="14" type="stmt"/>
      <line num="251" count="14" type="stmt"/>
      <line num="253" count="14" type="stmt"/>
      <line num="262" count="14" type="stmt"/>
      <line num="270" count="0" type="stmt"/>
      <line num="271" count="0" type="stmt"/>
      <line num="272" count="0" type="cond" truecount="0" falsecount="4"/>
      <line num="273" count="0" type="stmt"/>
      <line num="274" count="0" type="stmt"/>
      <line num="275" count="0" type="cond" truecount="0" falsecount="2"/>
      <line num="276" count="0" type="stmt"/>
      <line num="277" count="0" type="stmt"/>
      <line num="281" count="0" type="stmt"/>
      <line num="283" count="0" type="stmt"/>
      <line num="291" count="0" type="stmt"/>
      <line num="299" count="0" type="stmt"/>
      <line num="300" count="0" type="stmt"/>
      <line num="301" count="0" type="cond" truecount="0" falsecount="4"/>
      <line num="302" count="0" type="stmt"/>
      <line num="303" count="0" type="stmt"/>
      <line num="304" count="0" type="stmt"/>
      <line num="305" count="0" type="cond" truecount="0" falsecount="2"/>
      <line num="306" count="0" type="stmt"/>
      <line num="307" count="0" type="stmt"/>
      <line num="311" count="0" type="stmt"/>
      <line num="313" count="0" type="stmt"/>
      <line num="326" count="0" type="stmt"/>
      <line num="328" count="0" type="stmt"/>
      <line num="335" count="3" type="stmt"/>
      <line num="336" count="3" type="stmt"/>
      <line num="338" count="3" type="stmt"/>
      <line num="339" count="3" type="cond" truecount="3" falsecount="1"/>
      <line num="340" count="3" type="stmt"/>
      <line num="341" count="3" type="stmt"/>
      <line num="342" count="0" type="cond" truecount="0" falsecount="2"/>
      <line num="343" count="0" type="stmt"/>
      <line num="344" count="0" type="stmt"/>
      <line num="348" count="3" type="stmt"/>
      <line num="350" count="3" type="stmt"/>
      <line num="358" count="3" type="cond" truecount="2" falsecount="0"/>
      <line num="366" count="1" type="cond" truecount="3" falsecount="1"/>
      <line num="367" count="0" type="stmt"/>
      <line num="379" count="56" type="cond" truecount="1" falsecount="1"/>
      <line num="380" count="56" type="stmt"/>
      <line num="382" count="56" type="stmt"/>
      <line num="389" count="17" type="stmt"/>
      <line num="391" count="17" type="cond" truecount="1" falsecount="1"/>
      <line num="392" count="0" type="stmt"/>
      <line num="395" count="17" type="cond" truecount="1" falsecount="1"/>
      <line num="396" count="17" type="stmt"/>
      <line num="397" count="17" type="cond" truecount="1" falsecount="1"/>
      <line num="398" count="17" type="stmt"/>
      <line num="400" count="17" type="cond" truecount="2" falsecount="0"/>
      <line num="401" count="14" type="stmt"/>
      <line num="406" count="0" type="stmt"/>
      <line num="407" count="0" type="cond" truecount="0" falsecount="2"/>
      <line num="408" count="0" type="stmt"/>
      <line num="411" count="0" type="stmt"/>
      <line num="419" count="110" type="stmt"/>
      <line num="422" count="110" type="stmt"/>
      <line num="425" count="110" type="cond" truecount="3" falsecount="0"/>
      <line num="429" count="110" type="cond" truecount="2" falsecount="0"/>
      <line num="430" count="17" type="stmt"/>
      <line num="431" count="17" type="stmt"/>
      <line num="432" count="17" type="stmt"/>
      <line num="434" count="0" type="stmt"/>
      <line num="440" count="110" type="cond" truecount="2" falsecount="2"/>
      <line num="441" count="0" type="stmt"/>
      <line num="442" count="0" type="cond" truecount="0" falsecount="2"/>
      <line num="443" count="0" type="stmt"/>
      <line num="444" count="0" type="stmt"/>
      <line num="445" count="0" type="stmt"/>
      <line num="447" count="0" type="stmt"/>
      <line num="458" count="3" type="cond" truecount="1" falsecount="1"/>
      <line num="459" count="3" type="stmt"/>
      <line num="461" count="3" type="stmt"/>
      <line num="468" count="0" type="stmt"/>
      <line num="470" count="0" type="cond" truecount="0" falsecount="2"/>
      <line num="471" count="0" type="stmt"/>
      <line num="474" count="0" type="cond" truecount="0" falsecount="2"/>
      <line num="475" count="0" type="stmt"/>
      <line num="476" count="0" type="cond" truecount="0" falsecount="2"/>
      <line num="477" count="0" type="stmt"/>
      <line num="480" count="0" type="stmt"/>
      <line num="488" count="0" type="stmt"/>
      <line num="489" count="0" type="stmt"/>
      <line num="490" count="0" type="stmt"/>
      <line num="492" count="0" type="stmt"/>
      <line num="499" count="150" type="cond" truecount="2" falsecount="0"/>
      <line num="501" count="150" type="stmt"/>
      <line num="502" count="12" type="stmt"/>
      <line num="503" count="12" type="stmt"/>
      <line num="505" count="0" type="stmt"/>
      <line num="514" count="2" type="stmt"/>
      <line num="525" count="1" type="cond" truecount="1" falsecount="1"/>
      <line num="526" count="0" type="stmt"/>
      <line num="532" count="0" type="stmt"/>
      <line num="534" count="0" type="stmt"/>
      <line num="537" count="0" type="stmt"/>
      <line num="540" count="0" type="stmt"/>
      <line num="541" count="0" type="stmt"/>
      <line num="547" count="1" type="stmt"/>
    </file>
    <file name="server.js" path="C:\Users\99236\.openclaw\workspace\skills\a2a-server\src\server.js">
      <metrics statements="228" coveredstatements="141" conditionals="121" coveredconditionals="56" methods="38" coveredmethods="28"/>
      <line num="15" count="1" type="stmt"/>
      <line num="16" count="1" type="stmt"/>
      <line num="20" count="24" type="stmt"/>
      <line num="32" count="24" type="stmt"/>
      <line num="35" count="24" type="stmt"/>
      <line num="38" count="24" type="stmt"/>
      <line num="45" count="24" type="stmt"/>
      <line num="47" count="24" type="stmt"/>
      <line num="51" count="338" type="cond" truecount="1" falsecount="1"/>
      <line num="52" count="0" type="stmt"/>
      <line num="60" count="24" type="stmt"/>
      <line num="61" count="24" type="stmt"/>
      <line num="62" count="24" type="stmt"/>
      <line num="67" count="24" type="stmt"/>
      <line num="68" count="24" type="stmt"/>
      <line num="69" count="24" type="stmt"/>
      <line num="72" count="24" type="stmt"/>
      <line num="73" count="39" type="stmt"/>
      <line num="76" count="24" type="stmt"/>
      <line num="77" count="0" type="stmt"/>
      <line num="78" count="0" type="stmt"/>
      <line num="82" count="24" type="stmt"/>
      <line num="84" count="0" type="stmt"/>
      <line num="93" count="47" type="stmt"/>
      <line num="95" count="47" type="cond" truecount="1" falsecount="1"/>
      <line num="96" count="47" type="stmt"/>
      <line num="100" count="47" type="stmt"/>
      <line num="101" count="37" type="stmt"/>
      <line num="104" count="47" type="stmt"/>
      <line num="105" count="47" type="stmt"/>
      <line num="108" count="47" type="stmt"/>
      <line num="109" count="47" type="stmt"/>
      <line num="110" count="47" type="stmt"/>
      <line num="119" count="39" type="stmt"/>
      <line num="120" count="39" type="stmt"/>
      <line num="122" count="39" type="stmt"/>
      <line num="125" count="39" type="stmt"/>
      <line num="126" count="0" type="cond" truecount="0" falsecount="2"/>
      <line num="127" count="0" type="stmt"/>
      <line num="128" count="0" type="stmt"/>
      <line num="132" count="39" type="stmt"/>
      <line num="133" count="69" type="stmt"/>
      <line num="134" count="69" type="stmt"/>
      <line num="135" count="68" type="stmt"/>
      <line num="138" count="68" type="cond" truecount="4" falsecount="0"/>
      <line num="139" count="39" type="stmt"/>
      <line num="142" count="1" type="stmt"/>
      <line num="143" count="1" type="stmt"/>
      <line num="150" count="39" type="stmt"/>
      <line num="151" count="39" type="cond" truecount="1" falsecount="1"/>
      <line num="152" count="0" type="stmt"/>
      <line num="153" count="0" type="stmt"/>
      <line num="155" count="39" type="stmt"/>
      <line num="159" count="39" type="stmt"/>
      <line num="160" count="0" type="stmt"/>
      <line num="164" count="39" type="stmt"/>
      <line num="176" count="68" type="stmt"/>
      <line num="178" count="68" type="cond" truecount="5" falsecount="4"/>
      <line num="180" count="39" type="stmt"/>
      <line num="181" count="39" type="stmt"/>
      <line num="184" count="0" type="stmt"/>
      <line num="185" count="0" type="stmt"/>
      <line num="188" count="14" type="stmt"/>
      <line num="189" count="14" type="stmt"/>
      <line num="192" count="11" type="stmt"/>
      <line num="193" count="11" type="stmt"/>
      <line num="196" count="0" type="stmt"/>
      <line num="197" count="0" type="stmt"/>
      <line num="200" count="0" type="stmt"/>
      <line num="201" count="0" type="stmt"/>
      <line num="204" count="3" type="stmt"/>
      <line num="205" count="3" type="stmt"/>
      <line num="208" count="0" type="stmt"/>
      <line num="209" count="0" type="stmt"/>
      <line num="212" count="1" type="stmt"/>
      <line num="213" count="1" type="stmt"/>
      <line num="224" count="39" type="stmt"/>
      <line num="226" count="39" type="cond" truecount="1" falsecount="1"/>
      <line num="227" count="0" type="stmt"/>
      <line num="231" count="0" type="stmt"/>
      <line num="235" count="39" type="cond" truecount="2" falsecount="0"/>
      <line num="236" count="1" type="stmt"/>
      <line num="237" count="1" type="stmt"/>
      <line num="241" count="39" type="stmt"/>
      <line num="250" count="39" type="stmt"/>
      <line num="251" count="39" type="stmt"/>
      <line num="253" count="39" type="cond" truecount="2" falsecount="0"/>
      <line num="256" count="39" type="stmt"/>
      <line num="264" count="39" type="stmt"/>
      <line num="271" count="0" type="stmt"/>
      <line num="273" count="0" type="cond" truecount="0" falsecount="4"/>
      <line num="274" count="0" type="stmt"/>
      <line num="275" count="0" type="stmt"/>
      <line num="287" count="1" type="stmt"/>
      <line num="288" count="1" type="cond" truecount="1" falsecount="1"/>
      <line num="289" count="1" type="stmt"/>
      <line num="290" count="1" type="stmt"/>
      <line num="291" count="1" type="stmt"/>
      <line num="299" count="14" type="stmt"/>
      <line num="301" count="14" type="cond" truecount="3" falsecount="1"/>
      <line num="302" count="0" type="stmt"/>
      <line num="307" count="0" type="stmt"/>
      <line num="310" count="14" type="stmt"/>
      <line num="312" count="14" type="cond" truecount="2" falsecount="0"/>
      <line num="314" count="3" type="stmt"/>
      <line num="315" count="3" type="stmt"/>
      <line num="321" count="3" type="stmt"/>
      <line num="325" count="11" type="stmt"/>
      <line num="326" count="11" type="stmt"/>
      <line num="335" count="11" type="cond" truecount="1" falsecount="1"/>
      <line num="342" count="11" type="stmt"/>
      <line num="344" count="11" type="cond" truecount="3" falsecount="1"/>
      <line num="345" count="0" type="stmt"/>
      <line num="346" count="0" type="stmt"/>
      <line num="349" count="11" type="stmt"/>
      <line num="351" count="11" type="cond" truecount="1" falsecount="1"/>
      <line num="352" count="0" type="stmt"/>
      <line num="353" count="0" type="stmt"/>
      <line num="357" count="11" type="stmt"/>
      <line num="358" count="11" type="stmt"/>
      <line num="367" count="11" type="stmt"/>
      <line num="374" count="0" type="stmt"/>
      <line num="376" count="0" type="cond" truecount="0" falsecount="4"/>
      <line num="377" count="0" type="stmt"/>
      <line num="381" count="0" type="stmt"/>
      <line num="385" count="0" type="stmt"/>
      <line num="386" count="0" type="stmt"/>
      <line num="388" count="0" type="stmt"/>
      <line num="389" count="0" type="cond" truecount="0" falsecount="2"/>
      <line num="390" count="0" type="stmt"/>
      <line num="397" count="0" type="stmt"/>
      <line num="401" count="0" type="stmt"/>
      <line num="403" count="0" type="stmt"/>
      <line num="415" count="0" type="stmt"/>
      <line num="417" count="0" type="cond" truecount="0" falsecount="4"/>
      <line num="418" count="0" type="stmt"/>
      <line num="422" count="0" type="stmt"/>
      <line num="425" count="0" type="stmt"/>
      <line num="427" count="0" type="cond" truecount="0" falsecount="2"/>
      <line num="428" count="0" type="stmt"/>
      <line num="432" count="0" type="stmt"/>
      <line num="435" count="0" type="cond" truecount="0" falsecount="2"/>
      <line num="436" count="0" type="stmt"/>
      <line num="439" count="0" type="cond" truecount="0" falsecount="2"/>
      <line num="440" count="0" type="stmt"/>
      <line num="443" count="0" type="stmt"/>
      <line num="445" count="0" type="stmt"/>
      <line num="457" count="3" type="stmt"/>
      <line num="459" count="3" type="stmt"/>
      <line num="461" count="3" type="stmt"/>
      <line num="463" count="9" type="cond" truecount="2" falsecount="0"/>
      <line num="464" count="6" type="stmt"/>
      <line num="465" count="5" type="cond" truecount="1" falsecount="1"/>
      <line num="466" count="5" type="stmt"/>
      <line num="468" count="0" type="stmt"/>
      <line num="471" count="6" type="cond" truecount="2" falsecount="0"/>
      <line num="472" count="4" type="stmt"/>
      <line num="477" count="5" type="cond" truecount="1" falsecount="1"/>
      <line num="478" count="0" type="stmt"/>
      <line num="479" count="0" type="stmt"/>
      <line num="482" count="0" type="cond" truecount="0" falsecount="2"/>
      <line num="483" count="0" type="stmt"/>
      <line num="487" count="5" type="stmt"/>
      <line num="495" count="3" type="stmt"/>
      <line num="503" count="3" type="stmt"/>
      <line num="510" count="0" type="stmt"/>
      <line num="512" count="0" type="cond" truecount="0" falsecount="4"/>
      <line num="513" count="0" type="stmt"/>
      <line num="514" count="0" type="stmt"/>
      <line num="516" count="0" type="stmt"/>
      <line num="528" count="24" type="stmt"/>
      <line num="529" count="9" type="stmt"/>
      <line num="530" count="9" type="stmt"/>
      <line num="532" count="9" type="stmt"/>
      <line num="533" count="3" type="cond" truecount="2" falsecount="0"/>
      <line num="534" count="1" type="stmt"/>
      <line num="535" count="1" type="stmt"/>
      <line num="536" count="1" type="stmt"/>
      <line num="541" count="24" type="stmt"/>
      <line num="548" count="3" type="cond" truecount="1" falsecount="1"/>
      <line num="549" count="3" type="stmt"/>
      <line num="552" count="3" type="stmt"/>
      <line num="553" count="3" type="stmt"/>
      <line num="559" count="3" type="cond" truecount="1" falsecount="1"/>
      <line num="560" count="0" type="stmt"/>
      <line num="563" count="3" type="stmt"/>
      <line num="570" count="39" type="stmt"/>
      <line num="572" count="39" type="cond" truecount="2" falsecount="2"/>
      <line num="573" count="39" type="stmt"/>
      <line num="576" count="0" type="stmt"/>
      <line num="577" count="0" type="cond" truecount="0" falsecount="2"/>
      <line num="578" count="0" type="stmt"/>
      <line num="581" count="0" type="stmt"/>
      <line num="583" count="0" type="stmt"/>
      <line num="584" count="0" type="stmt"/>
      <line num="585" count="0" type="stmt"/>
      <line num="587" count="0" type="stmt"/>
      <line num="591" count="0" type="stmt"/>
      <line num="598" count="1" type="stmt"/>
      <line num="609" count="9" type="stmt"/>
      <line num="611" count="9" type="stmt"/>
      <line num="612" count="18" type="stmt"/>
      <line num="621" count="9" type="stmt"/>
      <line num="628" count="1" type="stmt"/>
      <line num="630" count="1" type="stmt"/>
      <line num="631" count="2" type="cond" truecount="1" falsecount="1"/>
      <line num="632" count="0" type="stmt"/>
      <line num="635" count="2" type="stmt"/>
      <line num="636" count="2" type="stmt"/>
      <line num="641" count="2" type="stmt"/>
      <line num="643" count="0" type="stmt"/>
      <line num="647" count="1" type="stmt"/>
      <line num="648" count="1" type="stmt"/>
      <line num="655" count="1" type="stmt"/>
      <line num="656" count="1" type="cond" truecount="1" falsecount="1"/>
      <line num="657" count="0" type="stmt"/>
      <line num="660" count="1" type="stmt"/>
      <line num="673" count="2" type="stmt"/>
      <line num="678" count="1" type="cond" truecount="1" falsecount="1"/>
      <line num="679" count="0" type="stmt"/>
      <line num="685" count="0" type="stmt"/>
      <line num="688" count="0" type="stmt"/>
      <line num="689" count="0" type="stmt"/>
      <line num="690" count="0" type="stmt"/>
      <line num="693" count="0" type="stmt"/>
      <line num="694" count="0" type="stmt"/>
      <line num="695" count="0" type="stmt"/>
      <line num="700" count="1" type="stmt"/>
    </file>
  </project>
</coverage>
