{"C:\\Users\\99236\\.openclaw\\workspace\\skills\\a2a-server\\src\\client.js": {"path":"C:\\Users\\99236\\.openclaw\\workspace\\skills\\a2a-server\\src\\client.js","statementMap":{"0":{"start":{"line":15,"column":18},"end":{"line":15,"column":31}},"1":{"start":{"line":16,"column":23},"end":{"line":16,"column":38}},"2":{"start":{"line":20,"column":4},"end":{"line":32,"column":6}},"3":{"start":{"line":34,"column":4},"end":{"line":34,"column":31}},"4":{"start":{"line":35,"column":4},"end":{"line":35,"column":19}},"5":{"start":{"line":36,"column":4},"end":{"line":36,"column":27}},"6":{"start":{"line":37,"column":4},"end":{"line":37,"column":28}},"7":{"start":{"line":40,"column":4},"end":{"line":40,"column":38}},"8":{"start":{"line":43,"column":4},"end":{"line":43,"column":37}},"9":{"start":{"line":46,"column":4},"end":{"line":46,"column":36}},"10":{"start":{"line":49,"column":4},"end":{"line":49,"column":31}},"11":{"start":{"line":51,"column":4},"end":{"line":51,"column":58}},"12":{"start":{"line":55,"column":4},"end":{"line":57,"column":5}},"13":{"start":{"line":56,"column":6},"end":{"line":56,"column":60}},"14":{"start":{"line":64,"column":4},"end":{"line":103,"column":7}},"15":{"start":{"line":65,"column":6},"end":{"line":102,"column":7}},"16":{"start":{"line":66,"column":8},"end":{"line":66,"column":48}},"17":{"start":{"line":68,"column":8},"end":{"line":76,"column":11}},"18":{"start":{"line":69,"column":10},"end":{"line":69,"column":28}},"19":{"start":{"line":70,"column":10},"end":{"line":70,"column":32}},"20":{"start":{"line":71,"column":10},"end":{"line":71,"column":37}},"21":{"start":{"line":74,"column":10},"end":{"line":74,"column":26}},"22":{"start":{"line":75,"column":10},"end":{"line":75,"column":20}},"23":{"start":{"line":78,"column":8},"end":{"line":85,"column":11}},"24":{"start":{"line":79,"column":10},"end":{"line":84,"column":11}},"25":{"start":{"line":80,"column":28},"end":{"line":80,"column":55}},"26":{"start":{"line":81,"column":12},"end":{"line":81,"column":40}},"27":{"start":{"line":83,"column":12},"end":{"line":83,"column":49}},"28":{"start":{"line":87,"column":8},"end":{"line":94,"column":11}},"29":{"start":{"line":88,"column":10},"end":{"line":88,"column":30}},"30":{"start":{"line":89,"column":10},"end":{"line":89,"column":33}},"31":{"start":{"line":90,"column":10},"end":{"line":90,"column":34}},"32":{"start":{"line":93,"column":10},"end":{"line":93,"column":27}},"33":{"start":{"line":96,"column":8},"end":{"line":99,"column":11}},"34":{"start":{"line":97,"column":10},"end":{"line":97,"column":45}},"35":{"start":{"line":98,"column":10},"end":{"line":98,"column":24}},"36":{"start":{"line":101,"column":8},"end":{"line":101,"column":22}},"37":{"start":{"line":110,"column":4},"end":{"line":121,"column":7}},"38":{"start":{"line":111,"column":6},"end":{"line":113,"column":7}},"39":{"start":{"line":112,"column":8},"end":{"line":112,"column":52}},"40":{"start":{"line":115,"column":6},"end":{"line":115,"column":21}},"41":{"start":{"line":116,"column":6},"end":{"line":116,"column":29}},"42":{"start":{"line":117,"column":6},"end":{"line":117,"column":30}},"43":{"start":{"line":119,"column":6},"end":{"line":119,"column":25}},"44":{"start":{"line":120,"column":6},"end":{"line":120,"column":16}},"45":{"start":{"line":128,"column":4},"end":{"line":132,"column":5}},"46":{"start":{"line":129,"column":6},"end":{"line":129,"column":63}},"47":{"start":{"line":130,"column":6},"end":{"line":130,"column":41}},"48":{"start":{"line":131,"column":6},"end":{"line":131,"column":13}},"49":{"start":{"line":134,"column":4},"end":{"line":134,"column":29}},"50":{"start":{"line":135,"column":18},"end":{"line":135,"column":70}},"51":{"start":{"line":137,"column":4},"end":{"line":137,"column":104}},"52":{"start":{"line":138,"column":4},"end":{"line":138,"column":74}},"53":{"start":{"line":140,"column":4},"end":{"line":140,"column":61}},"54":{"start":{"line":140,"column":33},"end":{"line":140,"column":59}},"55":{"start":{"line":142,"column":4},"end":{"line":148,"column":5}},"56":{"start":{"line":143,"column":6},"end":{"line":143,"column":27}},"57":{"start":{"line":144,"column":6},"end":{"line":144,"column":25}},"58":{"start":{"line":145,"column":6},"end":{"line":145,"column":31}},"59":{"start":{"line":147,"column":6},"end":{"line":147,"column":41}},"60":{"start":{"line":155,"column":4},"end":{"line":184,"column":7}},"61":{"start":{"line":156,"column":6},"end":{"line":159,"column":7}},"62":{"start":{"line":157,"column":8},"end":{"line":157,"column":43}},"63":{"start":{"line":158,"column":8},"end":{"line":158,"column":15}},"64":{"start":{"line":161,"column":22},"end":{"line":172,"column":7}},"65":{"start":{"line":162,"column":8},"end":{"line":171,"column":9}},"66":{"start":{"line":163,"column":10},"end":{"line":163,"column":63}},"67":{"start":{"line":164,"column":10},"end":{"line":164,"column":33}},"68":{"start":{"line":165,"column":10},"end":{"line":165,"column":59}},"69":{"start":{"line":166,"column":10},"end":{"line":166,"column":69}},"70":{"start":{"line":167,"column":10},"end":{"line":167,"column":27}},"71":{"start":{"line":168,"column":15},"end":{"line":171,"column":9}},"72":{"start":{"line":169,"column":10},"end":{"line":169,"column":63}},"73":{"start":{"line":170,"column":10},"end":{"line":170,"column":43}},"74":{"start":{"line":174,"column":6},"end":{"line":174,"column":57}},"75":{"start":{"line":176,"column":6},"end":{"line":181,"column":10}},"76":{"start":{"line":183,"column":6},"end":{"line":183,"column":55}},"77":{"start":{"line":191,"column":4},"end":{"line":205,"column":7}},"78":{"start":{"line":192,"column":6},"end":{"line":195,"column":7}},"79":{"start":{"line":193,"column":8},"end":{"line":193,"column":18}},"80":{"start":{"line":194,"column":8},"end":{"line":194,"column":15}},"81":{"start":{"line":197,"column":6},"end":{"line":200,"column":10}},"82":{"start":{"line":202,"column":6},"end":{"line":202,"column":30}},"83":{"start":{"line":203,"column":6},"end":{"line":203,"column":55}},"84":{"start":{"line":204,"column":6},"end":{"line":204,"column":16}},"85":{"start":{"line":212,"column":4},"end":{"line":214,"column":5}},"86":{"start":{"line":213,"column":6},"end":{"line":213,"column":39}},"87":{"start":{"line":216,"column":4},"end":{"line":216,"column":42}},"88":{"start":{"line":217,"column":4},"end":{"line":217,"column":39}},"89":{"start":{"line":224,"column":4},"end":{"line":263,"column":7}},"90":{"start":{"line":225,"column":28},"end":{"line":225,"column":61}},"91":{"start":{"line":226,"column":22},"end":{"line":226,"column":65}},"92":{"start":{"line":228,"column":22},"end":{"line":238,"column":7}},"93":{"start":{"line":229,"column":8},"end":{"line":237,"column":9}},"94":{"start":{"line":230,"column":10},"end":{"line":230,"column":57}},"95":{"start":{"line":232,"column":10},"end":{"line":236,"column":11}},"96":{"start":{"line":233,"column":12},"end":{"line":233,"column":45}},"97":{"start":{"line":235,"column":12},"end":{"line":235,"column":37}},"98":{"start":{"line":240,"column":6},"end":{"line":240,"column":51}},"99":{"start":{"line":243,"column":24},"end":{"line":246,"column":17}},"100":{"start":{"line":244,"column":8},"end":{"line":244,"column":55}},"101":{"start":{"line":245,"column":8},"end":{"line":245,"column":57}},"102":{"start":{"line":249,"column":30},"end":{"line":249,"column":37}},"103":{"start":{"line":250,"column":6},"end":{"line":250,"column":38}},"104":{"start":{"line":251,"column":6},"end":{"line":251,"column":50}},"105":{"start":{"line":253,"column":6},"end":{"line":260,"column":10}},"106":{"start":{"line":262,"column":6},"end":{"line":262,"column":59}},"107":{"start":{"line":270,"column":4},"end":{"line":292,"column":7}},"108":{"start":{"line":271,"column":22},"end":{"line":279,"column":7}},"109":{"start":{"line":272,"column":8},"end":{"line":278,"column":9}},"110":{"start":{"line":273,"column":10},"end":{"line":273,"column":64}},"111":{"start":{"line":274,"column":10},"end":{"line":274,"column":27}},"112":{"start":{"line":275,"column":15},"end":{"line":278,"column":9}},"113":{"start":{"line":276,"column":10},"end":{"line":276,"column":64}},"114":{"start":{"line":277,"column":10},"end":{"line":277,"column":43}},"115":{"start":{"line":281,"column":6},"end":{"line":281,"column":58}},"116":{"start":{"line":283,"column":6},"end":{"line":289,"column":10}},"117":{"start":{"line":291,"column":6},"end":{"line":291,"column":36}},"118":{"start":{"line":299,"column":4},"end":{"line":319,"column":7}},"119":{"start":{"line":300,"column":22},"end":{"line":309,"column":7}},"120":{"start":{"line":301,"column":8},"end":{"line":308,"column":9}},"121":{"start":{"line":302,"column":10},"end":{"line":302,"column":66}},"122":{"start":{"line":303,"column":10},"end":{"line":303,"column":40}},"123":{"start":{"line":304,"column":10},"end":{"line":304,"column":27}},"124":{"start":{"line":305,"column":15},"end":{"line":308,"column":9}},"125":{"start":{"line":306,"column":10},"end":{"line":306,"column":66}},"126":{"start":{"line":307,"column":10},"end":{"line":307,"column":43}},"127":{"start":{"line":311,"column":6},"end":{"line":311,"column":60}},"128":{"start":{"line":313,"column":6},"end":{"line":318,"column":10}},"129":{"start":{"line":326,"column":4},"end":{"line":326,"column":35}},"130":{"start":{"line":328,"column":4},"end":{"line":328,"column":41}},"131":{"start":{"line":335,"column":4},"end":{"line":359,"column":7}},"132":{"start":{"line":336,"column":28},"end":{"line":336,"column":36}},"133":{"start":{"line":338,"column":22},"end":{"line":346,"column":7}},"134":{"start":{"line":339,"column":8},"end":{"line":345,"column":9}},"135":{"start":{"line":340,"column":10},"end":{"line":340,"column":57}},"136":{"start":{"line":341,"column":10},"end":{"line":341,"column":35}},"137":{"start":{"line":342,"column":15},"end":{"line":345,"column":9}},"138":{"start":{"line":343,"column":10},"end":{"line":343,"column":57}},"139":{"start":{"line":344,"column":10},"end":{"line":344,"column":43}},"140":{"start":{"line":348,"column":6},"end":{"line":348,"column":51}},"141":{"start":{"line":350,"column":6},"end":{"line":356,"column":10}},"142":{"start":{"line":358,"column":6},"end":{"line":358,"column":57}},"143":{"start":{"line":366,"column":4},"end":{"line":372,"column":5}},"144":{"start":{"line":367,"column":6},"end":{"line":371,"column":10}},"145":{"start":{"line":379,"column":4},"end":{"line":381,"column":5}},"146":{"start":{"line":380,"column":6},"end":{"line":380,"column":41}},"147":{"start":{"line":382,"column":4},"end":{"line":382,"column":49}},"148":{"start":{"line":389,"column":21},"end":{"line":389,"column":51}},"149":{"start":{"line":391,"column":4},"end":{"line":393,"column":5}},"150":{"start":{"line":392,"column":6},"end":{"line":392,"column":13}},"151":{"start":{"line":395,"column":4},"end":{"line":412,"column":5}},"152":{"start":{"line":396,"column":20},"end":{"line":396,"column":45}},"153":{"start":{"line":397,"column":6},"end":{"line":403,"column":7}},"154":{"start":{"line":398,"column":8},"end":{"line":398,"column":34}},"155":{"start":{"line":400,"column":8},"end":{"line":402,"column":9}},"156":{"start":{"line":401,"column":10},"end":{"line":401,"column":44}},"157":{"start":{"line":406,"column":6},"end":{"line":410,"column":9}},"158":{"start":{"line":407,"column":8},"end":{"line":409,"column":9}},"159":{"start":{"line":408,"column":10},"end":{"line":408,"column":38}},"160":{"start":{"line":411,"column":6},"end":{"line":411,"column":40}},"161":{"start":{"line":419,"column":4},"end":{"line":419,"column":39}},"162":{"start":{"line":422,"column":4},"end":{"line":422,"column":37}},"163":{"start":{"line":425,"column":21},"end":{"line":427,"column":63}},"164":{"start":{"line":429,"column":4},"end":{"line":437,"column":5}},"165":{"start":{"line":430,"column":6},"end":{"line":436,"column":7}},"166":{"start":{"line":431,"column":8},"end":{"line":435,"column":9}},"167":{"start":{"line":432,"column":10},"end":{"line":432,"column":27}},"168":{"start":{"line":434,"column":10},"end":{"line":434,"column":51}},"169":{"start":{"line":440,"column":4},"end":{"line":451,"column":5}},"170":{"start":{"line":441,"column":30},"end":{"line":441,"column":71}},"171":{"start":{"line":442,"column":6},"end":{"line":450,"column":7}},"172":{"start":{"line":443,"column":8},"end":{"line":449,"column":9}},"173":{"start":{"line":444,"column":10},"end":{"line":448,"column":11}},"174":{"start":{"line":445,"column":12},"end":{"line":445,"column":51}},"175":{"start":{"line":447,"column":12},"end":{"line":447,"column":61}},"176":{"start":{"line":458,"column":4},"end":{"line":460,"column":5}},"177":{"start":{"line":459,"column":6},"end":{"line":459,"column":41}},"178":{"start":{"line":461,"column":4},"end":{"line":461,"column":50}},"179":{"start":{"line":468,"column":22},"end":{"line":468,"column":52}},"180":{"start":{"line":470,"column":4},"end":{"line":472,"column":5}},"181":{"start":{"line":471,"column":6},"end":{"line":471,"column":13}},"182":{"start":{"line":474,"column":4},"end":{"line":481,"column":5}},"183":{"start":{"line":475,"column":20},"end":{"line":475,"column":47}},"184":{"start":{"line":476,"column":6},"end":{"line":478,"column":7}},"185":{"start":{"line":477,"column":8},"end":{"line":477,"column":35}},"186":{"start":{"line":480,"column":6},"end":{"line":480,"column":40}},"187":{"start":{"line":488,"column":20},"end":{"line":491,"column":5}},"188":{"start":{"line":489,"column":6},"end":{"line":489,"column":21}},"189":{"start":{"line":490,"column":6},"end":{"line":490,"column":31}},"190":{"start":{"line":492,"column":4},"end":{"line":492,"column":28}},"191":{"start":{"line":499,"column":22},"end":{"line":499,"column":58}},"192":{"start":{"line":501,"column":4},"end":{"line":507,"column":5}},"193":{"start":{"line":502,"column":6},"end":{"line":506,"column":7}},"194":{"start":{"line":503,"column":8},"end":{"line":503,"column":23}},"195":{"start":{"line":505,"column":8},"end":{"line":505,"column":56}},"196":{"start":{"line":514,"column":4},"end":{"line":520,"column":6}},"197":{"start":{"line":525,"column":0},"end":{"line":544,"column":1}},"198":{"start":{"line":526,"column":17},"end":{"line":530,"column":4}},"199":{"start":{"line":532,"column":2},"end":{"line":543,"column":26}},"200":{"start":{"line":534,"column":6},"end":{"line":534,"column":28}},"201":{"start":{"line":537,"column":6},"end":{"line":537,"column":60}},"202":{"start":{"line":540,"column":6},"end":{"line":540,"column":37}},"203":{"start":{"line":541,"column":6},"end":{"line":541,"column":33}},"204":{"start":{"line":547,"column":0},"end":{"line":547,"column":31}}},"fnMap":{"0":{"name":"(anonymous_0)","decl":{"start":{"line":19,"column":2},"end":{"line":19,"column":3}},"loc":{"start":{"line":19,"column":39},"end":{"line":52,"column":3}},"line":19},"1":{"name":"(anonymous_1)","decl":{"start":{"line":54,"column":2},"end":{"line":54,"column":3}},"loc":{"start":{"line":54,"column":15},"end":{"line":58,"column":3}},"line":54},"2":{"name":"(anonymous_2)","decl":{"start":{"line":63,"column":2},"end":{"line":63,"column":3}},"loc":{"start":{"line":63,"column":12},"end":{"line":104,"column":3}},"line":63},"3":{"name":"(anonymous_3)","decl":{"start":{"line":64,"column":23},"end":{"line":64,"column":24}},"loc":{"start":{"line":64,"column":44},"end":{"line":103,"column":5}},"line":64},"4":{"name":"(anonymous_4)","decl":{"start":{"line":68,"column":27},"end":{"line":68,"column":28}},"loc":{"start":{"line":68,"column":33},"end":{"line":76,"column":9}},"line":68},"5":{"name":"(anonymous_5)","decl":{"start":{"line":78,"column":30},"end":{"line":78,"column":31}},"loc":{"start":{"line":78,"column":40},"end":{"line":85,"column":9}},"line":78},"6":{"name":"(anonymous_6)","decl":{"start":{"line":87,"column":28},"end":{"line":87,"column":29}},"loc":{"start":{"line":87,"column":34},"end":{"line":94,"column":9}},"line":87},"7":{"name":"(anonymous_7)","decl":{"start":{"line":96,"column":28},"end":{"line":96,"column":29}},"loc":{"start":{"line":96,"column":39},"end":{"line":99,"column":9}},"line":96},"8":{"name":"(anonymous_8)","decl":{"start":{"line":109,"column":2},"end":{"line":109,"column":3}},"loc":{"start":{"line":109,"column":15},"end":{"line":122,"column":3}},"line":109},"9":{"name":"(anonymous_9)","decl":{"start":{"line":110,"column":23},"end":{"line":110,"column":24}},"loc":{"start":{"line":110,"column":36},"end":{"line":121,"column":5}},"line":110},"10":{"name":"(anonymous_10)","decl":{"start":{"line":127,"column":2},"end":{"line":127,"column":3}},"loc":{"start":{"line":127,"column":20},"end":{"line":149,"column":3}},"line":127},"11":{"name":"(anonymous_11)","decl":{"start":{"line":140,"column":22},"end":{"line":140,"column":23}},"loc":{"start":{"line":140,"column":33},"end":{"line":140,"column":59}},"line":140},"12":{"name":"(anonymous_12)","decl":{"start":{"line":154,"column":2},"end":{"line":154,"column":3}},"loc":{"start":{"line":154,"column":13},"end":{"line":185,"column":3}},"line":154},"13":{"name":"(anonymous_13)","decl":{"start":{"line":155,"column":23},"end":{"line":155,"column":24}},"loc":{"start":{"line":155,"column":44},"end":{"line":184,"column":5}},"line":155},"14":{"name":"(anonymous_14)","decl":{"start":{"line":161,"column":22},"end":{"line":161,"column":23}},"loc":{"start":{"line":161,"column":35},"end":{"line":172,"column":7}},"line":161},"15":{"name":"(anonymous_15)","decl":{"start":{"line":190,"column":2},"end":{"line":190,"column":3}},"loc":{"start":{"line":190,"column":15},"end":{"line":206,"column":3}},"line":190},"16":{"name":"(anonymous_16)","decl":{"start":{"line":191,"column":23},"end":{"line":191,"column":24}},"loc":{"start":{"line":191,"column":36},"end":{"line":205,"column":5}},"line":191},"17":{"name":"(anonymous_17)","decl":{"start":{"line":211,"column":2},"end":{"line":211,"column":3}},"loc":{"start":{"line":211,"column":16},"end":{"line":218,"column":3}},"line":211},"18":{"name":"(anonymous_18)","decl":{"start":{"line":223,"column":2},"end":{"line":223,"column":3}},"loc":{"start":{"line":223,"column":45},"end":{"line":264,"column":3}},"line":223},"19":{"name":"(anonymous_19)","decl":{"start":{"line":224,"column":23},"end":{"line":224,"column":24}},"loc":{"start":{"line":224,"column":44},"end":{"line":263,"column":5}},"line":224},"20":{"name":"(anonymous_20)","decl":{"start":{"line":228,"column":22},"end":{"line":228,"column":23}},"loc":{"start":{"line":228,"column":35},"end":{"line":238,"column":7}},"line":228},"21":{"name":"(anonymous_21)","decl":{"start":{"line":243,"column":35},"end":{"line":243,"column":36}},"loc":{"start":{"line":243,"column":41},"end":{"line":246,"column":7}},"line":243},"22":{"name":"(anonymous_22)","decl":{"start":{"line":269,"column":2},"end":{"line":269,"column":3}},"loc":{"start":{"line":269,"column":28},"end":{"line":293,"column":3}},"line":269},"23":{"name":"(anonymous_23)","decl":{"start":{"line":270,"column":23},"end":{"line":270,"column":24}},"loc":{"start":{"line":270,"column":44},"end":{"line":292,"column":5}},"line":270},"24":{"name":"(anonymous_24)","decl":{"start":{"line":271,"column":22},"end":{"line":271,"column":23}},"loc":{"start":{"line":271,"column":35},"end":{"line":279,"column":7}},"line":271},"25":{"name":"(anonymous_25)","decl":{"start":{"line":298,"column":2},"end":{"line":298,"column":3}},"loc":{"start":{"line":298,"column":21},"end":{"line":320,"column":3}},"line":298},"26":{"name":"(anonymous_26)","decl":{"start":{"line":299,"column":23},"end":{"line":299,"column":24}},"loc":{"start":{"line":299,"column":44},"end":{"line":319,"column":5}},"line":299},"27":{"name":"(anonymous_27)","decl":{"start":{"line":300,"column":22},"end":{"line":300,"column":23}},"loc":{"start":{"line":300,"column":35},"end":{"line":309,"column":7}},"line":300},"28":{"name":"(anonymous_28)","decl":{"start":{"line":325,"column":2},"end":{"line":325,"column":3}},"loc":{"start":{"line":325,"column":23},"end":{"line":329,"column":3}},"line":325},"29":{"name":"(anonymous_29)","decl":{"start":{"line":334,"column":2},"end":{"line":334,"column":3}},"loc":{"start":{"line":334,"column":25},"end":{"line":360,"column":3}},"line":334},"30":{"name":"(anonymous_30)","decl":{"start":{"line":335,"column":23},"end":{"line":335,"column":24}},"loc":{"start":{"line":335,"column":44},"end":{"line":359,"column":5}},"line":335},"31":{"name":"(anonymous_31)","decl":{"start":{"line":338,"column":22},"end":{"line":338,"column":23}},"loc":{"start":{"line":338,"column":35},"end":{"line":346,"column":7}},"line":338},"32":{"name":"(anonymous_32)","decl":{"start":{"line":365,"column":2},"end":{"line":365,"column":3}},"loc":{"start":{"line":365,"column":14},"end":{"line":373,"column":3}},"line":365},"33":{"name":"(anonymous_33)","decl":{"start":{"line":378,"column":2},"end":{"line":378,"column":3}},"loc":{"start":{"line":378,"column":32},"end":{"line":383,"column":3}},"line":378},"34":{"name":"(anonymous_34)","decl":{"start":{"line":388,"column":2},"end":{"line":388,"column":3}},"loc":{"start":{"line":388,"column":34},"end":{"line":413,"column":3}},"line":388},"35":{"name":"(anonymous_35)","decl":{"start":{"line":406,"column":23},"end":{"line":406,"column":24}},"loc":{"start":{"line":406,"column":28},"end":{"line":410,"column":7}},"line":406},"36":{"name":"(anonymous_36)","decl":{"start":{"line":418,"column":2},"end":{"line":418,"column":3}},"loc":{"start":{"line":418,"column":25},"end":{"line":452,"column":3}},"line":418},"37":{"name":"(anonymous_37)","decl":{"start":{"line":457,"column":2},"end":{"line":457,"column":3}},"loc":{"start":{"line":457,"column":22},"end":{"line":462,"column":3}},"line":457},"38":{"name":"(anonymous_38)","decl":{"start":{"line":467,"column":2},"end":{"line":467,"column":3}},"loc":{"start":{"line":467,"column":23},"end":{"line":482,"column":3}},"line":467},"39":{"name":"(anonymous_39)","decl":{"start":{"line":487,"column":2},"end":{"line":487,"column":3}},"loc":{"start":{"line":487,"column":24},"end":{"line":493,"column":3}},"line":487},"40":{"name":"(anonymous_40)","decl":{"start":{"line":488,"column":20},"end":{"line":488,"column":21}},"loc":{"start":{"line":488,"column":30},"end":{"line":491,"column":5}},"line":488},"41":{"name":"(anonymous_41)","decl":{"start":{"line":498,"column":2},"end":{"line":498,"column":3}},"loc":{"start":{"line":498,"column":20},"end":{"line":508,"column":3}},"line":498},"42":{"name":"(anonymous_42)","decl":{"start":{"line":513,"column":2},"end":{"line":513,"column":3}},"loc":{"start":{"line":513,"column":14},"end":{"line":521,"column":3}},"line":513},"43":{"name":"(anonymous_43)","decl":{"start":{"line":533,"column":10},"end":{"line":533,"column":11}},"loc":{"start":{"line":533,"column":16},"end":{"line":538,"column":5}},"line":533},"44":{"name":"(anonymous_44)","decl":{"start":{"line":539,"column":10},"end":{"line":539,"column":11}},"loc":{"start":{"line":539,"column":20},"end":{"line":542,"column":5}},"line":539}},"branchMap":{"0":{"loc":{"start":{"line":19,"column":25},"end":{"line":19,"column":37}},"type":"default-arg","locations":[{"start":{"line":19,"column":35},"end":{"line":19,"column":37}}],"line":19},"1":{"loc":{"start":{"line":22,"column":15},"end":{"line":22,"column":66}},"type":"binary-expr","locations":[{"start":{"line":22,"column":15},"end":{"line":22,"column":30}},{"start":{"line":22,"column":34},"end":{"line":22,"column":66}}],"line":22},"2":{"loc":{"start":{"line":23,"column":20},"end":{"line":23,"column":46}},"type":"binary-expr","locations":[{"start":{"line":23,"column":20},"end":{"line":23,"column":40}},{"start":{"line":23,"column":44},"end":{"line":23,"column":46}}],"line":23},"3":{"loc":{"start":{"line":24,"column":16},"end":{"line":24,"column":38}},"type":"binary-expr","locations":[{"start":{"line":24,"column":16},"end":{"line":24,"column":32}},{"start":{"line":24,"column":36},"end":{"line":24,"column":38}}],"line":24},"4":{"loc":{"start":{"line":26,"column":28},"end":{"line":26,"column":62}},"type":"binary-expr","locations":[{"start":{"line":26,"column":28},"end":{"line":26,"column":56}},{"start":{"line":26,"column":60},"end":{"line":26,"column":62}}],"line":26},"5":{"loc":{"start":{"line":27,"column":22},"end":{"line":27,"column":52}},"type":"binary-expr","locations":[{"start":{"line":27,"column":22},"end":{"line":27,"column":44}},{"start":{"line":27,"column":48},"end":{"line":27,"column":52}}],"line":27},"6":{"loc":{"start":{"line":29,"column":19},"end":{"line":29,"column":47}},"type":"binary-expr","locations":[{"start":{"line":29,"column":19},"end":{"line":29,"column":38}},{"start":{"line":29,"column":42},"end":{"line":29,"column":47}}],"line":29},"7":{"loc":{"start":{"line":31,"column":15},"end":{"line":31,"column":39}},"type":"binary-expr","locations":[{"start":{"line":31,"column":15},"end":{"line":31,"column":30}},{"start":{"line":31,"column":34},"end":{"line":31,"column":39}}],"line":31},"8":{"loc":{"start":{"line":55,"column":4},"end":{"line":57,"column":5}},"type":"if","locations":[{"start":{"line":55,"column":4},"end":{"line":57,"column":5}},{"start":{},"end":{}}],"line":55},"9":{"loc":{"start":{"line":111,"column":6},"end":{"line":113,"column":7}},"type":"if","locations":[{"start":{"line":111,"column":6},"end":{"line":113,"column":7}},{"start":{},"end":{}}],"line":111},"10":{"loc":{"start":{"line":128,"column":4},"end":{"line":132,"column":5}},"type":"if","locations":[{"start":{"line":128,"column":4},"end":{"line":132,"column":5}},{"start":{},"end":{}}],"line":128},"11":{"loc":{"start":{"line":156,"column":6},"end":{"line":159,"column":7}},"type":"if","locations":[{"start":{"line":156,"column":6},"end":{"line":159,"column":7}},{"start":{},"end":{}}],"line":156},"12":{"loc":{"start":{"line":162,"column":8},"end":{"line":171,"column":9}},"type":"if","locations":[{"start":{"line":162,"column":8},"end":{"line":171,"column":9}},{"start":{"line":168,"column":15},"end":{"line":171,"column":9}}],"line":162},"13":{"loc":{"start":{"line":162,"column":12},"end":{"line":162,"column":85}},"type":"binary-expr","locations":[{"start":{"line":162,"column":12},"end":{"line":162,"column":41}},{"start":{"line":162,"column":45},"end":{"line":162,"column":85}}],"line":162},"14":{"loc":{"start":{"line":168,"column":15},"end":{"line":171,"column":9}},"type":"if","locations":[{"start":{"line":168,"column":15},"end":{"line":171,"column":9}},{"start":{},"end":{}}],"line":168},"15":{"loc":{"start":{"line":192,"column":6},"end":{"line":195,"column":7}},"type":"if","locations":[{"start":{"line":192,"column":6},"end":{"line":195,"column":7}},{"start":{},"end":{}}],"line":192},"16":{"loc":{"start":{"line":212,"column":4},"end":{"line":214,"column":5}},"type":"if","locations":[{"start":{"line":212,"column":4},"end":{"line":214,"column":5}},{"start":{},"end":{}}],"line":212},"17":{"loc":{"start":{"line":212,"column":8},"end":{"line":212,"column":35}},"type":"binary-expr","locations":[{"start":{"line":212,"column":8},"end":{"line":212,"column":16}},{"start":{"line":212,"column":20},"end":{"line":212,"column":35}}],"line":212},"18":{"loc":{"start":{"line":223,"column":31},"end":{"line":223,"column":43}},"type":"default-arg","locations":[{"start":{"line":223,"column":41},"end":{"line":223,"column":43}}],"line":223},"19":{"loc":{"start":{"line":225,"column":28},"end":{"line":225,"column":61}},"type":"binary-expr","locations":[{"start":{"line":225,"column":28},"end":{"line":225,"column":49}},{"start":{"line":225,"column":53},"end":{"line":225,"column":61}}],"line":225},"20":{"loc":{"start":{"line":226,"column":22},"end":{"line":226,"column":65}},"type":"binary-expr","locations":[{"start":{"line":226,"column":22},"end":{"line":226,"column":37}},{"start":{"line":226,"column":41},"end":{"line":226,"column":65}}],"line":226},"21":{"loc":{"start":{"line":229,"column":8},"end":{"line":237,"column":9}},"type":"if","locations":[{"start":{"line":229,"column":8},"end":{"line":237,"column":9}},{"start":{},"end":{}}],"line":229},"22":{"loc":{"start":{"line":229,"column":12},"end":{"line":229,"column":82}},"type":"binary-expr","locations":[{"start":{"line":229,"column":12},"end":{"line":229,"column":39}},{"start":{"line":229,"column":43},"end":{"line":229,"column":82}}],"line":229},"23":{"loc":{"start":{"line":232,"column":10},"end":{"line":236,"column":11}},"type":"if","locations":[{"start":{"line":232,"column":10},"end":{"line":236,"column":11}},{"start":{"line":234,"column":17},"end":{"line":236,"column":11}}],"line":232},"24":{"loc":{"start":{"line":272,"column":8},"end":{"line":278,"column":9}},"type":"if","locations":[{"start":{"line":272,"column":8},"end":{"line":278,"column":9}},{"start":{"line":275,"column":15},"end":{"line":278,"column":9}}],"line":272},"25":{"loc":{"start":{"line":272,"column":12},"end":{"line":272,"column":71}},"type":"binary-expr","locations":[{"start":{"line":272,"column":12},"end":{"line":272,"column":40}},{"start":{"line":272,"column":44},"end":{"line":272,"column":71}}],"line":272},"26":{"loc":{"start":{"line":275,"column":15},"end":{"line":278,"column":9}},"type":"if","locations":[{"start":{"line":275,"column":15},"end":{"line":278,"column":9}},{"start":{},"end":{}}],"line":275},"27":{"loc":{"start":{"line":301,"column":8},"end":{"line":308,"column":9}},"type":"if","locations":[{"start":{"line":301,"column":8},"end":{"line":308,"column":9}},{"start":{"line":305,"column":15},"end":{"line":308,"column":9}}],"line":301},"28":{"loc":{"start":{"line":301,"column":12},"end":{"line":301,"column":72}},"type":"binary-expr","locations":[{"start":{"line":301,"column":12},"end":{"line":301,"column":41}},{"start":{"line":301,"column":45},"end":{"line":301,"column":72}}],"line":301},"29":{"loc":{"start":{"line":305,"column":15},"end":{"line":308,"column":9}},"type":"if","locations":[{"start":{"line":305,"column":15},"end":{"line":308,"column":9}},{"start":{},"end":{}}],"line":305},"30":{"loc":{"start":{"line":334,"column":11},"end":{"line":334,"column":23}},"type":"default-arg","locations":[{"start":{"line":334,"column":21},"end":{"line":334,"column":23}}],"line":334},"31":{"loc":{"start":{"line":339,"column":8},"end":{"line":345,"column":9}},"type":"if","locations":[{"start":{"line":339,"column":8},"end":{"line":345,"column":9}},{"start":{"line":342,"column":15},"end":{"line":345,"column":9}}],"line":339},"32":{"loc":{"start":{"line":339,"column":12},"end":{"line":339,"column":90}},"type":"binary-expr","locations":[{"start":{"line":339,"column":12},"end":{"line":339,"column":47}},{"start":{"line":339,"column":51},"end":{"line":339,"column":90}}],"line":339},"33":{"loc":{"start":{"line":342,"column":15},"end":{"line":345,"column":9}},"type":"if","locations":[{"start":{"line":342,"column":15},"end":{"line":345,"column":9}},{"start":{},"end":{}}],"line":342},"34":{"loc":{"start":{"line":358,"column":26},"end":{"line":358,"column":53}},"type":"binary-expr","locations":[{"start":{"line":358,"column":26},"end":{"line":358,"column":44}},{"start":{"line":358,"column":48},"end":{"line":358,"column":53}}],"line":358},"35":{"loc":{"start":{"line":366,"column":4},"end":{"line":372,"column":5}},"type":"if","locations":[{"start":{"line":366,"column":4},"end":{"line":372,"column":5}},{"start":{},"end":{}}],"line":366},"36":{"loc":{"start":{"line":366,"column":8},"end":{"line":366,"column":41}},"type":"binary-expr","locations":[{"start":{"line":366,"column":8},"end":{"line":366,"column":22}},{"start":{"line":366,"column":26},"end":{"line":366,"column":41}}],"line":366},"37":{"loc":{"start":{"line":379,"column":4},"end":{"line":381,"column":5}},"type":"if","locations":[{"start":{"line":379,"column":4},"end":{"line":381,"column":5}},{"start":{},"end":{}}],"line":379},"38":{"loc":{"start":{"line":391,"column":4},"end":{"line":393,"column":5}},"type":"if","locations":[{"start":{"line":391,"column":4},"end":{"line":393,"column":5}},{"start":{},"end":{}}],"line":391},"39":{"loc":{"start":{"line":395,"column":4},"end":{"line":412,"column":5}},"type":"if","locations":[{"start":{"line":395,"column":4},"end":{"line":412,"column":5}},{"start":{"line":404,"column":11},"end":{"line":412,"column":5}}],"line":395},"40":{"loc":{"start":{"line":397,"column":6},"end":{"line":403,"column":7}},"type":"if","locations":[{"start":{"line":397,"column":6},"end":{"line":403,"column":7}},{"start":{},"end":{}}],"line":397},"41":{"loc":{"start":{"line":400,"column":8},"end":{"line":402,"column":9}},"type":"if","locations":[{"start":{"line":400,"column":8},"end":{"line":402,"column":9}},{"start":{},"end":{}}],"line":400},"42":{"loc":{"start":{"line":407,"column":8},"end":{"line":409,"column":9}},"type":"if","locations":[{"start":{"line":407,"column":8},"end":{"line":409,"column":9}},{"start":{},"end":{}}],"line":407},"43":{"loc":{"start":{"line":425,"column":21},"end":{"line":427,"column":63}},"type":"binary-expr","locations":[{"start":{"line":425,"column":21},"end":{"line":425,"column":69}},{"start":{"line":426,"column":21},"end":{"line":426,"column":60}},{"start":{"line":427,"column":21},"end":{"line":427,"column":63}}],"line":425},"44":{"loc":{"start":{"line":429,"column":4},"end":{"line":437,"column":5}},"type":"if","locations":[{"start":{"line":429,"column":4},"end":{"line":437,"column":5}},{"start":{},"end":{}}],"line":429},"45":{"loc":{"start":{"line":440,"column":4},"end":{"line":451,"column":5}},"type":"if","locations":[{"start":{"line":440,"column":4},"end":{"line":451,"column":5}},{"start":{},"end":{}}],"line":440},"46":{"loc":{"start":{"line":440,"column":8},"end":{"line":440,"column":53}},"type":"binary-expr","locations":[{"start":{"line":440,"column":8},"end":{"line":440,"column":34}},{"start":{"line":440,"column":38},"end":{"line":440,"column":53}}],"line":440},"47":{"loc":{"start":{"line":442,"column":6},"end":{"line":450,"column":7}},"type":"if","locations":[{"start":{"line":442,"column":6},"end":{"line":450,"column":7}},{"start":{},"end":{}}],"line":442},"48":{"loc":{"start":{"line":458,"column":4},"end":{"line":460,"column":5}},"type":"if","locations":[{"start":{"line":458,"column":4},"end":{"line":460,"column":5}},{"start":{},"end":{}}],"line":458},"49":{"loc":{"start":{"line":470,"column":4},"end":{"line":472,"column":5}},"type":"if","locations":[{"start":{"line":470,"column":4},"end":{"line":472,"column":5}},{"start":{},"end":{}}],"line":470},"50":{"loc":{"start":{"line":474,"column":4},"end":{"line":481,"column":5}},"type":"if","locations":[{"start":{"line":474,"column":4},"end":{"line":481,"column":5}},{"start":{"line":479,"column":11},"end":{"line":481,"column":5}}],"line":474},"51":{"loc":{"start":{"line":476,"column":6},"end":{"line":478,"column":7}},"type":"if","locations":[{"start":{"line":476,"column":6},"end":{"line":478,"column":7}},{"start":{},"end":{}}],"line":476},"52":{"loc":{"start":{"line":499,"column":22},"end":{"line":499,"column":58}},"type":"binary-expr","locations":[{"start":{"line":499,"column":22},"end":{"line":499,"column":52}},{"start":{"line":499,"column":56},"end":{"line":499,"column":58}}],"line":499},"53":{"loc":{"start":{"line":525,"column":0},"end":{"line":544,"column":1}},"type":"if","locations":[{"start":{"line":525,"column":0},"end":{"line":544,"column":1}},{"start":{},"end":{}}],"line":525}},"s":{"0":1,"1":1,"2":39,"3":39,"4":39,"5":39,"6":39,"7":39,"8":39,"9":39,"10":39,"11":39,"12":327,"13":0,"14":40,"15":40,"16":40,"17":40,"18":39,"19":39,"20":39,"21":39,"22":39,"23":40,"24":110,"25":110,"26":110,"27":0,"28":40,"29":40,"30":40,"31":40,"32":40,"33":40,"34":1,"35":1,"36":0,"37":0,"38":0,"39":0,"40":0,"41":0,"42":0,"43":0,"44":0,"45":40,"46":39,"47":39,"48":39,"49":1,"50":1,"51":1,"52":1,"53":1,"54":1,"55":1,"56":1,"57":0,"58":0,"59":1,"60":39,"61":39,"62":0,"63":0,"64":39,"65":0,"66":0,"67":0,"68":0,"69":0,"70":0,"71":0,"72":0,"73":0,"74":39,"75":39,"76":39,"77":0,"78":0,"79":0,"80":0,"81":0,"82":0,"83":0,"84":0,"85":1,"86":0,"87":1,"88":1,"89":14,"90":14,"91":14,"92":14,"93":14,"94":11,"95":11,"96":0,"97":11,"98":14,"99":14,"100":3,"101":3,"102":14,"103":14,"104":14,"105":14,"106":14,"107":0,"108":0,"109":0,"110":0,"111":0,"112":0,"113":0,"114":0,"115":0,"116":0,"117":0,"118":0,"119":0,"120":0,"121":0,"122":0,"123":0,"124":0,"125":0,"126":0,"127":0,"128":0,"129":0,"130":0,"131":3,"132":3,"133":3,"134":3,"135":3,"136":3,"137":0,"138":0,"139":0,"140":3,"141":3,"142":3,"143":1,"144":0,"145":56,"146":56,"147":56,"148":17,"149":17,"150":0,"151":17,"152":17,"153":17,"154":17,"155":17,"156":14,"157":0,"158":0,"159":0,"160":0,"161":110,"162":110,"163":110,"164":110,"165":17,"166":17,"167":17,"168":0,"169":110,"170":0,"171":0,"172":0,"173":0,"174":0,"175":0,"176":3,"177":3,"178":3,"179":0,"180":0,"181":0,"182":0,"183":0,"184":0,"185":0,"186":0,"187":0,"188":0,"189":0,"190":0,"191":150,"192":150,"193":12,"194":12,"195":0,"196":2,"197":1,"198":0,"199":0,"200":0,"201":0,"202":0,"203":0,"204":1},"f":{"0":39,"1":327,"2":40,"3":40,"4":39,"5":110,"6":40,"7":1,"8":0,"9":0,"10":40,"11":1,"12":39,"13":39,"14":0,"15":0,"16":0,"17":1,"18":14,"19":14,"20":14,"21":3,"22":0,"23":0,"24":0,"25":0,"26":0,"27":0,"28":0,"29":3,"30":3,"31":3,"32":1,"33":56,"34":17,"35":0,"36":110,"37":3,"38":0,"39":0,"40":0,"41":150,"42":2,"43":0,"44":0},"b":{"0":[0],"1":[39,0],"2":[39,17],"3":[39,38],"4":[39,39],"5":[39,39],"6":[39,39],"7":[39,39],"8":[0,327],"9":[0,0],"10":[39,1],"11":[0,39],"12":[0,0],"13":[0,0],"14":[0,0],"15":[0,0],"16":[0,1],"17":[1,1],"18":[0],"19":[14,14],"20":[14,0],"21":[11,3],"22":[14,11],"23":[0,11],"24":[0,0],"25":[0,0],"26":[0,0],"27":[0,0],"28":[0,0],"29":[0,0],"30":[1],"31":[3,0],"32":[3,3],"33":[0,0],"34":[3,1],"35":[0,1],"36":[1,1],"37":[56,0],"38":[0,17],"39":[17,0],"40":[17,0],"41":[14,3],"42":[0,0],"43":[110,93,93],"44":[17,93],"45":[0,110],"46":[110,0],"47":[0,0],"48":[3,0],"49":[0,0],"50":[0,0],"51":[0,0],"52":[150,138],"53":[0,1]},"_coverageSchema":"1a1c01bbd47fc00a2c39e90264f33305004495a9","hash":"1c2eef075a01368b1fef3b53012402df7b9c99da"}
,"C:\\Users\\99236\\.openclaw\\workspace\\skills\\a2a-server\\src\\server.js": {"path":"C:\\Users\\99236\\.openclaw\\workspace\\skills\\a2a-server\\src\\server.js","statementMap":{"0":{"start":{"line":15,"column":18},"end":{"line":15,"column":31}},"1":{"start":{"line":16,"column":23},"end":{"line":16,"column":38}},"2":{"start":{"line":20,"column":4},"end":{"line":29,"column":6}},"3":{"start":{"line":32,"column":4},"end":{"line":32,"column":28}},"4":{"start":{"line":35,"column":4},"end":{"line":35,"column":34}},"5":{"start":{"line":38,"column":4},"end":{"line":42,"column":6}},"6":{"start":{"line":45,"column":4},"end":{"line":45,"column":31}},"7":{"start":{"line":47,"column":4},"end":{"line":47,"column":36}},"8":{"start":{"line":51,"column":4},"end":{"line":53,"column":5}},"9":{"start":{"line":52,"column":6},"end":{"line":52,"column":36}},"10":{"start":{"line":60,"column":4},"end":{"line":86,"column":7}},"11":{"start":{"line":61,"column":6},"end":{"line":85,"column":7}},"12":{"start":{"line":62,"column":8},"end":{"line":65,"column":11}},"13":{"start":{"line":67,"column":8},"end":{"line":70,"column":11}},"14":{"start":{"line":68,"column":10},"end":{"line":68,"column":86}},"15":{"start":{"line":69,"column":10},"end":{"line":69,"column":20}},"16":{"start":{"line":72,"column":8},"end":{"line":74,"column":11}},"17":{"start":{"line":73,"column":10},"end":{"line":73,"column":41}},"18":{"start":{"line":76,"column":8},"end":{"line":79,"column":11}},"19":{"start":{"line":77,"column":10},"end":{"line":77,"column":38}},"20":{"start":{"line":78,"column":10},"end":{"line":78,"column":24}},"21":{"start":{"line":82,"column":8},"end":{"line":82,"column":30}},"22":{"start":{"line":84,"column":8},"end":{"line":84,"column":22}},"23":{"start":{"line":93,"column":4},"end":{"line":112,"column":7}},"24":{"start":{"line":95,"column":6},"end":{"line":97,"column":7}},"25":{"start":{"line":96,"column":8},"end":{"line":96,"column":43}},"26":{"start":{"line":100,"column":6},"end":{"line":102,"column":7}},"27":{"start":{"line":101,"column":8},"end":{"line":101,"column":47}},"28":{"start":{"line":104,"column":6},"end":{"line":104,"column":26}},"29":{"start":{"line":105,"column":6},"end":{"line":105,"column":32}},"30":{"start":{"line":108,"column":6},"end":{"line":111,"column":9}},"31":{"start":{"line":109,"column":8},"end":{"line":109,"column":38}},"32":{"start":{"line":110,"column":8},"end":{"line":110,"column":18}},"33":{"start":{"line":119,"column":21},"end":{"line":119,"column":42}},"34":{"start":{"line":120,"column":4},"end":{"line":120,"column":35}},"35":{"start":{"line":122,"column":18},"end":{"line":122,"column":22}},"36":{"start":{"line":125,"column":32},"end":{"line":130,"column":13}},"37":{"start":{"line":126,"column":6},"end":{"line":129,"column":7}},"38":{"start":{"line":127,"column":8},"end":{"line":127,"column":44}},"39":{"start":{"line":128,"column":8},"end":{"line":128,"column":47}},"40":{"start":{"line":132,"column":4},"end":{"line":148,"column":7}},"41":{"start":{"line":133,"column":6},"end":{"line":147,"column":7}},"42":{"start":{"line":134,"column":24},"end":{"line":134,"column":51}},"43":{"start":{"line":135,"column":8},"end":{"line":135,"column":50}},"44":{"start":{"line":138,"column":8},"end":{"line":140,"column":9}},"45":{"start":{"line":139,"column":10},"end":{"line":139,"column":44}},"46":{"start":{"line":142,"column":8},"end":{"line":142,"column":45}},"47":{"start":{"line":143,"column":8},"end":{"line":146,"column":12}},"48":{"start":{"line":150,"column":4},"end":{"line":157,"column":7}},"49":{"start":{"line":151,"column":6},"end":{"line":156,"column":7}},"50":{"start":{"line":152,"column":8},"end":{"line":152,"column":43}},"51":{"start":{"line":153,"column":8},"end":{"line":153,"column":38}},"52":{"start":{"line":155,"column":8},"end":{"line":155,"column":40}},"53":{"start":{"line":159,"column":4},"end":{"line":161,"column":7}},"54":{"start":{"line":160,"column":6},"end":{"line":160,"column":53}},"55":{"start":{"line":164,"column":4},"end":{"line":169,"column":8}},"56":{"start":{"line":176,"column":4},"end":{"line":176,"column":53}},"57":{"start":{"line":178,"column":4},"end":{"line":217,"column":5}},"58":{"start":{"line":180,"column":8},"end":{"line":180,"column":51}},"59":{"start":{"line":181,"column":8},"end":{"line":181,"column":14}},"60":{"start":{"line":184,"column":8},"end":{"line":184,"column":43}},"61":{"start":{"line":185,"column":8},"end":{"line":185,"column":14}},"62":{"start":{"line":188,"column":8},"end":{"line":188,"column":37}},"63":{"start":{"line":189,"column":8},"end":{"line":189,"column":14}},"64":{"start":{"line":192,"column":8},"end":{"line":192,"column":41}},"65":{"start":{"line":193,"column":8},"end":{"line":193,"column":14}},"66":{"start":{"line":196,"column":8},"end":{"line":196,"column":40}},"67":{"start":{"line":197,"column":8},"end":{"line":197,"column":14}},"68":{"start":{"line":200,"column":8},"end":{"line":200,"column":42}},"69":{"start":{"line":201,"column":8},"end":{"line":201,"column":14}},"70":{"start":{"line":204,"column":8},"end":{"line":204,"column":41}},"71":{"start":{"line":205,"column":8},"end":{"line":205,"column":14}},"72":{"start":{"line":208,"column":8},"end":{"line":208,"column":42}},"73":{"start":{"line":209,"column":8},"end":{"line":209,"column":14}},"74":{"start":{"line":212,"column":8},"end":{"line":212,"column":45}},"75":{"start":{"line":213,"column":8},"end":{"line":216,"column":12}},"76":{"start":{"line":224,"column":48},"end":{"line":224,"column":55}},"77":{"start":{"line":226,"column":4},"end":{"line":232,"column":5}},"78":{"start":{"line":227,"column":6},"end":{"line":230,"column":10}},"79":{"start":{"line":231,"column":6},"end":{"line":231,"column":13}},"80":{"start":{"line":235,"column":4},"end":{"line":238,"column":5}},"81":{"start":{"line":236,"column":6},"end":{"line":236,"column":45}},"82":{"start":{"line":237,"column":6},"end":{"line":237,"column":34}},"83":{"start":{"line":241,"column":4},"end":{"line":248,"column":7}},"84":{"start":{"line":250,"column":4},"end":{"line":250,"column":47}},"85":{"start":{"line":251,"column":4},"end":{"line":251,"column":34}},"86":{"start":{"line":253,"column":4},"end":{"line":253,"column":73}},"87":{"start":{"line":256,"column":4},"end":{"line":261,"column":8}},"88":{"start":{"line":264,"column":4},"end":{"line":264,"column":40}},"89":{"start":{"line":271,"column":24},"end":{"line":271,"column":31}},"90":{"start":{"line":273,"column":4},"end":{"line":280,"column":5}},"91":{"start":{"line":274,"column":6},"end":{"line":274,"column":36}},"92":{"start":{"line":275,"column":6},"end":{"line":279,"column":10}},"93":{"start":{"line":287,"column":18},"end":{"line":287,"column":42}},"94":{"start":{"line":288,"column":4},"end":{"line":292,"column":5}},"95":{"start":{"line":289,"column":6},"end":{"line":289,"column":34}},"96":{"start":{"line":290,"column":6},"end":{"line":290,"column":49}},"97":{"start":{"line":291,"column":6},"end":{"line":291,"column":42}},"98":{"start":{"line":299,"column":49},"end":{"line":299,"column":56}},"99":{"start":{"line":301,"column":4},"end":{"line":308,"column":5}},"100":{"start":{"line":302,"column":6},"end":{"line":306,"column":10}},"101":{"start":{"line":307,"column":6},"end":{"line":307,"column":13}},"102":{"start":{"line":310,"column":24},"end":{"line":310,"column":43}},"103":{"start":{"line":312,"column":4},"end":{"line":322,"column":5}},"104":{"start":{"line":314,"column":6},"end":{"line":314,"column":37}},"105":{"start":{"line":315,"column":6},"end":{"line":320,"column":10}},"106":{"start":{"line":321,"column":6},"end":{"line":321,"column":13}},"107":{"start":{"line":325,"column":4},"end":{"line":325,"column":31}},"108":{"start":{"line":326,"column":4},"end":{"line":333,"column":8}},"109":{"start":{"line":335,"column":4},"end":{"line":335,"column":53}},"110":{"start":{"line":342,"column":50},"end":{"line":342,"column":57}},"111":{"start":{"line":344,"column":4},"end":{"line":347,"column":5}},"112":{"start":{"line":345,"column":6},"end":{"line":345,"column":38}},"113":{"start":{"line":346,"column":6},"end":{"line":346,"column":13}},"114":{"start":{"line":349,"column":24},"end":{"line":349,"column":43}},"115":{"start":{"line":351,"column":4},"end":{"line":354,"column":5}},"116":{"start":{"line":352,"column":6},"end":{"line":352,"column":35}},"117":{"start":{"line":353,"column":6},"end":{"line":353,"column":13}},"118":{"start":{"line":357,"column":4},"end":{"line":357,"column":31}},"119":{"start":{"line":358,"column":4},"end":{"line":365,"column":8}},"120":{"start":{"line":367,"column":4},"end":{"line":367,"column":51}},"121":{"start":{"line":374,"column":39},"end":{"line":374,"column":46}},"122":{"start":{"line":376,"column":4},"end":{"line":382,"column":5}},"123":{"start":{"line":377,"column":6},"end":{"line":380,"column":10}},"124":{"start":{"line":381,"column":6},"end":{"line":381,"column":13}},"125":{"start":{"line":385,"column":4},"end":{"line":385,"column":31}},"126":{"start":{"line":386,"column":20},"end":{"line":386,"column":21}},"127":{"start":{"line":388,"column":4},"end":{"line":399,"column":5}},"128":{"start":{"line":389,"column":6},"end":{"line":398,"column":7}},"129":{"start":{"line":390,"column":8},"end":{"line":396,"column":12}},"130":{"start":{"line":397,"column":8},"end":{"line":397,"column":20}},"131":{"start":{"line":401,"column":4},"end":{"line":401,"column":53}},"132":{"start":{"line":403,"column":4},"end":{"line":408,"column":8}},"133":{"start":{"line":415,"column":33},"end":{"line":415,"column":40}},"134":{"start":{"line":417,"column":4},"end":{"line":423,"column":5}},"135":{"start":{"line":418,"column":6},"end":{"line":421,"column":10}},"136":{"start":{"line":422,"column":6},"end":{"line":422,"column":13}},"137":{"start":{"line":425,"column":18},"end":{"line":425,"column":42}},"138":{"start":{"line":427,"column":4},"end":{"line":433,"column":5}},"139":{"start":{"line":428,"column":6},"end":{"line":431,"column":10}},"140":{"start":{"line":432,"column":6},"end":{"line":432,"column":13}},"141":{"start":{"line":435,"column":4},"end":{"line":437,"column":5}},"142":{"start":{"line":436,"column":6},"end":{"line":436,"column":36}},"143":{"start":{"line":439,"column":4},"end":{"line":441,"column":5}},"144":{"start":{"line":440,"column":6},"end":{"line":440,"column":45}},"145":{"start":{"line":443,"column":4},"end":{"line":443,"column":52}},"146":{"start":{"line":445,"column":4},"end":{"line":450,"column":8}},"147":{"start":{"line":457,"column":35},"end":{"line":457,"column":42}},"148":{"start":{"line":459,"column":20},"end":{"line":459,"column":22}},"149":{"start":{"line":461,"column":4},"end":{"line":493,"column":5}},"150":{"start":{"line":463,"column":6},"end":{"line":474,"column":7}},"151":{"start":{"line":464,"column":30},"end":{"line":469,"column":10}},"152":{"start":{"line":465,"column":10},"end":{"line":467,"column":11}},"153":{"start":{"line":466,"column":12},"end":{"line":466,"column":36}},"154":{"start":{"line":468,"column":10},"end":{"line":468,"column":39}},"155":{"start":{"line":471,"column":8},"end":{"line":473,"column":9}},"156":{"start":{"line":472,"column":10},"end":{"line":472,"column":19}},"157":{"start":{"line":477,"column":6},"end":{"line":485,"column":7}},"158":{"start":{"line":478,"column":30},"end":{"line":480,"column":10}},"159":{"start":{"line":479,"column":10},"end":{"line":479,"column":47}},"160":{"start":{"line":482,"column":8},"end":{"line":484,"column":9}},"161":{"start":{"line":483,"column":10},"end":{"line":483,"column":19}},"162":{"start":{"line":487,"column":6},"end":{"line":492,"column":9}},"163":{"start":{"line":495,"column":4},"end":{"line":501,"column":8}},"164":{"start":{"line":503,"column":4},"end":{"line":503,"column":46}},"165":{"start":{"line":510,"column":24},"end":{"line":510,"column":31}},"166":{"start":{"line":512,"column":4},"end":{"line":521,"column":5}},"167":{"start":{"line":513,"column":20},"end":{"line":513,"column":44}},"168":{"start":{"line":514,"column":6},"end":{"line":514,"column":39}},"169":{"start":{"line":516,"column":6},"end":{"line":520,"column":10}},"170":{"start":{"line":528,"column":4},"end":{"line":539,"column":39}},"171":{"start":{"line":529,"column":18},"end":{"line":529,"column":28}},"172":{"start":{"line":530,"column":22},"end":{"line":530,"column":56}},"173":{"start":{"line":532,"column":6},"end":{"line":538,"column":7}},"174":{"start":{"line":533,"column":8},"end":{"line":537,"column":9}},"175":{"start":{"line":534,"column":10},"end":{"line":534,"column":46}},"176":{"start":{"line":535,"column":10},"end":{"line":535,"column":52}},"177":{"start":{"line":536,"column":10},"end":{"line":536,"column":40}},"178":{"start":{"line":541,"column":4},"end":{"line":541,"column":64}},"179":{"start":{"line":548,"column":4},"end":{"line":550,"column":5}},"180":{"start":{"line":549,"column":6},"end":{"line":549,"column":41}},"181":{"start":{"line":552,"column":18},"end":{"line":552,"column":48}},"182":{"start":{"line":553,"column":4},"end":{"line":556,"column":7}},"183":{"start":{"line":559,"column":4},"end":{"line":561,"column":5}},"184":{"start":{"line":560,"column":6},"end":{"line":560,"column":20}},"185":{"start":{"line":563,"column":4},"end":{"line":563,"column":55}},"186":{"start":{"line":570,"column":18},"end":{"line":570,"column":48}},"187":{"start":{"line":572,"column":4},"end":{"line":574,"column":5}},"188":{"start":{"line":573,"column":6},"end":{"line":573,"column":13}},"189":{"start":{"line":576,"column":18},"end":{"line":576,"column":42}},"190":{"start":{"line":577,"column":4},"end":{"line":579,"column":5}},"191":{"start":{"line":578,"column":6},"end":{"line":578,"column":13}},"192":{"start":{"line":581,"column":4},"end":{"line":581,"column":56}},"193":{"start":{"line":583,"column":4},"end":{"line":589,"column":5}},"194":{"start":{"line":584,"column":6},"end":{"line":588,"column":7}},"195":{"start":{"line":585,"column":8},"end":{"line":585,"column":47}},"196":{"start":{"line":587,"column":8},"end":{"line":587,"column":43}},"197":{"start":{"line":591,"column":4},"end":{"line":591,"column":38}},"198":{"start":{"line":598,"column":4},"end":{"line":602,"column":6}},"199":{"start":{"line":609,"column":19},"end":{"line":609,"column":21}},"200":{"start":{"line":611,"column":4},"end":{"line":619,"column":5}},"201":{"start":{"line":612,"column":6},"end":{"line":618,"column":9}},"202":{"start":{"line":621,"column":4},"end":{"line":621,"column":18}},"203":{"start":{"line":628,"column":20},"end":{"line":628,"column":21}},"204":{"start":{"line":630,"column":4},"end":{"line":645,"column":5}},"205":{"start":{"line":631,"column":6},"end":{"line":633,"column":7}},"206":{"start":{"line":632,"column":8},"end":{"line":632,"column":17}},"207":{"start":{"line":635,"column":6},"end":{"line":644,"column":7}},"208":{"start":{"line":636,"column":8},"end":{"line":640,"column":12}},"209":{"start":{"line":641,"column":8},"end":{"line":641,"column":20}},"210":{"start":{"line":643,"column":8},"end":{"line":643,"column":54}},"211":{"start":{"line":647,"column":4},"end":{"line":647,"column":43}},"212":{"start":{"line":648,"column":4},"end":{"line":648,"column":21}},"213":{"start":{"line":655,"column":18},"end":{"line":655,"column":42}},"214":{"start":{"line":656,"column":4},"end":{"line":658,"column":5}},"215":{"start":{"line":657,"column":6},"end":{"line":657,"column":18}},"216":{"start":{"line":660,"column":4},"end":{"line":666,"column":6}},"217":{"start":{"line":673,"column":4},"end":{"line":673,"column":36}},"218":{"start":{"line":678,"column":0},"end":{"line":697,"column":1}},"219":{"start":{"line":679,"column":17},"end":{"line":683,"column":4}},"220":{"start":{"line":685,"column":2},"end":{"line":685,"column":38}},"221":{"start":{"line":688,"column":2},"end":{"line":691,"column":5}},"222":{"start":{"line":689,"column":4},"end":{"line":689,"column":24}},"223":{"start":{"line":690,"column":4},"end":{"line":690,"column":20}},"224":{"start":{"line":693,"column":2},"end":{"line":696,"column":5}},"225":{"start":{"line":694,"column":4},"end":{"line":694,"column":24}},"226":{"start":{"line":695,"column":4},"end":{"line":695,"column":20}},"227":{"start":{"line":700,"column":0},"end":{"line":700,"column":31}}},"fnMap":{"0":{"name":"(anonymous_0)","decl":{"start":{"line":19,"column":2},"end":{"line":19,"column":3}},"loc":{"start":{"line":19,"column":28},"end":{"line":48,"column":3}},"line":19},"1":{"name":"(anonymous_1)","decl":{"start":{"line":50,"column":2},"end":{"line":50,"column":3}},"loc":{"start":{"line":50,"column":15},"end":{"line":54,"column":3}},"line":50},"2":{"name":"(anonymous_2)","decl":{"start":{"line":59,"column":2},"end":{"line":59,"column":3}},"loc":{"start":{"line":59,"column":10},"end":{"line":87,"column":3}},"line":59},"3":{"name":"(anonymous_3)","decl":{"start":{"line":60,"column":23},"end":{"line":60,"column":24}},"loc":{"start":{"line":60,"column":44},"end":{"line":86,"column":5}},"line":60},"4":{"name":"(anonymous_4)","decl":{"start":{"line":67,"column":33},"end":{"line":67,"column":34}},"loc":{"start":{"line":67,"column":39},"end":{"line":70,"column":9}},"line":67},"5":{"name":"(anonymous_5)","decl":{"start":{"line":72,"column":34},"end":{"line":72,"column":35}},"loc":{"start":{"line":72,"column":47},"end":{"line":74,"column":9}},"line":72},"6":{"name":"(anonymous_6)","decl":{"start":{"line":76,"column":29},"end":{"line":76,"column":30}},"loc":{"start":{"line":76,"column":40},"end":{"line":79,"column":9}},"line":76},"7":{"name":"(anonymous_7)","decl":{"start":{"line":92,"column":2},"end":{"line":92,"column":3}},"loc":{"start":{"line":92,"column":9},"end":{"line":113,"column":3}},"line":92},"8":{"name":"(anonymous_8)","decl":{"start":{"line":93,"column":23},"end":{"line":93,"column":24}},"loc":{"start":{"line":93,"column":36},"end":{"line":112,"column":5}},"line":93},"9":{"name":"(anonymous_9)","decl":{"start":{"line":108,"column":21},"end":{"line":108,"column":22}},"loc":{"start":{"line":108,"column":27},"end":{"line":111,"column":7}},"line":108},"10":{"name":"(anonymous_10)","decl":{"start":{"line":118,"column":2},"end":{"line":118,"column":3}},"loc":{"start":{"line":118,"column":28},"end":{"line":170,"column":3}},"line":118},"11":{"name":"(anonymous_11)","decl":{"start":{"line":125,"column":43},"end":{"line":125,"column":44}},"loc":{"start":{"line":125,"column":49},"end":{"line":130,"column":5}},"line":125},"12":{"name":"(anonymous_12)","decl":{"start":{"line":132,"column":21},"end":{"line":132,"column":22}},"loc":{"start":{"line":132,"column":31},"end":{"line":148,"column":5}},"line":132},"13":{"name":"(anonymous_13)","decl":{"start":{"line":150,"column":19},"end":{"line":150,"column":20}},"loc":{"start":{"line":150,"column":25},"end":{"line":157,"column":5}},"line":150},"14":{"name":"(anonymous_14)","decl":{"start":{"line":159,"column":19},"end":{"line":159,"column":20}},"loc":{"start":{"line":159,"column":30},"end":{"line":161,"column":5}},"line":159},"15":{"name":"(anonymous_15)","decl":{"start":{"line":175,"column":2},"end":{"line":175,"column":3}},"loc":{"start":{"line":175,"column":39},"end":{"line":218,"column":3}},"line":175},"16":{"name":"(anonymous_16)","decl":{"start":{"line":223,"column":2},"end":{"line":223,"column":3}},"loc":{"start":{"line":223,"column":40},"end":{"line":265,"column":3}},"line":223},"17":{"name":"(anonymous_17)","decl":{"start":{"line":270,"column":2},"end":{"line":270,"column":3}},"loc":{"start":{"line":270,"column":32},"end":{"line":281,"column":3}},"line":270},"18":{"name":"(anonymous_18)","decl":{"start":{"line":286,"column":2},"end":{"line":286,"column":3}},"loc":{"start":{"line":286,"column":27},"end":{"line":293,"column":3}},"line":286},"19":{"name":"(anonymous_19)","decl":{"start":{"line":298,"column":2},"end":{"line":298,"column":3}},"loc":{"start":{"line":298,"column":26},"end":{"line":336,"column":3}},"line":298},"20":{"name":"(anonymous_20)","decl":{"start":{"line":341,"column":2},"end":{"line":341,"column":3}},"loc":{"start":{"line":341,"column":30},"end":{"line":368,"column":3}},"line":341},"21":{"name":"(anonymous_21)","decl":{"start":{"line":373,"column":2},"end":{"line":373,"column":3}},"loc":{"start":{"line":373,"column":29},"end":{"line":409,"column":3}},"line":373},"22":{"name":"(anonymous_22)","decl":{"start":{"line":414,"column":2},"end":{"line":414,"column":3}},"loc":{"start":{"line":414,"column":31},"end":{"line":451,"column":3}},"line":414},"23":{"name":"(anonymous_23)","decl":{"start":{"line":456,"column":2},"end":{"line":456,"column":3}},"loc":{"start":{"line":456,"column":30},"end":{"line":504,"column":3}},"line":456},"24":{"name":"(anonymous_24)","decl":{"start":{"line":464,"column":54},"end":{"line":464,"column":55}},"loc":{"start":{"line":464,"column":59},"end":{"line":469,"column":9}},"line":464},"25":{"name":"(anonymous_25)","decl":{"start":{"line":478,"column":59},"end":{"line":478,"column":60}},"loc":{"start":{"line":478,"column":77},"end":{"line":480,"column":9}},"line":478},"26":{"name":"(anonymous_26)","decl":{"start":{"line":509,"column":2},"end":{"line":509,"column":3}},"loc":{"start":{"line":509,"column":31},"end":{"line":522,"column":3}},"line":509},"27":{"name":"(anonymous_27)","decl":{"start":{"line":527,"column":2},"end":{"line":527,"column":3}},"loc":{"start":{"line":527,"column":19},"end":{"line":542,"column":3}},"line":527},"28":{"name":"(anonymous_28)","decl":{"start":{"line":528,"column":38},"end":{"line":528,"column":39}},"loc":{"start":{"line":528,"column":44},"end":{"line":539,"column":5}},"line":528},"29":{"name":"(anonymous_29)","decl":{"start":{"line":547,"column":2},"end":{"line":547,"column":3}},"loc":{"start":{"line":547,"column":33},"end":{"line":564,"column":3}},"line":547},"30":{"name":"(anonymous_30)","decl":{"start":{"line":569,"column":2},"end":{"line":569,"column":3}},"loc":{"start":{"line":569,"column":33},"end":{"line":592,"column":3}},"line":569},"31":{"name":"(anonymous_31)","decl":{"start":{"line":597,"column":2},"end":{"line":597,"column":3}},"loc":{"start":{"line":597,"column":13},"end":{"line":603,"column":3}},"line":597},"32":{"name":"(anonymous_32)","decl":{"start":{"line":608,"column":2},"end":{"line":608,"column":3}},"loc":{"start":{"line":608,"column":14},"end":{"line":622,"column":3}},"line":608},"33":{"name":"(anonymous_33)","decl":{"start":{"line":627,"column":2},"end":{"line":627,"column":3}},"loc":{"start":{"line":627,"column":35},"end":{"line":649,"column":3}},"line":627},"34":{"name":"(anonymous_34)","decl":{"start":{"line":654,"column":2},"end":{"line":654,"column":3}},"loc":{"start":{"line":654,"column":20},"end":{"line":667,"column":3}},"line":654},"35":{"name":"(anonymous_35)","decl":{"start":{"line":672,"column":2},"end":{"line":672,"column":3}},"loc":{"start":{"line":672,"column":25},"end":{"line":674,"column":3}},"line":672},"36":{"name":"(anonymous_36)","decl":{"start":{"line":688,"column":23},"end":{"line":688,"column":24}},"loc":{"start":{"line":688,"column":35},"end":{"line":691,"column":3}},"line":688},"37":{"name":"(anonymous_37)","decl":{"start":{"line":693,"column":24},"end":{"line":693,"column":25}},"loc":{"start":{"line":693,"column":36},"end":{"line":696,"column":3}},"line":693}},"branchMap":{"0":{"loc":{"start":{"line":19,"column":14},"end":{"line":19,"column":26}},"type":"default-arg","locations":[{"start":{"line":19,"column":24},"end":{"line":19,"column":26}}],"line":19},"1":{"loc":{"start":{"line":21,"column":12},"end":{"line":21,"column":32}},"type":"binary-expr","locations":[{"start":{"line":21,"column":12},"end":{"line":21,"column":24}},{"start":{"line":21,"column":28},"end":{"line":21,"column":32}}],"line":21},"2":{"loc":{"start":{"line":22,"column":12},"end":{"line":22,"column":39}},"type":"binary-expr","locations":[{"start":{"line":22,"column":12},"end":{"line":22,"column":24}},{"start":{"line":22,"column":28},"end":{"line":22,"column":39}}],"line":22},"3":{"loc":{"start":{"line":24,"column":18},"end":{"line":24,"column":42}},"type":"binary-expr","locations":[{"start":{"line":24,"column":18},"end":{"line":24,"column":36}},{"start":{"line":24,"column":40},"end":{"line":24,"column":42}}],"line":24},"4":{"loc":{"start":{"line":26,"column":15},"end":{"line":26,"column":39}},"type":"binary-expr","locations":[{"start":{"line":26,"column":15},"end":{"line":26,"column":30}},{"start":{"line":26,"column":34},"end":{"line":26,"column":39}}],"line":26},"5":{"loc":{"start":{"line":28,"column":25},"end":{"line":28,"column":59}},"type":"binary-expr","locations":[{"start":{"line":28,"column":25},"end":{"line":28,"column":50}},{"start":{"line":28,"column":54},"end":{"line":28,"column":59}}],"line":28},"6":{"loc":{"start":{"line":51,"column":4},"end":{"line":53,"column":5}},"type":"if","locations":[{"start":{"line":51,"column":4},"end":{"line":53,"column":5}},{"start":{},"end":{}}],"line":51},"7":{"loc":{"start":{"line":95,"column":6},"end":{"line":97,"column":7}},"type":"if","locations":[{"start":{"line":95,"column":6},"end":{"line":97,"column":7}},{"start":{},"end":{}}],"line":95},"8":{"loc":{"start":{"line":126,"column":6},"end":{"line":129,"column":7}},"type":"if","locations":[{"start":{"line":126,"column":6},"end":{"line":129,"column":7}},{"start":{},"end":{}}],"line":126},"9":{"loc":{"start":{"line":138,"column":8},"end":{"line":140,"column":9}},"type":"if","locations":[{"start":{"line":138,"column":8},"end":{"line":140,"column":9}},{"start":{},"end":{}}],"line":138},"10":{"loc":{"start":{"line":138,"column":12},"end":{"line":138,"column":51}},"type":"binary-expr","locations":[{"start":{"line":138,"column":12},"end":{"line":138,"column":39}},{"start":{"line":138,"column":43},"end":{"line":138,"column":51}}],"line":138},"11":{"loc":{"start":{"line":151,"column":6},"end":{"line":156,"column":7}},"type":"if","locations":[{"start":{"line":151,"column":6},"end":{"line":156,"column":7}},{"start":{"line":154,"column":13},"end":{"line":156,"column":7}}],"line":151},"12":{"loc":{"start":{"line":178,"column":4},"end":{"line":217,"column":5}},"type":"switch","locations":[{"start":{"line":179,"column":6},"end":{"line":181,"column":14}},{"start":{"line":183,"column":6},"end":{"line":185,"column":14}},{"start":{"line":187,"column":6},"end":{"line":189,"column":14}},{"start":{"line":191,"column":6},"end":{"line":193,"column":14}},{"start":{"line":195,"column":6},"end":{"line":197,"column":14}},{"start":{"line":199,"column":6},"end":{"line":201,"column":14}},{"start":{"line":203,"column":6},"end":{"line":205,"column":14}},{"start":{"line":207,"column":6},"end":{"line":209,"column":14}},{"start":{"line":211,"column":6},"end":{"line":216,"column":12}}],"line":178},"13":{"loc":{"start":{"line":226,"column":4},"end":{"line":232,"column":5}},"type":"if","locations":[{"start":{"line":226,"column":4},"end":{"line":232,"column":5}},{"start":{},"end":{}}],"line":226},"14":{"loc":{"start":{"line":235,"column":4},"end":{"line":238,"column":5}},"type":"if","locations":[{"start":{"line":235,"column":4},"end":{"line":238,"column":5}},{"start":{},"end":{}}],"line":235},"15":{"loc":{"start":{"line":244,"column":20},"end":{"line":244,"column":38}},"type":"binary-expr","locations":[{"start":{"line":244,"column":20},"end":{"line":244,"column":32}},{"start":{"line":244,"column":36},"end":{"line":244,"column":38}}],"line":244},"16":{"loc":{"start":{"line":245,"column":16},"end":{"line":245,"column":30}},"type":"binary-expr","locations":[{"start":{"line":245,"column":16},"end":{"line":245,"column":24}},{"start":{"line":245,"column":28},"end":{"line":245,"column":30}}],"line":245},"17":{"loc":{"start":{"line":253,"column":39},"end":{"line":253,"column":64}},"type":"binary-expr","locations":[{"start":{"line":253,"column":39},"end":{"line":253,"column":59}},{"start":{"line":253,"column":63},"end":{"line":253,"column":64}}],"line":253},"18":{"loc":{"start":{"line":273,"column":4},"end":{"line":280,"column":5}},"type":"if","locations":[{"start":{"line":273,"column":4},"end":{"line":280,"column":5}},{"start":{},"end":{}}],"line":273},"19":{"loc":{"start":{"line":273,"column":8},"end":{"line":273,"column":43}},"type":"binary-expr","locations":[{"start":{"line":273,"column":8},"end":{"line":273,"column":15}},{"start":{"line":273,"column":19},"end":{"line":273,"column":43}}],"line":273},"20":{"loc":{"start":{"line":288,"column":4},"end":{"line":292,"column":5}},"type":"if","locations":[{"start":{"line":288,"column":4},"end":{"line":292,"column":5}},{"start":{},"end":{}}],"line":288},"21":{"loc":{"start":{"line":301,"column":4},"end":{"line":308,"column":5}},"type":"if","locations":[{"start":{"line":301,"column":4},"end":{"line":308,"column":5}},{"start":{},"end":{}}],"line":301},"22":{"loc":{"start":{"line":301,"column":8},"end":{"line":301,"column":23}},"type":"binary-expr","locations":[{"start":{"line":301,"column":8},"end":{"line":301,"column":11}},{"start":{"line":301,"column":15},"end":{"line":301,"column":23}}],"line":301},"23":{"loc":{"start":{"line":312,"column":4},"end":{"line":322,"column":5}},"type":"if","locations":[{"start":{"line":312,"column":4},"end":{"line":322,"column":5}},{"start":{},"end":{}}],"line":312},"24":{"loc":{"start":{"line":328,"column":12},"end":{"line":328,"column":29}},"type":"binary-expr","locations":[{"start":{"line":328,"column":12},"end":{"line":328,"column":16}},{"start":{"line":328,"column":20},"end":{"line":328,"column":29}}],"line":328},"25":{"loc":{"start":{"line":330,"column":21},"end":{"line":330,"column":46}},"type":"binary-expr","locations":[{"start":{"line":330,"column":21},"end":{"line":330,"column":34}},{"start":{"line":330,"column":38},"end":{"line":330,"column":46}}],"line":330},"26":{"loc":{"start":{"line":335,"column":24},"end":{"line":335,"column":41}},"type":"binary-expr","locations":[{"start":{"line":335,"column":24},"end":{"line":335,"column":28}},{"start":{"line":335,"column":32},"end":{"line":335,"column":41}}],"line":335},"27":{"loc":{"start":{"line":344,"column":4},"end":{"line":347,"column":5}},"type":"if","locations":[{"start":{"line":344,"column":4},"end":{"line":347,"column":5}},{"start":{},"end":{}}],"line":344},"28":{"loc":{"start":{"line":344,"column":8},"end":{"line":344,"column":29}},"type":"binary-expr","locations":[{"start":{"line":344,"column":8},"end":{"line":344,"column":11}},{"start":{"line":344,"column":15},"end":{"line":344,"column":29}}],"line":344},"29":{"loc":{"start":{"line":351,"column":4},"end":{"line":354,"column":5}},"type":"if","locations":[{"start":{"line":351,"column":4},"end":{"line":354,"column":5}},{"start":{},"end":{}}],"line":351},"30":{"loc":{"start":{"line":376,"column":4},"end":{"line":382,"column":5}},"type":"if","locations":[{"start":{"line":376,"column":4},"end":{"line":382,"column":5}},{"start":{},"end":{}}],"line":376},"31":{"loc":{"start":{"line":376,"column":8},"end":{"line":376,"column":28}},"type":"binary-expr","locations":[{"start":{"line":376,"column":8},"end":{"line":376,"column":16}},{"start":{"line":376,"column":20},"end":{"line":376,"column":28}}],"line":376},"32":{"loc":{"start":{"line":389,"column":6},"end":{"line":398,"column":7}},"type":"if","locations":[{"start":{"line":389,"column":6},"end":{"line":398,"column":7}},{"start":{},"end":{}}],"line":389},"33":{"loc":{"start":{"line":393,"column":16},"end":{"line":393,"column":33}},"type":"binary-expr","locations":[{"start":{"line":393,"column":16},"end":{"line":393,"column":20}},{"start":{"line":393,"column":24},"end":{"line":393,"column":33}}],"line":393},"34":{"loc":{"start":{"line":417,"column":4},"end":{"line":423,"column":5}},"type":"if","locations":[{"start":{"line":417,"column":4},"end":{"line":423,"column":5}},{"start":{},"end":{}}],"line":417},"35":{"loc":{"start":{"line":417,"column":8},"end":{"line":417,"column":28}},"type":"binary-expr","locations":[{"start":{"line":417,"column":8},"end":{"line":417,"column":16}},{"start":{"line":417,"column":20},"end":{"line":417,"column":28}}],"line":417},"36":{"loc":{"start":{"line":427,"column":4},"end":{"line":433,"column":5}},"type":"if","locations":[{"start":{"line":427,"column":4},"end":{"line":433,"column":5}},{"start":{},"end":{}}],"line":427},"37":{"loc":{"start":{"line":435,"column":4},"end":{"line":437,"column":5}},"type":"if","locations":[{"start":{"line":435,"column":4},"end":{"line":437,"column":5}},{"start":{},"end":{}}],"line":435},"38":{"loc":{"start":{"line":439,"column":4},"end":{"line":441,"column":5}},"type":"if","locations":[{"start":{"line":439,"column":4},"end":{"line":441,"column":5}},{"start":{},"end":{}}],"line":439},"39":{"loc":{"start":{"line":463,"column":6},"end":{"line":474,"column":7}},"type":"if","locations":[{"start":{"line":463,"column":6},"end":{"line":474,"column":7}},{"start":{},"end":{}}],"line":463},"40":{"loc":{"start":{"line":465,"column":10},"end":{"line":467,"column":11}},"type":"if","locations":[{"start":{"line":465,"column":10},"end":{"line":467,"column":11}},{"start":{},"end":{}}],"line":465},"41":{"loc":{"start":{"line":471,"column":8},"end":{"line":473,"column":9}},"type":"if","locations":[{"start":{"line":471,"column":8},"end":{"line":473,"column":9}},{"start":{},"end":{}}],"line":471},"42":{"loc":{"start":{"line":477,"column":6},"end":{"line":485,"column":7}},"type":"if","locations":[{"start":{"line":477,"column":6},"end":{"line":485,"column":7}},{"start":{},"end":{}}],"line":477},"43":{"loc":{"start":{"line":482,"column":8},"end":{"line":484,"column":9}},"type":"if","locations":[{"start":{"line":482,"column":8},"end":{"line":484,"column":9}},{"start":{},"end":{}}],"line":482},"44":{"loc":{"start":{"line":512,"column":4},"end":{"line":521,"column":5}},"type":"if","locations":[{"start":{"line":512,"column":4},"end":{"line":521,"column":5}},{"start":{},"end":{}}],"line":512},"45":{"loc":{"start":{"line":512,"column":8},"end":{"line":512,"column":43}},"type":"binary-expr","locations":[{"start":{"line":512,"column":8},"end":{"line":512,"column":15}},{"start":{"line":512,"column":19},"end":{"line":512,"column":43}}],"line":512},"46":{"loc":{"start":{"line":533,"column":8},"end":{"line":537,"column":9}},"type":"if","locations":[{"start":{"line":533,"column":8},"end":{"line":537,"column":9}},{"start":{},"end":{}}],"line":533},"47":{"loc":{"start":{"line":548,"column":4},"end":{"line":550,"column":5}},"type":"if","locations":[{"start":{"line":548,"column":4},"end":{"line":550,"column":5}},{"start":{},"end":{}}],"line":548},"48":{"loc":{"start":{"line":559,"column":4},"end":{"line":561,"column":5}},"type":"if","locations":[{"start":{"line":559,"column":4},"end":{"line":561,"column":5}},{"start":{},"end":{}}],"line":559},"49":{"loc":{"start":{"line":572,"column":4},"end":{"line":574,"column":5}},"type":"if","locations":[{"start":{"line":572,"column":4},"end":{"line":574,"column":5}},{"start":{},"end":{}}],"line":572},"50":{"loc":{"start":{"line":572,"column":8},"end":{"line":572,"column":36}},"type":"binary-expr","locations":[{"start":{"line":572,"column":8},"end":{"line":572,"column":14}},{"start":{"line":572,"column":18},"end":{"line":572,"column":36}}],"line":572},"51":{"loc":{"start":{"line":577,"column":4},"end":{"line":579,"column":5}},"type":"if","locations":[{"start":{"line":577,"column":4},"end":{"line":579,"column":5}},{"start":{},"end":{}}],"line":577},"52":{"loc":{"start":{"line":627,"column":21},"end":{"line":627,"column":33}},"type":"default-arg","locations":[{"start":{"line":627,"column":31},"end":{"line":627,"column":33}}],"line":627},"53":{"loc":{"start":{"line":631,"column":6},"end":{"line":633,"column":7}},"type":"if","locations":[{"start":{"line":631,"column":6},"end":{"line":633,"column":7}},{"start":{},"end":{}}],"line":631},"54":{"loc":{"start":{"line":656,"column":4},"end":{"line":658,"column":5}},"type":"if","locations":[{"start":{"line":656,"column":4},"end":{"line":658,"column":5}},{"start":{},"end":{}}],"line":656},"55":{"loc":{"start":{"line":678,"column":0},"end":{"line":697,"column":1}},"type":"if","locations":[{"start":{"line":678,"column":0},"end":{"line":697,"column":1}},{"start":{},"end":{}}],"line":678},"56":{"loc":{"start":{"line":680,"column":10},"end":{"line":680,"column":38}},"type":"binary-expr","locations":[{"start":{"line":680,"column":10},"end":{"line":680,"column":30}},{"start":{"line":680,"column":34},"end":{"line":680,"column":38}}],"line":680},"57":{"loc":{"start":{"line":681,"column":10},"end":{"line":681,"column":45}},"type":"binary-expr","locations":[{"start":{"line":681,"column":10},"end":{"line":681,"column":30}},{"start":{"line":681,"column":34},"end":{"line":681,"column":45}}],"line":681}},"s":{"0":1,"1":1,"2":24,"3":24,"4":24,"5":24,"6":24,"7":24,"8":338,"9":0,"10":24,"11":24,"12":24,"13":24,"14":24,"15":24,"16":24,"17":39,"18":24,"19":0,"20":0,"21":24,"22":0,"23":47,"24":47,"25":47,"26":47,"27":37,"28":47,"29":47,"30":47,"31":47,"32":47,"33":39,"34":39,"35":39,"36":39,"37":0,"38":0,"39":0,"40":39,"41":69,"42":69,"43":68,"44":68,"45":39,"46":1,"47":1,"48":39,"49":39,"50":0,"51":0,"52":39,"53":39,"54":0,"55":39,"56":68,"57":68,"58":39,"59":39,"60":0,"61":0,"62":14,"63":14,"64":11,"65":11,"66":0,"67":0,"68":0,"69":0,"70":3,"71":3,"72":0,"73":0,"74":1,"75":1,"76":39,"77":39,"78":0,"79":0,"80":39,"81":1,"82":1,"83":39,"84":39,"85":39,"86":39,"87":39,"88":39,"89":0,"90":0,"91":0,"92":0,"93":1,"94":1,"95":1,"96":1,"97":1,"98":14,"99":14,"100":0,"101":0,"102":14,"103":14,"104":3,"105":3,"106":3,"107":11,"108":11,"109":11,"110":11,"111":11,"112":0,"113":0,"114":11,"115":11,"116":0,"117":0,"118":11,"119":11,"120":11,"121":0,"122":0,"123":0,"124":0,"125":0,"126":0,"127":0,"128":0,"129":0,"130":0,"131":0,"132":0,"133":0,"134":0,"135":0,"136":0,"137":0,"138":0,"139":0,"140":0,"141":0,"142":0,"143":0,"144":0,"145":0,"146":0,"147":3,"148":3,"149":3,"150":9,"151":6,"152":5,"153":5,"154":0,"155":6,"156":4,"157":5,"158":0,"159":0,"160":0,"161":0,"162":5,"163":3,"164":3,"165":0,"166":0,"167":0,"168":0,"169":0,"170":24,"171":9,"172":9,"173":9,"174":3,"175":1,"176":1,"177":1,"178":24,"179":3,"180":3,"181":3,"182":3,"183":3,"184":0,"185":3,"186":39,"187":39,"188":39,"189":0,"190":0,"191":0,"192":0,"193":0,"194":0,"195":0,"196":0,"197":0,"198":1,"199":9,"200":9,"201":18,"202":9,"203":1,"204":1,"205":2,"206":0,"207":2,"208":2,"209":2,"210":0,"211":1,"212":1,"213":1,"214":1,"215":0,"216":1,"217":2,"218":1,"219":0,"220":0,"221":0,"222":0,"223":0,"224":0,"225":0,"226":0,"227":1},"f":{"0":24,"1":338,"2":24,"3":24,"4":24,"5":39,"6":0,"7":47,"8":47,"9":47,"10":39,"11":0,"12":69,"13":39,"14":0,"15":68,"16":39,"17":0,"18":1,"19":14,"20":11,"21":0,"22":0,"23":3,"24":5,"25":0,"26":0,"27":24,"28":9,"29":3,"30":39,"31":1,"32":9,"33":1,"34":1,"35":2,"36":0,"37":0},"b":{"0":[0],"1":[24,0],"2":[24,24],"3":[24,24],"4":[24,24],"5":[24,0],"6":[0,338],"7":[47,0],"8":[0,0],"9":[39,29],"10":[68,39],"11":[0,39],"12":[39,0,14,11,0,0,3,0,1],"13":[0,39],"14":[1,38],"15":[39,0],"16":[39,0],"17":[39,17],"18":[0,0],"19":[0,0],"20":[1,0],"21":[0,14],"22":[14,14],"23":[3,11],"24":[11,0],"25":[11,0],"26":[11,0],"27":[0,11],"28":[11,11],"29":[0,11],"30":[0,0],"31":[0,0],"32":[0,0],"33":[0,0],"34":[0,0],"35":[0,0],"36":[0,0],"37":[0,0],"38":[0,0],"39":[6,3],"40":[5,0],"41":[4,2],"42":[0,5],"43":[0,0],"44":[0,0],"45":[0,0],"46":[1,2],"47":[3,0],"48":[0,3],"49":[39,0],"50":[39,0],"51":[0,0],"52":[1],"53":[0,2],"54":[0,1],"55":[0,1],"56":[0,0],"57":[0,0]},"_coverageSchema":"1a1c01bbd47fc00a2c39e90264f33305004495a9","hash":"5ed539e6573645b2391776afa82fc58db49ab7fd"}
}
