{"total": {"lines":{"total":91,"covered":90,"skipped":0,"pct":98.9},"statements":{"total":91,"covered":90,"skipped":0,"pct":98.9},"functions":{"total":9,"covered":9,"skipped":0,"pct":100},"branches":{"total":98,"covered":97,"skipped":0,"pct":98.97},"branchesTrue":{"total":0,"covered":0,"skipped":0,"pct":"Unknown"}}
,"D:\\OpenClaw\\workspace\\skills\\heartbeat-cron\\tests\\test-helpers.js": {"lines":{"total":91,"covered":90,"skipped":0,"pct":98.9},"functions":{"total":9,"covered":9,"skipped":0,"pct":100},"statements":{"total":91,"covered":90,"skipped":0,"pct":98.9},"branches":{"total":98,"covered":97,"skipped":0,"pct":98.97}}
}
