<?xml version="1.0" encoding="UTF-8"?>
<coverage generated="1777251687786" clover="3.2.0">
  <project timestamp="1777251687786" name="All files">
    <metrics statements="234" coveredstatements="223" conditionals="159" coveredconditionals="134" methods="51" coveredmethods="49" elements="444" coveredelements="406" complexity="0" loc="234" ncloc="234" packages="1" files="2" classes="2"/>
    <file name="feedback-middleware.js" path="/home/admin/openclaw/workspace/skills/meta-skill-weaver/src/middleware/feedback-middleware.js">
      <metrics statements="106" coveredstatements="99" conditionals="91" coveredconditionals="79" methods="31" coveredmethods="29"/>
      <line num="12" count="1" type="stmt"/>
      <line num="13" count="1" type="stmt"/>
      <line num="17" count="1" type="stmt"/>
      <line num="43" count="32" type="stmt"/>
      <line num="44" count="32" type="stmt"/>
      <line num="45" count="32" type="stmt"/>
      <line num="51" count="32" type="stmt"/>
      <line num="52" count="32" type="cond" truecount="2" falsecount="0"/>
      <line num="53" count="31" type="stmt"/>
      <line num="55" count="32" type="stmt"/>
      <line num="56" count="32" type="cond" truecount="2" falsecount="0"/>
      <line num="57" count="1" type="stmt"/>
      <line num="58" count="1" type="stmt"/>
      <line num="60" count="0" type="stmt"/>
      <line num="66" count="56" type="stmt"/>
      <line num="67" count="56" type="stmt"/>
      <line num="77" count="1" type="stmt"/>
      <line num="80" count="1" type="stmt"/>
      <line num="81" count="1" type="cond" truecount="1" falsecount="1"/>
      <line num="82" count="1" type="cond" truecount="1" falsecount="1"/>
      <line num="84" count="1" type="stmt"/>
      <line num="102" count="59" type="stmt"/>
      <line num="103" count="59" type="cond" truecount="5" falsecount="0"/>
      <line num="104" count="3" type="stmt"/>
      <line num="108" count="56" type="stmt"/>
      <line num="109" count="56" type="cond" truecount="2" falsecount="0"/>
      <line num="110" count="1" type="stmt"/>
      <line num="114" count="55" type="cond" truecount="2" falsecount="0"/>
      <line num="115" count="54" type="stmt"/>
      <line num="118" count="55" type="stmt"/>
      <line num="129" count="55" type="stmt"/>
      <line num="132" count="55" type="cond" truecount="2" falsecount="0"/>
      <line num="133" count="1" type="stmt"/>
      <line num="136" count="55" type="stmt"/>
      <line num="139" count="55" type="cond" truecount="2" falsecount="0"/>
      <line num="140" count="1" type="stmt"/>
      <line num="143" count="55" type="stmt"/>
      <line num="149" count="54" type="stmt"/>
      <line num="151" count="54" type="cond" truecount="7" falsecount="0"/>
      <line num="152" count="4" type="stmt"/>
      <line num="154" count="50" type="cond" truecount="7" falsecount="0"/>
      <line num="155" count="1" type="stmt"/>
      <line num="158" count="49" type="cond" truecount="2" falsecount="0"/>
      <line num="159" count="15" type="stmt"/>
      <line num="170" count="7" type="cond" truecount="2" falsecount="0"/>
      <line num="171" count="6" type="stmt"/>
      <line num="174" count="7" type="cond" truecount="2" falsecount="0"/>
      <line num="175" count="1" type="stmt"/>
      <line num="186" count="6" type="stmt"/>
      <line num="187" count="30" type="stmt"/>
      <line num="188" count="15" type="stmt"/>
      <line num="191" count="6" type="stmt"/>
      <line num="192" count="6" type="stmt"/>
      <line num="193" count="15" type="cond" truecount="2" falsecount="0"/>
      <line num="197" count="6" type="stmt"/>
      <line num="198" count="6" type="stmt"/>
      <line num="199" count="15" type="cond" truecount="2" falsecount="0"/>
      <line num="201" count="6" type="stmt"/>
      <line num="202" count="2" type="stmt"/>
      <line num="204" count="3" type="stmt"/>
      <line num="207" count="6" type="stmt"/>
      <line num="208" count="15" type="stmt"/>
      <line num="209" count="0" type="stmt"/>
      <line num="211" count="1" type="stmt"/>
      <line num="218" count="15" type="stmt"/>
      <line num="220" count="6" type="stmt"/>
      <line num="236" count="1" type="stmt"/>
      <line num="237" count="1" type="stmt"/>
      <line num="238" count="3" type="cond" truecount="2" falsecount="0"/>
      <line num="239" count="2" type="stmt"/>
      <line num="241" count="3" type="stmt"/>
      <line num="242" count="3" type="stmt"/>
      <line num="245" count="1" type="stmt"/>
      <line num="246" count="2" type="stmt"/>
      <line num="251" count="1" type="stmt"/>
      <line num="260" count="6" type="stmt"/>
      <line num="261" count="13" type="cond" truecount="3" falsecount="1"/>
      <line num="262" count="13" type="cond" truecount="4" falsecount="0"/>
      <line num="263" count="11" type="cond" truecount="4" falsecount="0"/>
      <line num="264" count="10" type="cond" truecount="4" falsecount="0"/>
      <line num="265" count="7" type="cond" truecount="2" falsecount="2"/>
      <line num="266" count="7" type="cond" truecount="4" falsecount="0"/>
      <line num="267" count="6" type="cond" truecount="2" falsecount="2"/>
      <line num="268" count="6" type="stmt"/>
      <line num="278" count="2" type="stmt"/>
      <line num="280" count="2" type="stmt"/>
      <line num="281" count="4" type="stmt"/>
      <line num="283" count="4" type="cond" truecount="1" falsecount="1"/>
      <line num="284" count="0" type="stmt"/>
      <line num="285" count="4" type="cond" truecount="1" falsecount="1"/>
      <line num="286" count="0" type="stmt"/>
      <line num="287" count="0" type="stmt"/>
      <line num="288" count="0" type="stmt"/>
      <line num="290" count="4" type="stmt"/>
      <line num="293" count="4" type="cond" truecount="2" falsecount="0"/>
      <line num="294" count="2" type="stmt"/>
      <line num="296" count="4" type="stmt"/>
      <line num="297" count="4" type="stmt"/>
      <line num="298" count="4" type="cond" truecount="4" falsecount="0"/>
      <line num="299" count="2" type="stmt"/>
      <line num="303" count="2" type="stmt"/>
      <line num="304" count="2" type="stmt"/>
      <line num="310" count="0" type="stmt"/>
      <line num="317" count="1" type="stmt"/>
      <line num="318" count="1" type="stmt"/>
      <line num="322" count="1" type="stmt"/>
    </file>
    <file name="metrics-middleware.js" path="/home/admin/openclaw/workspace/skills/meta-skill-weaver/src/middleware/metrics-middleware.js">
      <metrics statements="128" coveredstatements="124" conditionals="68" coveredconditionals="55" methods="20" coveredmethods="20"/>
      <line num="12" count="1" type="stmt"/>
      <line num="13" count="1" type="stmt"/>
      <line num="17" count="1" type="stmt"/>
      <line num="41" count="24" type="stmt"/>
      <line num="42" count="24" type="stmt"/>
      <line num="55" count="24" type="stmt"/>
      <line num="56" count="24" type="stmt"/>
      <line num="57" count="24" type="stmt"/>
      <line num="63" count="24" type="stmt"/>
      <line num="64" count="24" type="cond" truecount="2" falsecount="0"/>
      <line num="65" count="23" type="stmt"/>
      <line num="68" count="24" type="stmt"/>
      <line num="69" count="24" type="cond" truecount="2" falsecount="0"/>
      <line num="70" count="1" type="stmt"/>
      <line num="71" count="1" type="stmt"/>
      <line num="72" count="1" type="stmt"/>
      <line num="82" count="110" type="stmt"/>
      <line num="83" count="110" type="stmt"/>
      <line num="94" count="3" type="stmt"/>
      <line num="95" count="3" type="cond" truecount="1" falsecount="1"/>
      <line num="97" count="3" type="stmt"/>
      <line num="98" count="3" type="stmt"/>
      <line num="99" count="1" type="stmt"/>
      <line num="102" count="1" type="stmt"/>
      <line num="105" count="1" type="stmt"/>
      <line num="107" count="1" type="stmt"/>
      <line num="109" count="2" type="stmt"/>
      <line num="112" count="2" type="stmt"/>
      <line num="115" count="2" type="stmt"/>
      <line num="118" count="2" type="stmt"/>
      <line num="121" count="2" type="cond" truecount="4" falsecount="0"/>
      <line num="122" count="1" type="stmt"/>
      <line num="123" count="1" type="stmt"/>
      <line num="124" count="1" type="stmt"/>
      <line num="127" count="2" type="stmt"/>
      <line num="137" count="58" type="stmt"/>
      <line num="138" count="58" type="stmt"/>
      <line num="139" count="58" type="stmt"/>
      <line num="140" count="58" type="stmt"/>
      <line num="141" count="58" type="stmt"/>
      <line num="145" count="37" type="stmt"/>
      <line num="146" count="37" type="stmt"/>
      <line num="147" count="37" type="stmt"/>
      <line num="150" count="37" type="cond" truecount="2" falsecount="0"/>
      <line num="151" count="37" type="stmt"/>
      <line num="153" count="37" type="stmt"/>
      <line num="154" count="37" type="stmt"/>
      <line num="158" count="1" type="stmt"/>
      <line num="159" count="1" type="stmt"/>
      <line num="163" count="1" type="stmt"/>
      <line num="164" count="1" type="stmt"/>
      <line num="170" count="95" type="cond" truecount="2" falsecount="0"/>
      <line num="171" count="22" type="stmt"/>
      <line num="175" count="95" type="stmt"/>
      <line num="176" count="95" type="stmt"/>
      <line num="177" count="95" type="cond" truecount="2" falsecount="0"/>
      <line num="178" count="58" type="stmt"/>
      <line num="180" count="37" type="stmt"/>
      <line num="182" count="95" type="stmt"/>
      <line num="188" count="95" type="cond" truecount="1" falsecount="1"/>
      <line num="191" count="95" type="stmt"/>
      <line num="193" count="95" type="stmt"/>
      <line num="200" count="95" type="cond" truecount="1" falsecount="1"/>
      <line num="201" count="0" type="stmt"/>
      <line num="206" count="109" type="stmt"/>
      <line num="207" count="109" type="stmt"/>
      <line num="208" count="109" type="stmt"/>
      <line num="209" count="113" type="stmt"/>
      <line num="210" count="113" type="stmt"/>
      <line num="212" count="109" type="cond" truecount="1" falsecount="1"/>
      <line num="223" count="13" type="stmt"/>
      <line num="232" count="13" type="cond" truecount="2" falsecount="0"/>
      <line num="233" count="11" type="stmt"/>
      <line num="234" count="11" type="stmt"/>
      <line num="243" count="13" type="cond" truecount="4" falsecount="0"/>
      <line num="244" count="11" type="stmt"/>
      <line num="245" count="11" type="stmt"/>
      <line num="255" count="13" type="cond" truecount="1" falsecount="1"/>
      <line num="256" count="13" type="cond" truecount="2" falsecount="0"/>
      <line num="257" count="13" type="cond" truecount="2" falsecount="0"/>
      <line num="258" count="5" type="stmt"/>
      <line num="259" count="5" type="stmt"/>
      <line num="270" count="13" type="cond" truecount="2" falsecount="0"/>
      <line num="271" count="11" type="stmt"/>
      <line num="272" count="11" type="cond" truecount="2" falsecount="0"/>
      <line num="273" count="2" type="stmt"/>
      <line num="275" count="11" type="stmt"/>
      <line num="279" count="13" type="cond" truecount="4" falsecount="0"/>
      <line num="280" count="1" type="stmt"/>
      <line num="283" count="13" type="stmt"/>
      <line num="287" count="14" type="stmt"/>
      <line num="288" count="14" type="stmt"/>
      <line num="289" count="14" type="cond" truecount="1" falsecount="1"/>
      <line num="291" count="14" type="stmt"/>
      <line num="302" count="15" type="stmt"/>
      <line num="303" count="15" type="cond" truecount="3" falsecount="1"/>
      <line num="304" count="0" type="stmt"/>
      <line num="307" count="15" type="stmt"/>
      <line num="325" count="17" type="stmt"/>
      <line num="326" count="17" type="cond" truecount="2" falsecount="0"/>
      <line num="329" count="17" type="stmt"/>
      <line num="331" count="17" type="cond" truecount="4" falsecount="0"/>
      <line num="332" count="6" type="stmt"/>
      <line num="334" count="6" type="cond" truecount="2" falsecount="0"/>
      <line num="336" count="5" type="stmt"/>
      <line num="337" count="5" type="stmt"/>
      <line num="338" count="1" type="cond" truecount="1" falsecount="1"/>
      <line num="340" count="0" type="stmt"/>
      <line num="341" count="1" type="cond" truecount="2" falsecount="2"/>
      <line num="343" count="0" type="stmt"/>
      <line num="348" count="17" type="cond" truecount="2" falsecount="0"/>
      <line num="349" count="2" type="stmt"/>
      <line num="350" count="2" type="stmt"/>
      <line num="354" count="17" type="stmt"/>
      <line num="356" count="17" type="stmt"/>
      <line num="362" count="11" type="stmt"/>
      <line num="363" count="11" type="stmt"/>
      <line num="365" count="11" type="stmt"/>
      <line num="366" count="11" type="stmt"/>
      <line num="376" count="1" type="stmt"/>
      <line num="379" count="2" type="stmt"/>
      <line num="380" count="2" type="stmt"/>
      <line num="393" count="1" type="stmt"/>
      <line num="400" count="1" type="stmt"/>
      <line num="405" count="1" type="stmt"/>
      <line num="406" count="1" type="stmt"/>
      <line num="407" count="1" type="stmt"/>
      <line num="411" count="1" type="stmt"/>
    </file>
  </project>
</coverage>
