{"/home/admin/openclaw/workspace/skills/meta-skill-weaver/src/middleware/feedback-middleware.js": {"path":"/home/admin/openclaw/workspace/skills/meta-skill-weaver/src/middleware/feedback-middleware.js","statementMap":{"0":{"start":{"line":12,"column":11},"end":{"line":12,"column":24}},"1":{"start":{"line":13,"column":13},"end":{"line":13,"column":28}},"2":{"start":{"line":17,"column":23},"end":{"line":23,"column":1}},"3":{"start":{"line":43,"column":4},"end":{"line":43,"column":51}},"4":{"start":{"line":44,"column":4},"end":{"line":44,"column":24}},"5":{"start":{"line":45,"column":4},"end":{"line":45,"column":24}},"6":{"start":{"line":51,"column":16},"end":{"line":51,"column":39}},"7":{"start":{"line":52,"column":4},"end":{"line":54,"column":5}},"8":{"start":{"line":53,"column":6},"end":{"line":53,"column":45}},"9":{"start":{"line":55,"column":17},"end":{"line":55,"column":49}},"10":{"start":{"line":56,"column":4},"end":{"line":62,"column":5}},"11":{"start":{"line":57,"column":6},"end":{"line":61,"column":7}},"12":{"start":{"line":58,"column":8},"end":{"line":58,"column":68}},"13":{"start":{"line":60,"column":8},"end":{"line":60,"column":28}},"14":{"start":{"line":66,"column":17},"end":{"line":66,"column":69}},"15":{"start":{"line":67,"column":4},"end":{"line":67,"column":68}},"16":{"start":{"line":77,"column":19},"end":{"line":77,"column":38}},"17":{"start":{"line":80,"column":4},"end":{"line":80,"column":34}},"18":{"start":{"line":81,"column":4},"end":{"line":81,"column":60}},"19":{"start":{"line":82,"column":4},"end":{"line":82,"column":58}},"20":{"start":{"line":84,"column":4},"end":{"line":84,"column":18}},"21":{"start":{"line":102,"column":25},"end":{"line":102,"column":48}},"22":{"start":{"line":103,"column":4},"end":{"line":105,"column":5}},"23":{"start":{"line":104,"column":6},"end":{"line":104,"column":81}},"24":{"start":{"line":108,"column":22},"end":{"line":108,"column":76}},"25":{"start":{"line":108,"column":49},"end":{"line":108,"column":68}},"26":{"start":{"line":109,"column":4},"end":{"line":111,"column":5}},"27":{"start":{"line":110,"column":6},"end":{"line":110,"column":107}},"28":{"start":{"line":114,"column":4},"end":{"line":116,"column":5}},"29":{"start":{"line":115,"column":6},"end":{"line":115,"column":55}},"30":{"start":{"line":118,"column":21},"end":{"line":127,"column":5}},"31":{"start":{"line":129,"column":4},"end":{"line":129,"column":34}},"32":{"start":{"line":132,"column":4},"end":{"line":134,"column":5}},"33":{"start":{"line":133,"column":6},"end":{"line":133,"column":75}},"34":{"start":{"line":136,"column":4},"end":{"line":136,"column":16}},"35":{"start":{"line":139,"column":4},"end":{"line":141,"column":5}},"36":{"start":{"line":140,"column":6},"end":{"line":140,"column":47}},"37":{"start":{"line":143,"column":4},"end":{"line":143,"column":20}},"38":{"start":{"line":149,"column":18},"end":{"line":149,"column":39}},"39":{"start":{"line":151,"column":4},"end":{"line":153,"column":5}},"40":{"start":{"line":152,"column":6},"end":{"line":152,"column":19}},"41":{"start":{"line":154,"column":4},"end":{"line":156,"column":5}},"42":{"start":{"line":155,"column":6},"end":{"line":155,"column":26}},"43":{"start":{"line":158,"column":4},"end":{"line":158,"column":37}},"44":{"start":{"line":158,"column":21},"end":{"line":158,"column":37}},"45":{"start":{"line":159,"column":4},"end":{"line":159,"column":19}},"46":{"start":{"line":170,"column":21},"end":{"line":172,"column":22}},"47":{"start":{"line":171,"column":35},"end":{"line":171,"column":54}},"48":{"start":{"line":174,"column":4},"end":{"line":183,"column":5}},"49":{"start":{"line":175,"column":6},"end":{"line":182,"column":8}},"50":{"start":{"line":186,"column":31},"end":{"line":186,"column":33}},"51":{"start":{"line":187,"column":4},"end":{"line":187,"column":59}},"52":{"start":{"line":187,"column":17},"end":{"line":187,"column":18}},"53":{"start":{"line":187,"column":33},"end":{"line":187,"column":59}},"54":{"start":{"line":188,"column":4},"end":{"line":188,"column":63}},"55":{"start":{"line":188,"column":28},"end":{"line":188,"column":59}},"56":{"start":{"line":191,"column":30},"end":{"line":191,"column":32}},"57":{"start":{"line":192,"column":4},"end":{"line":194,"column":7}},"58":{"start":{"line":193,"column":6},"end":{"line":193,"column":79}},"59":{"start":{"line":197,"column":22},"end":{"line":197,"column":24}},"60":{"start":{"line":198,"column":4},"end":{"line":200,"column":7}},"61":{"start":{"line":199,"column":6},"end":{"line":199,"column":71}},"62":{"start":{"line":199,"column":28},"end":{"line":199,"column":67}},"63":{"start":{"line":201,"column":20},"end":{"line":204,"column":46}},"64":{"start":{"line":202,"column":22},"end":{"line":202,"column":33}},"65":{"start":{"line":204,"column":30},"end":{"line":204,"column":44}},"66":{"start":{"line":207,"column":27},"end":{"line":216,"column":9}},"67":{"start":{"line":208,"column":19},"end":{"line":208,"column":28}},"68":{"start":{"line":209,"column":22},"end":{"line":209,"column":67}},"69":{"start":{"line":211,"column":17},"end":{"line":216,"column":7}},"70":{"start":{"line":218,"column":24},"end":{"line":218,"column":70}},"71":{"start":{"line":218,"column":52},"end":{"line":218,"column":66}},"72":{"start":{"line":220,"column":4},"end":{"line":228,"column":6}},"73":{"start":{"line":236,"column":21},"end":{"line":236,"column":23}},"74":{"start":{"line":237,"column":4},"end":{"line":243,"column":7}},"75":{"start":{"line":238,"column":6},"end":{"line":240,"column":7}},"76":{"start":{"line":239,"column":8},"end":{"line":239,"column":53}},"77":{"start":{"line":241,"column":6},"end":{"line":241,"column":36}},"78":{"start":{"line":242,"column":6},"end":{"line":242,"column":44}},"79":{"start":{"line":245,"column":4},"end":{"line":251,"column":49}},"80":{"start":{"line":246,"column":30},"end":{"line":250,"column":7}},"81":{"start":{"line":251,"column":22},"end":{"line":251,"column":47}},"82":{"start":{"line":260,"column":4},"end":{"line":269,"column":7}},"83":{"start":{"line":261,"column":6},"end":{"line":261,"column":70}},"84":{"start":{"line":261,"column":57},"end":{"line":261,"column":70}},"85":{"start":{"line":262,"column":6},"end":{"line":262,"column":79}},"86":{"start":{"line":262,"column":66},"end":{"line":262,"column":79}},"87":{"start":{"line":263,"column":6},"end":{"line":263,"column":76}},"88":{"start":{"line":263,"column":63},"end":{"line":263,"column":76}},"89":{"start":{"line":264,"column":6},"end":{"line":264,"column":74}},"90":{"start":{"line":264,"column":61},"end":{"line":264,"column":74}},"91":{"start":{"line":265,"column":6},"end":{"line":265,"column":74}},"92":{"start":{"line":265,"column":61},"end":{"line":265,"column":74}},"93":{"start":{"line":266,"column":6},"end":{"line":266,"column":85}},"94":{"start":{"line":266,"column":51},"end":{"line":266,"column":69}},"95":{"start":{"line":266,"column":72},"end":{"line":266,"column":85}},"96":{"start":{"line":267,"column":6},"end":{"line":267,"column":89}},"97":{"start":{"line":267,"column":76},"end":{"line":267,"column":89}},"98":{"start":{"line":268,"column":6},"end":{"line":268,"column":18}},"99":{"start":{"line":278,"column":20},"end":{"line":278,"column":22}},"100":{"start":{"line":280,"column":4},"end":{"line":301,"column":7}},"101":{"start":{"line":281,"column":19},"end":{"line":281,"column":40}},"102":{"start":{"line":283,"column":6},"end":{"line":291,"column":7}},"103":{"start":{"line":284,"column":8},"end":{"line":284,"column":46}},"104":{"start":{"line":285,"column":13},"end":{"line":291,"column":7}},"105":{"start":{"line":286,"column":26},"end":{"line":286,"column":40}},"106":{"start":{"line":287,"column":8},"end":{"line":287,"column":58}},"107":{"start":{"line":288,"column":8},"end":{"line":288,"column":51}},"108":{"start":{"line":290,"column":8},"end":{"line":290,"column":46}},"109":{"start":{"line":293,"column":6},"end":{"line":295,"column":7}},"110":{"start":{"line":294,"column":8},"end":{"line":294,"column":63}},"111":{"start":{"line":296,"column":6},"end":{"line":296,"column":27}},"112":{"start":{"line":297,"column":6},"end":{"line":297,"column":43}},"113":{"start":{"line":298,"column":6},"end":{"line":300,"column":7}},"114":{"start":{"line":299,"column":8},"end":{"line":299,"column":30}},"115":{"start":{"line":303,"column":4},"end":{"line":310,"column":56}},"116":{"start":{"line":304,"column":32},"end":{"line":309,"column":7}},"117":{"start":{"line":310,"column":22},"end":{"line":310,"column":54}},"118":{"start":{"line":317,"column":4},"end":{"line":317,"column":24}},"119":{"start":{"line":318,"column":4},"end":{"line":318,"column":16}},"120":{"start":{"line":322,"column":0},"end":{"line":322,"column":72}}},"fnMap":{"0":{"name":"(anonymous_0)","decl":{"start":{"line":42,"column":2},"end":{"line":42,"column":3}},"loc":{"start":{"line":42,"column":27},"end":{"line":46,"column":3}},"line":42},"1":{"name":"(anonymous_1)","decl":{"start":{"line":50,"column":2},"end":{"line":50,"column":3}},"loc":{"start":{"line":50,"column":17},"end":{"line":63,"column":3}},"line":50},"2":{"name":"(anonymous_2)","decl":{"start":{"line":65,"column":2},"end":{"line":65,"column":3}},"loc":{"start":{"line":65,"column":9},"end":{"line":68,"column":3}},"line":65},"3":{"name":"(anonymous_3)","decl":{"start":{"line":76,"column":2},"end":{"line":76,"column":3}},"loc":{"start":{"line":76,"column":31},"end":{"line":85,"column":3}},"line":76},"4":{"name":"(anonymous_4)","decl":{"start":{"line":100,"column":2},"end":{"line":100,"column":3}},"loc":{"start":{"line":100,"column":87},"end":{"line":144,"column":3}},"line":100},"5":{"name":"(anonymous_5)","decl":{"start":{"line":108,"column":44},"end":{"line":108,"column":45}},"loc":{"start":{"line":108,"column":49},"end":{"line":108,"column":68}},"line":108},"6":{"name":"(anonymous_6)","decl":{"start":{"line":148,"column":2},"end":{"line":148,"column":3}},"loc":{"start":{"line":148,"column":35},"end":{"line":160,"column":3}},"line":148},"7":{"name":"(anonymous_7)","decl":{"start":{"line":169,"column":2},"end":{"line":169,"column":3}},"loc":{"start":{"line":169,"column":19},"end":{"line":229,"column":3}},"line":169},"8":{"name":"(anonymous_8)","decl":{"start":{"line":171,"column":30},"end":{"line":171,"column":31}},"loc":{"start":{"line":171,"column":35},"end":{"line":171,"column":54}},"line":171},"9":{"name":"(anonymous_9)","decl":{"start":{"line":188,"column":21},"end":{"line":188,"column":22}},"loc":{"start":{"line":188,"column":26},"end":{"line":188,"column":61}},"line":188},"10":{"name":"(anonymous_10)","decl":{"start":{"line":192,"column":21},"end":{"line":192,"column":22}},"loc":{"start":{"line":192,"column":26},"end":{"line":194,"column":5}},"line":192},"11":{"name":"(anonymous_11)","decl":{"start":{"line":198,"column":21},"end":{"line":198,"column":22}},"loc":{"start":{"line":198,"column":26},"end":{"line":200,"column":5}},"line":198},"12":{"name":"(anonymous_12)","decl":{"start":{"line":199,"column":21},"end":{"line":199,"column":22}},"loc":{"start":{"line":199,"column":26},"end":{"line":199,"column":69}},"line":199},"13":{"name":"(anonymous_13)","decl":{"start":{"line":202,"column":12},"end":{"line":202,"column":13}},"loc":{"start":{"line":202,"column":22},"end":{"line":202,"column":33}},"line":202},"14":{"name":"(anonymous_14)","decl":{"start":{"line":204,"column":11},"end":{"line":204,"column":12}},"loc":{"start":{"line":204,"column":30},"end":{"line":204,"column":44}},"line":204},"15":{"name":"(anonymous_15)","decl":{"start":{"line":208,"column":14},"end":{"line":208,"column":15}},"loc":{"start":{"line":208,"column":19},"end":{"line":208,"column":28}},"line":208},"16":{"name":"(anonymous_16)","decl":{"start":{"line":209,"column":12},"end":{"line":209,"column":13}},"loc":{"start":{"line":209,"column":22},"end":{"line":209,"column":67}},"line":209},"17":{"name":"(anonymous_17)","decl":{"start":{"line":211,"column":11},"end":{"line":211,"column":12}},"loc":{"start":{"line":211,"column":17},"end":{"line":216,"column":7}},"line":211},"18":{"name":"(anonymous_18)","decl":{"start":{"line":218,"column":40},"end":{"line":218,"column":41}},"loc":{"start":{"line":218,"column":52},"end":{"line":218,"column":66}},"line":218},"19":{"name":"(anonymous_19)","decl":{"start":{"line":235,"column":2},"end":{"line":235,"column":3}},"loc":{"start":{"line":235,"column":21},"end":{"line":252,"column":3}},"line":235},"20":{"name":"(anonymous_20)","decl":{"start":{"line":237,"column":27},"end":{"line":237,"column":28}},"loc":{"start":{"line":237,"column":32},"end":{"line":243,"column":5}},"line":237},"21":{"name":"(anonymous_21)","decl":{"start":{"line":246,"column":11},"end":{"line":246,"column":12}},"loc":{"start":{"line":246,"column":30},"end":{"line":250,"column":7}},"line":246},"22":{"name":"(anonymous_22)","decl":{"start":{"line":251,"column":12},"end":{"line":251,"column":13}},"loc":{"start":{"line":251,"column":22},"end":{"line":251,"column":47}},"line":251},"23":{"name":"(anonymous_23)","decl":{"start":{"line":259,"column":2},"end":{"line":259,"column":3}},"loc":{"start":{"line":259,"column":23},"end":{"line":270,"column":3}},"line":259},"24":{"name":"(anonymous_24)","decl":{"start":{"line":260,"column":33},"end":{"line":260,"column":34}},"loc":{"start":{"line":260,"column":38},"end":{"line":269,"column":5}},"line":260},"25":{"name":"(anonymous_25)","decl":{"start":{"line":266,"column":46},"end":{"line":266,"column":47}},"loc":{"start":{"line":266,"column":51},"end":{"line":266,"column":69}},"line":266},"26":{"name":"(anonymous_26)","decl":{"start":{"line":277,"column":2},"end":{"line":277,"column":3}},"loc":{"start":{"line":277,"column":34},"end":{"line":311,"column":3}},"line":277},"27":{"name":"(anonymous_27)","decl":{"start":{"line":280,"column":27},"end":{"line":280,"column":28}},"loc":{"start":{"line":280,"column":32},"end":{"line":301,"column":5}},"line":280},"28":{"name":"(anonymous_28)","decl":{"start":{"line":304,"column":11},"end":{"line":304,"column":12}},"loc":{"start":{"line":304,"column":32},"end":{"line":309,"column":7}},"line":304},"29":{"name":"(anonymous_29)","decl":{"start":{"line":310,"column":12},"end":{"line":310,"column":13}},"loc":{"start":{"line":310,"column":22},"end":{"line":310,"column":54}},"line":310},"30":{"name":"(anonymous_30)","decl":{"start":{"line":316,"column":2},"end":{"line":316,"column":3}},"loc":{"start":{"line":316,"column":10},"end":{"line":319,"column":3}},"line":316}},"branchMap":{"0":{"loc":{"start":{"line":42,"column":14},"end":{"line":42,"column":25}},"type":"default-arg","locations":[{"start":{"line":42,"column":23},"end":{"line":42,"column":25}}],"line":42},"1":{"loc":{"start":{"line":52,"column":4},"end":{"line":54,"column":5}},"type":"if","locations":[{"start":{"line":52,"column":4},"end":{"line":54,"column":5}},{"start":{},"end":{}}],"line":52},"2":{"loc":{"start":{"line":56,"column":4},"end":{"line":62,"column":5}},"type":"if","locations":[{"start":{"line":56,"column":4},"end":{"line":62,"column":5}},{"start":{},"end":{}}],"line":56},"3":{"loc":{"start":{"line":81,"column":29},"end":{"line":81,"column":59}},"type":"binary-expr","locations":[{"start":{"line":81,"column":29},"end":{"line":81,"column":46}},{"start":{"line":81,"column":50},"end":{"line":81,"column":59}}],"line":81},"4":{"loc":{"start":{"line":82,"column":30},"end":{"line":82,"column":57}},"type":"binary-expr","locations":[{"start":{"line":82,"column":30},"end":{"line":82,"column":44}},{"start":{"line":82,"column":48},"end":{"line":82,"column":57}}],"line":82},"5":{"loc":{"start":{"line":100,"column":19},"end":{"line":100,"column":40}},"type":"default-arg","locations":[{"start":{"line":100,"column":31},"end":{"line":100,"column":40}}],"line":100},"6":{"loc":{"start":{"line":100,"column":50},"end":{"line":100,"column":62}},"type":"default-arg","locations":[{"start":{"line":100,"column":60},"end":{"line":100,"column":62}}],"line":100},"7":{"loc":{"start":{"line":100,"column":64},"end":{"line":100,"column":73}},"type":"default-arg","locations":[{"start":{"line":100,"column":71},"end":{"line":100,"column":73}}],"line":100},"8":{"loc":{"start":{"line":103,"column":4},"end":{"line":105,"column":5}},"type":"if","locations":[{"start":{"line":103,"column":4},"end":{"line":105,"column":5}},{"start":{},"end":{}}],"line":103},"9":{"loc":{"start":{"line":103,"column":8},"end":{"line":103,"column":66}},"type":"binary-expr","locations":[{"start":{"line":103,"column":8},"end":{"line":103,"column":34}},{"start":{"line":103,"column":38},"end":{"line":103,"column":50}},{"start":{"line":103,"column":54},"end":{"line":103,"column":66}}],"line":103},"10":{"loc":{"start":{"line":109,"column":4},"end":{"line":111,"column":5}},"type":"if","locations":[{"start":{"line":109,"column":4},"end":{"line":111,"column":5}},{"start":{},"end":{}}],"line":109},"11":{"loc":{"start":{"line":114,"column":4},"end":{"line":116,"column":5}},"type":"if","locations":[{"start":{"line":114,"column":4},"end":{"line":116,"column":5}},{"start":{},"end":{}}],"line":114},"12":{"loc":{"start":{"line":132,"column":4},"end":{"line":134,"column":5}},"type":"if","locations":[{"start":{"line":132,"column":4},"end":{"line":134,"column":5}},{"start":{},"end":{}}],"line":132},"13":{"loc":{"start":{"line":139,"column":4},"end":{"line":141,"column":5}},"type":"if","locations":[{"start":{"line":139,"column":4},"end":{"line":141,"column":5}},{"start":{},"end":{}}],"line":139},"14":{"loc":{"start":{"line":151,"column":4},"end":{"line":153,"column":5}},"type":"if","locations":[{"start":{"line":151,"column":4},"end":{"line":153,"column":5}},{"start":{},"end":{}}],"line":151},"15":{"loc":{"start":{"line":151,"column":8},"end":{"line":151,"column":130}},"type":"binary-expr","locations":[{"start":{"line":151,"column":8},"end":{"line":151,"column":29}},{"start":{"line":151,"column":33},"end":{"line":151,"column":53}},{"start":{"line":151,"column":57},"end":{"line":151,"column":80}},{"start":{"line":151,"column":84},"end":{"line":151,"column":104}},{"start":{"line":151,"column":108},"end":{"line":151,"column":130}}],"line":151},"16":{"loc":{"start":{"line":154,"column":4},"end":{"line":156,"column":5}},"type":"if","locations":[{"start":{"line":154,"column":4},"end":{"line":156,"column":5}},{"start":{},"end":{}}],"line":154},"17":{"loc":{"start":{"line":154,"column":8},"end":{"line":154,"column":137}},"type":"binary-expr","locations":[{"start":{"line":154,"column":8},"end":{"line":154,"column":28}},{"start":{"line":154,"column":32},"end":{"line":154,"column":52}},{"start":{"line":154,"column":56},"end":{"line":154,"column":76}},{"start":{"line":154,"column":80},"end":{"line":154,"column":108}},{"start":{"line":154,"column":112},"end":{"line":154,"column":137}}],"line":154},"18":{"loc":{"start":{"line":158,"column":4},"end":{"line":158,"column":37}},"type":"if","locations":[{"start":{"line":158,"column":4},"end":{"line":158,"column":37}},{"start":{},"end":{}}],"line":158},"19":{"loc":{"start":{"line":170,"column":21},"end":{"line":172,"column":22}},"type":"cond-expr","locations":[{"start":{"line":171,"column":8},"end":{"line":171,"column":55}},{"start":{"line":172,"column":8},"end":{"line":172,"column":22}}],"line":170},"20":{"loc":{"start":{"line":174,"column":4},"end":{"line":183,"column":5}},"type":"if","locations":[{"start":{"line":174,"column":4},"end":{"line":183,"column":5}},{"start":{},"end":{}}],"line":174},"21":{"loc":{"start":{"line":193,"column":39},"end":{"line":193,"column":73}},"type":"binary-expr","locations":[{"start":{"line":193,"column":39},"end":{"line":193,"column":68}},{"start":{"line":193,"column":72},"end":{"line":193,"column":73}}],"line":193},"22":{"loc":{"start":{"line":199,"column":44},"end":{"line":199,"column":61}},"type":"binary-expr","locations":[{"start":{"line":199,"column":44},"end":{"line":199,"column":56}},{"start":{"line":199,"column":60},"end":{"line":199,"column":61}}],"line":199},"23":{"loc":{"start":{"line":238,"column":6},"end":{"line":240,"column":7}},"type":"if","locations":[{"start":{"line":238,"column":6},"end":{"line":240,"column":7}},{"start":{},"end":{}}],"line":238},"24":{"loc":{"start":{"line":259,"column":9},"end":{"line":259,"column":21}},"type":"default-arg","locations":[{"start":{"line":259,"column":19},"end":{"line":259,"column":21}}],"line":259},"25":{"loc":{"start":{"line":261,"column":6},"end":{"line":261,"column":70}},"type":"if","locations":[{"start":{"line":261,"column":6},"end":{"line":261,"column":70}},{"start":{},"end":{}}],"line":261},"26":{"loc":{"start":{"line":261,"column":10},"end":{"line":261,"column":55}},"type":"binary-expr","locations":[{"start":{"line":261,"column":10},"end":{"line":261,"column":24}},{"start":{"line":261,"column":28},"end":{"line":261,"column":55}}],"line":261},"27":{"loc":{"start":{"line":262,"column":6},"end":{"line":262,"column":79}},"type":"if","locations":[{"start":{"line":262,"column":6},"end":{"line":262,"column":79}},{"start":{},"end":{}}],"line":262},"28":{"loc":{"start":{"line":262,"column":10},"end":{"line":262,"column":64}},"type":"binary-expr","locations":[{"start":{"line":262,"column":10},"end":{"line":262,"column":27}},{"start":{"line":262,"column":31},"end":{"line":262,"column":64}}],"line":262},"29":{"loc":{"start":{"line":263,"column":6},"end":{"line":263,"column":76}},"type":"if","locations":[{"start":{"line":263,"column":6},"end":{"line":263,"column":76}},{"start":{},"end":{}}],"line":263},"30":{"loc":{"start":{"line":263,"column":10},"end":{"line":263,"column":61}},"type":"binary-expr","locations":[{"start":{"line":263,"column":10},"end":{"line":263,"column":26}},{"start":{"line":263,"column":30},"end":{"line":263,"column":61}}],"line":263},"31":{"loc":{"start":{"line":264,"column":6},"end":{"line":264,"column":74}},"type":"if","locations":[{"start":{"line":264,"column":6},"end":{"line":264,"column":74}},{"start":{},"end":{}}],"line":264},"32":{"loc":{"start":{"line":264,"column":10},"end":{"line":264,"column":59}},"type":"binary-expr","locations":[{"start":{"line":264,"column":10},"end":{"line":264,"column":27}},{"start":{"line":264,"column":31},"end":{"line":264,"column":59}}],"line":264},"33":{"loc":{"start":{"line":265,"column":6},"end":{"line":265,"column":74}},"type":"if","locations":[{"start":{"line":265,"column":6},"end":{"line":265,"column":74}},{"start":{},"end":{}}],"line":265},"34":{"loc":{"start":{"line":265,"column":10},"end":{"line":265,"column":59}},"type":"binary-expr","locations":[{"start":{"line":265,"column":10},"end":{"line":265,"column":27}},{"start":{"line":265,"column":31},"end":{"line":265,"column":59}}],"line":265},"35":{"loc":{"start":{"line":266,"column":6},"end":{"line":266,"column":85}},"type":"if","locations":[{"start":{"line":266,"column":6},"end":{"line":266,"column":85}},{"start":{},"end":{}}],"line":266},"36":{"loc":{"start":{"line":266,"column":10},"end":{"line":266,"column":70}},"type":"binary-expr","locations":[{"start":{"line":266,"column":10},"end":{"line":266,"column":22}},{"start":{"line":266,"column":26},"end":{"line":266,"column":70}}],"line":266},"37":{"loc":{"start":{"line":267,"column":6},"end":{"line":267,"column":89}},"type":"if","locations":[{"start":{"line":267,"column":6},"end":{"line":267,"column":89}},{"start":{},"end":{}}],"line":267},"38":{"loc":{"start":{"line":267,"column":10},"end":{"line":267,"column":74}},"type":"binary-expr","locations":[{"start":{"line":267,"column":10},"end":{"line":267,"column":23}},{"start":{"line":267,"column":27},"end":{"line":267,"column":74}}],"line":267},"39":{"loc":{"start":{"line":277,"column":11},"end":{"line":277,"column":32}},"type":"default-arg","locations":[{"start":{"line":277,"column":25},"end":{"line":277,"column":32}}],"line":277},"40":{"loc":{"start":{"line":283,"column":6},"end":{"line":291,"column":7}},"type":"if","locations":[{"start":{"line":283,"column":6},"end":{"line":291,"column":7}},{"start":{"line":285,"column":13},"end":{"line":291,"column":7}}],"line":283},"41":{"loc":{"start":{"line":285,"column":13},"end":{"line":291,"column":7}},"type":"if","locations":[{"start":{"line":285,"column":13},"end":{"line":291,"column":7}},{"start":{"line":289,"column":13},"end":{"line":291,"column":7}}],"line":285},"42":{"loc":{"start":{"line":293,"column":6},"end":{"line":295,"column":7}},"type":"if","locations":[{"start":{"line":293,"column":6},"end":{"line":295,"column":7}},{"start":{},"end":{}}],"line":293},"43":{"loc":{"start":{"line":298,"column":6},"end":{"line":300,"column":7}},"type":"if","locations":[{"start":{"line":298,"column":6},"end":{"line":300,"column":7}},{"start":{},"end":{}}],"line":298},"44":{"loc":{"start":{"line":298,"column":10},"end":{"line":298,"column":56}},"type":"binary-expr","locations":[{"start":{"line":298,"column":10},"end":{"line":298,"column":32}},{"start":{"line":298,"column":36},"end":{"line":298,"column":56}}],"line":298}},"s":{"0":1,"1":1,"2":1,"3":32,"4":32,"5":32,"6":32,"7":32,"8":31,"9":32,"10":32,"11":1,"12":1,"13":0,"14":56,"15":56,"16":1,"17":1,"18":1,"19":1,"20":1,"21":59,"22":59,"23":3,"24":56,"25":40,"26":56,"27":1,"28":55,"29":54,"30":55,"31":55,"32":55,"33":1,"34":55,"35":55,"36":1,"37":55,"38":54,"39":54,"40":4,"41":50,"42":1,"43":49,"44":34,"45":15,"46":7,"47":6,"48":7,"49":1,"50":6,"51":6,"52":6,"53":30,"54":6,"55":15,"56":6,"57":6,"58":15,"59":6,"60":6,"61":15,"62":5,"63":6,"64":2,"65":3,"66":6,"67":15,"68":0,"69":1,"70":6,"71":15,"72":6,"73":1,"74":1,"75":3,"76":2,"77":3,"78":3,"79":1,"80":2,"81":1,"82":6,"83":13,"84":0,"85":13,"86":2,"87":11,"88":1,"89":10,"90":3,"91":7,"92":0,"93":7,"94":2,"95":1,"96":6,"97":0,"98":6,"99":2,"100":2,"101":4,"102":4,"103":0,"104":4,"105":0,"106":0,"107":0,"108":4,"109":4,"110":2,"111":4,"112":4,"113":4,"114":2,"115":2,"116":2,"117":0,"118":1,"119":1,"120":1},"f":{"0":32,"1":32,"2":56,"3":1,"4":59,"5":40,"6":54,"7":7,"8":6,"9":15,"10":15,"11":15,"12":5,"13":2,"14":3,"15":15,"16":0,"17":1,"18":15,"19":1,"20":3,"21":2,"22":1,"23":6,"24":13,"25":2,"26":2,"27":4,"28":2,"29":0,"30":1},"b":{"0":[0],"1":[31,1],"2":[1,31],"3":[1,0],"4":[1,0],"5":[49],"6":[48],"7":[53],"8":[3,56],"9":[59,58,57],"10":[1,55],"11":[54,1],"12":[1,54],"13":[1,54],"14":[4,50],"15":[54,53,53,52,50],"16":[1,49],"17":[50,50,49,49,49],"18":[34,15],"19":[2,5],"20":[1,6],"21":[15,10],"22":[5,3],"23":[2,1],"24":[0],"25":[0,13],"26":[13,1],"27":[2,11],"28":[13,5],"29":[1,10],"30":[11,2],"31":[3,7],"32":[10,5],"33":[0,7],"34":[7,0],"35":[1,6],"36":[7,2],"37":[0,6],"38":[6,0],"39":[0],"40":[0,4],"41":[0,4],"42":[2,2],"43":[2,2],"44":[4,3]},"_coverageSchema":"1a1c01bbd47fc00a2c39e90264f33305004495a9","hash":"efa38765b51e479e20f21a7f5a99a050d4e0d95b"}
,"/home/admin/openclaw/workspace/skills/meta-skill-weaver/src/middleware/metrics-middleware.js": {"path":"/home/admin/openclaw/workspace/skills/meta-skill-weaver/src/middleware/metrics-middleware.js","statementMap":{"0":{"start":{"line":12,"column":11},"end":{"line":12,"column":24}},"1":{"start":{"line":13,"column":13},"end":{"line":13,"column":28}},"2":{"start":{"line":17,"column":23},"end":{"line":35,"column":1}},"3":{"start":{"line":41,"column":4},"end":{"line":41,"column":51}},"4":{"start":{"line":42,"column":4},"end":{"line":54,"column":6}},"5":{"start":{"line":55,"column":4},"end":{"line":55,"column":38}},"6":{"start":{"line":56,"column":4},"end":{"line":56,"column":42}},"7":{"start":{"line":57,"column":4},"end":{"line":57,"column":24}},"8":{"start":{"line":63,"column":16},"end":{"line":63,"column":39}},"9":{"start":{"line":64,"column":4},"end":{"line":66,"column":5}},"10":{"start":{"line":65,"column":6},"end":{"line":65,"column":45}},"11":{"start":{"line":68,"column":24},"end":{"line":68,"column":54}},"12":{"start":{"line":69,"column":4},"end":{"line":76,"column":5}},"13":{"start":{"line":70,"column":6},"end":{"line":75,"column":7}},"14":{"start":{"line":71,"column":22},"end":{"line":71,"column":71}},"15":{"start":{"line":72,"column":8},"end":{"line":72,"column":53}},"16":{"start":{"line":82,"column":24},"end":{"line":82,"column":74}},"17":{"start":{"line":83,"column":4},"end":{"line":83,"column":73}},"18":{"start":{"line":94,"column":22},"end":{"line":94,"column":32}},"19":{"start":{"line":95,"column":22},"end":{"line":95,"column":52}},"20":{"start":{"line":97,"column":4},"end":{"line":131,"column":5}},"21":{"start":{"line":98,"column":21},"end":{"line":98,"column":40}},"22":{"start":{"line":99,"column":22},"end":{"line":99,"column":44}},"23":{"start":{"line":102,"column":6},"end":{"line":102,"column":61}},"24":{"start":{"line":105,"column":6},"end":{"line":105,"column":50}},"25":{"start":{"line":107,"column":6},"end":{"line":107,"column":20}},"26":{"start":{"line":109,"column":22},"end":{"line":109,"column":44}},"27":{"start":{"line":112,"column":6},"end":{"line":112,"column":68}},"28":{"start":{"line":115,"column":23},"end":{"line":115,"column":57}},"29":{"start":{"line":118,"column":26},"end":{"line":118,"column":64}},"30":{"start":{"line":121,"column":6},"end":{"line":125,"column":7}},"31":{"start":{"line":122,"column":22},"end":{"line":122,"column":75}},"32":{"start":{"line":123,"column":8},"end":{"line":123,"column":35}},"33":{"start":{"line":124,"column":8},"end":{"line":124,"column":42}},"34":{"start":{"line":127,"column":6},"end":{"line":130,"column":9}},"35":{"start":{"line":137,"column":4},"end":{"line":137,"column":30}},"36":{"start":{"line":138,"column":4},"end":{"line":138,"column":34}},"37":{"start":{"line":139,"column":4},"end":{"line":139,"column":65}},"38":{"start":{"line":140,"column":4},"end":{"line":140,"column":31}},"39":{"start":{"line":141,"column":4},"end":{"line":141,"column":16}},"40":{"start":{"line":145,"column":4},"end":{"line":145,"column":30}},"41":{"start":{"line":146,"column":4},"end":{"line":146,"column":31}},"42":{"start":{"line":147,"column":4},"end":{"line":147,"column":89}},"43":{"start":{"line":150,"column":17},"end":{"line":150,"column":62}},"44":{"start":{"line":151,"column":4},"end":{"line":151,"column":55}},"45":{"start":{"line":153,"column":4},"end":{"line":153,"column":31}},"46":{"start":{"line":154,"column":4},"end":{"line":154,"column":16}},"47":{"start":{"line":158,"column":4},"end":{"line":158,"column":31}},"48":{"start":{"line":159,"column":4},"end":{"line":159,"column":16}},"49":{"start":{"line":163,"column":4},"end":{"line":163,"column":34}},"50":{"start":{"line":164,"column":4},"end":{"line":164,"column":16}},"51":{"start":{"line":170,"column":4},"end":{"line":174,"column":5}},"52":{"start":{"line":171,"column":6},"end":{"line":173,"column":8}},"53":{"start":{"line":175,"column":17},"end":{"line":175,"column":51}},"54":{"start":{"line":176,"column":4},"end":{"line":176,"column":17}},"55":{"start":{"line":177,"column":4},"end":{"line":181,"column":5}},"56":{"start":{"line":178,"column":6},"end":{"line":178,"column":21}},"57":{"start":{"line":180,"column":6},"end":{"line":180,"column":20}},"58":{"start":{"line":182,"column":4},"end":{"line":182,"column":33}},"59":{"start":{"line":188,"column":24},"end":{"line":190,"column":9}},"60":{"start":{"line":191,"column":23},"end":{"line":191,"column":51}},"61":{"start":{"line":193,"column":4},"end":{"line":197,"column":7}},"62":{"start":{"line":200,"column":4},"end":{"line":202,"column":5}},"63":{"start":{"line":201,"column":6},"end":{"line":201,"column":68}},"64":{"start":{"line":206,"column":23},"end":{"line":206,"column":24}},"65":{"start":{"line":207,"column":21},"end":{"line":207,"column":22}},"66":{"start":{"line":208,"column":4},"end":{"line":211,"column":5}},"67":{"start":{"line":209,"column":6},"end":{"line":209,"column":41}},"68":{"start":{"line":210,"column":6},"end":{"line":210,"column":32}},"69":{"start":{"line":212,"column":4},"end":{"line":212,"column":58}},"70":{"start":{"line":223,"column":21},"end":{"line":229,"column":5}},"71":{"start":{"line":232,"column":4},"end":{"line":240,"column":5}},"72":{"start":{"line":233,"column":6},"end":{"line":233,"column":32}},"73":{"start":{"line":234,"column":6},"end":{"line":239,"column":9}},"74":{"start":{"line":243,"column":4},"end":{"line":252,"column":5}},"75":{"start":{"line":244,"column":6},"end":{"line":244,"column":32}},"76":{"start":{"line":245,"column":6},"end":{"line":251,"column":9}},"77":{"start":{"line":255,"column":4},"end":{"line":267,"column":5}},"78":{"start":{"line":256,"column":26},"end":{"line":256,"column":71}},"79":{"start":{"line":257,"column":6},"end":{"line":266,"column":7}},"80":{"start":{"line":258,"column":8},"end":{"line":258,"column":34}},"81":{"start":{"line":259,"column":8},"end":{"line":265,"column":11}},"82":{"start":{"line":270,"column":4},"end":{"line":276,"column":5}},"83":{"start":{"line":271,"column":6},"end":{"line":271,"column":46}},"84":{"start":{"line":272,"column":6},"end":{"line":274,"column":7}},"85":{"start":{"line":273,"column":8},"end":{"line":273,"column":101}},"86":{"start":{"line":275,"column":6},"end":{"line":275,"column":18}},"87":{"start":{"line":279,"column":4},"end":{"line":281,"column":5}},"88":{"start":{"line":280,"column":6},"end":{"line":280,"column":52}},"89":{"start":{"line":283,"column":4},"end":{"line":283,"column":20}},"90":{"start":{"line":287,"column":18},"end":{"line":287,"column":41}},"91":{"start":{"line":288,"column":19},"end":{"line":288,"column":43}},"92":{"start":{"line":289,"column":24},"end":{"line":289,"column":54}},"93":{"start":{"line":291,"column":4},"end":{"line":298,"column":6}},"94":{"start":{"line":302,"column":17},"end":{"line":302,"column":51}},"95":{"start":{"line":303,"column":4},"end":{"line":305,"column":5}},"96":{"start":{"line":304,"column":6},"end":{"line":304,"column":70}},"97":{"start":{"line":307,"column":4},"end":{"line":314,"column":6}},"98":{"start":{"line":325,"column":17},"end":{"line":325,"column":51}},"99":{"start":{"line":326,"column":24},"end":{"line":326,"column":69}},"100":{"start":{"line":329,"column":17},"end":{"line":329,"column":41}},"101":{"start":{"line":331,"column":4},"end":{"line":345,"column":5}},"102":{"start":{"line":332,"column":26},"end":{"line":332,"column":50}},"103":{"start":{"line":334,"column":6},"end":{"line":344,"column":7}},"104":{"start":{"line":336,"column":8},"end":{"line":336,"column":63}},"105":{"start":{"line":337,"column":8},"end":{"line":337,"column":79}},"106":{"start":{"line":338,"column":13},"end":{"line":344,"column":7}},"107":{"start":{"line":340,"column":8},"end":{"line":340,"column":63}},"108":{"start":{"line":341,"column":13},"end":{"line":344,"column":7}},"109":{"start":{"line":343,"column":8},"end":{"line":343,"column":63}},"110":{"start":{"line":348,"column":4},"end":{"line":351,"column":5}},"111":{"start":{"line":349,"column":6},"end":{"line":349,"column":91}},"112":{"start":{"line":350,"column":6},"end":{"line":350,"column":73}},"113":{"start":{"line":354,"column":24},"end":{"line":354,"column":55}},"114":{"start":{"line":356,"column":4},"end":{"line":356,"column":72}},"115":{"start":{"line":362,"column":19},"end":{"line":362,"column":57}},"116":{"start":{"line":363,"column":18},"end":{"line":363,"column":83}},"117":{"start":{"line":365,"column":19},"end":{"line":365,"column":46}},"118":{"start":{"line":366,"column":4},"end":{"line":366,"column":53}},"119":{"start":{"line":376,"column":4},"end":{"line":384,"column":6}},"120":{"start":{"line":379,"column":8},"end":{"line":379,"column":45}},"121":{"start":{"line":380,"column":8},"end":{"line":380,"column":19}},"122":{"start":{"line":393,"column":4},"end":{"line":393,"column":49}},"123":{"start":{"line":400,"column":4},"end":{"line":404,"column":6}},"124":{"start":{"line":405,"column":4},"end":{"line":405,"column":38}},"125":{"start":{"line":406,"column":4},"end":{"line":406,"column":34}},"126":{"start":{"line":407,"column":4},"end":{"line":407,"column":16}},"127":{"start":{"line":411,"column":0},"end":{"line":411,"column":55}}},"fnMap":{"0":{"name":"(anonymous_0)","decl":{"start":{"line":40,"column":2},"end":{"line":40,"column":3}},"loc":{"start":{"line":40,"column":27},"end":{"line":58,"column":3}},"line":40},"1":{"name":"(anonymous_1)","decl":{"start":{"line":62,"column":2},"end":{"line":62,"column":3}},"loc":{"start":{"line":62,"column":17},"end":{"line":77,"column":3}},"line":62},"2":{"name":"(anonymous_2)","decl":{"start":{"line":81,"column":2},"end":{"line":81,"column":3}},"loc":{"start":{"line":81,"column":9},"end":{"line":84,"column":3}},"line":81},"3":{"name":"(anonymous_3)","decl":{"start":{"line":93,"column":2},"end":{"line":93,"column":3}},"loc":{"start":{"line":93,"column":31},"end":{"line":132,"column":3}},"line":93},"4":{"name":"(anonymous_4)","decl":{"start":{"line":136,"column":2},"end":{"line":136,"column":3}},"loc":{"start":{"line":136,"column":44},"end":{"line":142,"column":3}},"line":136},"5":{"name":"(anonymous_5)","decl":{"start":{"line":144,"column":2},"end":{"line":144,"column":3}},"loc":{"start":{"line":144,"column":51},"end":{"line":155,"column":3}},"line":144},"6":{"name":"(anonymous_6)","decl":{"start":{"line":157,"column":2},"end":{"line":157,"column":3}},"loc":{"start":{"line":157,"column":22},"end":{"line":160,"column":3}},"line":157},"7":{"name":"(anonymous_7)","decl":{"start":{"line":162,"column":2},"end":{"line":162,"column":3}},"loc":{"start":{"line":162,"column":23},"end":{"line":165,"column":3}},"line":162},"8":{"name":"(anonymous_8)","decl":{"start":{"line":169,"column":2},"end":{"line":169,"column":3}},"loc":{"start":{"line":169,"column":59},"end":{"line":183,"column":3}},"line":169},"9":{"name":"(anonymous_9)","decl":{"start":{"line":187,"column":2},"end":{"line":187,"column":3}},"loc":{"start":{"line":187,"column":24},"end":{"line":203,"column":3}},"line":187},"10":{"name":"(anonymous_10)","decl":{"start":{"line":205,"column":2},"end":{"line":205,"column":3}},"loc":{"start":{"line":205,"column":26},"end":{"line":213,"column":3}},"line":205},"11":{"name":"(anonymous_11)","decl":{"start":{"line":222,"column":2},"end":{"line":222,"column":3}},"loc":{"start":{"line":222,"column":32},"end":{"line":284,"column":3}},"line":222},"12":{"name":"(anonymous_12)","decl":{"start":{"line":286,"column":2},"end":{"line":286,"column":3}},"loc":{"start":{"line":286,"column":20},"end":{"line":299,"column":3}},"line":286},"13":{"name":"(anonymous_13)","decl":{"start":{"line":301,"column":2},"end":{"line":301,"column":3}},"loc":{"start":{"line":301,"column":27},"end":{"line":315,"column":3}},"line":301},"14":{"name":"(anonymous_14)","decl":{"start":{"line":324,"column":2},"end":{"line":324,"column":3}},"loc":{"start":{"line":324,"column":36},"end":{"line":357,"column":3}},"line":324},"15":{"name":"(anonymous_15)","decl":{"start":{"line":361,"column":2},"end":{"line":361,"column":3}},"loc":{"start":{"line":361,"column":43},"end":{"line":367,"column":3}},"line":361},"16":{"name":"(anonymous_16)","decl":{"start":{"line":375,"column":2},"end":{"line":375,"column":3}},"loc":{"start":{"line":375,"column":14},"end":{"line":385,"column":3}},"line":375},"17":{"name":"(anonymous_17)","decl":{"start":{"line":378,"column":58},"end":{"line":378,"column":59}},"loc":{"start":{"line":378,"column":73},"end":{"line":381,"column":7}},"line":378},"18":{"name":"(anonymous_18)","decl":{"start":{"line":392,"column":2},"end":{"line":392,"column":3}},"loc":{"start":{"line":392,"column":23},"end":{"line":394,"column":3}},"line":392},"19":{"name":"(anonymous_19)","decl":{"start":{"line":399,"column":2},"end":{"line":399,"column":3}},"loc":{"start":{"line":399,"column":10},"end":{"line":408,"column":3}},"line":399}},"branchMap":{"0":{"loc":{"start":{"line":40,"column":14},"end":{"line":40,"column":25}},"type":"default-arg","locations":[{"start":{"line":40,"column":23},"end":{"line":40,"column":25}}],"line":40},"1":{"loc":{"start":{"line":64,"column":4},"end":{"line":66,"column":5}},"type":"if","locations":[{"start":{"line":64,"column":4},"end":{"line":66,"column":5}},{"start":{},"end":{}}],"line":64},"2":{"loc":{"start":{"line":69,"column":4},"end":{"line":76,"column":5}},"type":"if","locations":[{"start":{"line":69,"column":4},"end":{"line":76,"column":5}},{"start":{},"end":{}}],"line":69},"3":{"loc":{"start":{"line":95,"column":22},"end":{"line":95,"column":52}},"type":"binary-expr","locations":[{"start":{"line":95,"column":22},"end":{"line":95,"column":39}},{"start":{"line":95,"column":43},"end":{"line":95,"column":52}}],"line":95},"4":{"loc":{"start":{"line":121,"column":6},"end":{"line":125,"column":7}},"type":"if","locations":[{"start":{"line":121,"column":6},"end":{"line":125,"column":7}},{"start":{},"end":{}}],"line":121},"5":{"loc":{"start":{"line":121,"column":10},"end":{"line":121,"column":80}},"type":"binary-expr","locations":[{"start":{"line":121,"column":10},"end":{"line":121,"column":33}},{"start":{"line":121,"column":37},"end":{"line":121,"column":80}}],"line":121},"6":{"loc":{"start":{"line":150,"column":17},"end":{"line":150,"column":62}},"type":"binary-expr","locations":[{"start":{"line":150,"column":17},"end":{"line":150,"column":57}},{"start":{"line":150,"column":61},"end":{"line":150,"column":62}}],"line":150},"7":{"loc":{"start":{"line":170,"column":4},"end":{"line":174,"column":5}},"type":"if","locations":[{"start":{"line":170,"column":4},"end":{"line":174,"column":5}},{"start":{},"end":{}}],"line":170},"8":{"loc":{"start":{"line":177,"column":4},"end":{"line":181,"column":5}},"type":"if","locations":[{"start":{"line":177,"column":4},"end":{"line":181,"column":5}},{"start":{"line":179,"column":11},"end":{"line":181,"column":5}}],"line":177},"9":{"loc":{"start":{"line":188,"column":24},"end":{"line":190,"column":9}},"type":"cond-expr","locations":[{"start":{"line":189,"column":8},"end":{"line":189,"column":58}},{"start":{"line":190,"column":8},"end":{"line":190,"column":9}}],"line":188},"10":{"loc":{"start":{"line":200,"column":4},"end":{"line":202,"column":5}},"type":"if","locations":[{"start":{"line":200,"column":4},"end":{"line":202,"column":5}},{"start":{},"end":{}}],"line":200},"11":{"loc":{"start":{"line":212,"column":11},"end":{"line":212,"column":57}},"type":"cond-expr","locations":[{"start":{"line":212,"column":28},"end":{"line":212,"column":53}},{"start":{"line":212,"column":56},"end":{"line":212,"column":57}}],"line":212},"12":{"loc":{"start":{"line":225,"column":15},"end":{"line":225,"column":63}},"type":"cond-expr","locations":[{"start":{"line":225,"column":27},"end":{"line":225,"column":56}},{"start":{"line":225,"column":59},"end":{"line":225,"column":63}}],"line":225},"13":{"loc":{"start":{"line":232,"column":4},"end":{"line":240,"column":5}},"type":"if","locations":[{"start":{"line":232,"column":4},"end":{"line":240,"column":5}},{"start":{},"end":{}}],"line":232},"14":{"loc":{"start":{"line":243,"column":4},"end":{"line":252,"column":5}},"type":"if","locations":[{"start":{"line":243,"column":4},"end":{"line":252,"column":5}},{"start":{},"end":{}}],"line":243},"15":{"loc":{"start":{"line":243,"column":8},"end":{"line":243,"column":91}},"type":"binary-expr","locations":[{"start":{"line":243,"column":8},"end":{"line":243,"column":24}},{"start":{"line":243,"column":28},"end":{"line":243,"column":91}}],"line":243},"16":{"loc":{"start":{"line":255,"column":4},"end":{"line":267,"column":5}},"type":"if","locations":[{"start":{"line":255,"column":4},"end":{"line":267,"column":5}},{"start":{},"end":{}}],"line":255},"17":{"loc":{"start":{"line":256,"column":26},"end":{"line":256,"column":71}},"type":"binary-expr","locations":[{"start":{"line":256,"column":26},"end":{"line":256,"column":66}},{"start":{"line":256,"column":70},"end":{"line":256,"column":71}}],"line":256},"18":{"loc":{"start":{"line":257,"column":6},"end":{"line":266,"column":7}},"type":"if","locations":[{"start":{"line":257,"column":6},"end":{"line":266,"column":7}},{"start":{},"end":{}}],"line":257},"19":{"loc":{"start":{"line":270,"column":4},"end":{"line":276,"column":5}},"type":"if","locations":[{"start":{"line":270,"column":4},"end":{"line":276,"column":5}},{"start":{},"end":{}}],"line":270},"20":{"loc":{"start":{"line":272,"column":6},"end":{"line":274,"column":7}},"type":"if","locations":[{"start":{"line":272,"column":6},"end":{"line":274,"column":7}},{"start":{},"end":{}}],"line":272},"21":{"loc":{"start":{"line":279,"column":4},"end":{"line":281,"column":5}},"type":"if","locations":[{"start":{"line":279,"column":4},"end":{"line":281,"column":5}},{"start":{},"end":{}}],"line":279},"22":{"loc":{"start":{"line":279,"column":8},"end":{"line":279,"column":65}},"type":"binary-expr","locations":[{"start":{"line":279,"column":8},"end":{"line":279,"column":26}},{"start":{"line":279,"column":30},"end":{"line":279,"column":65}}],"line":279},"23":{"loc":{"start":{"line":289,"column":24},"end":{"line":289,"column":54}},"type":"cond-expr","locations":[{"start":{"line":289,"column":36},"end":{"line":289,"column":50}},{"start":{"line":289,"column":53},"end":{"line":289,"column":54}}],"line":289},"24":{"loc":{"start":{"line":303,"column":4},"end":{"line":305,"column":5}},"type":"if","locations":[{"start":{"line":303,"column":4},"end":{"line":305,"column":5}},{"start":{},"end":{}}],"line":303},"25":{"loc":{"start":{"line":303,"column":8},"end":{"line":303,"column":33}},"type":"binary-expr","locations":[{"start":{"line":303,"column":8},"end":{"line":303,"column":13}},{"start":{"line":303,"column":17},"end":{"line":303,"column":33}}],"line":303},"26":{"loc":{"start":{"line":326,"column":24},"end":{"line":326,"column":69}},"type":"binary-expr","locations":[{"start":{"line":326,"column":24},"end":{"line":326,"column":64}},{"start":{"line":326,"column":68},"end":{"line":326,"column":69}}],"line":326},"27":{"loc":{"start":{"line":331,"column":4},"end":{"line":345,"column":5}},"type":"if","locations":[{"start":{"line":331,"column":4},"end":{"line":345,"column":5}},{"start":{},"end":{}}],"line":331},"28":{"loc":{"start":{"line":331,"column":8},"end":{"line":331,"column":30}},"type":"binary-expr","locations":[{"start":{"line":331,"column":8},"end":{"line":331,"column":12}},{"start":{"line":331,"column":16},"end":{"line":331,"column":30}}],"line":331},"29":{"loc":{"start":{"line":334,"column":6},"end":{"line":344,"column":7}},"type":"if","locations":[{"start":{"line":334,"column":6},"end":{"line":344,"column":7}},{"start":{"line":338,"column":13},"end":{"line":344,"column":7}}],"line":334},"30":{"loc":{"start":{"line":338,"column":13},"end":{"line":344,"column":7}},"type":"if","locations":[{"start":{"line":338,"column":13},"end":{"line":344,"column":7}},{"start":{"line":341,"column":13},"end":{"line":344,"column":7}}],"line":338},"31":{"loc":{"start":{"line":341,"column":13},"end":{"line":344,"column":7}},"type":"if","locations":[{"start":{"line":341,"column":13},"end":{"line":344,"column":7}},{"start":{},"end":{}}],"line":341},"32":{"loc":{"start":{"line":341,"column":17},"end":{"line":341,"column":54}},"type":"binary-expr","locations":[{"start":{"line":341,"column":17},"end":{"line":341,"column":35}},{"start":{"line":341,"column":39},"end":{"line":341,"column":54}}],"line":341},"33":{"loc":{"start":{"line":348,"column":4},"end":{"line":351,"column":5}},"type":"if","locations":[{"start":{"line":348,"column":4},"end":{"line":351,"column":5}},{"start":{},"end":{}}],"line":348},"34":{"loc":{"start":{"line":392,"column":11},"end":{"line":392,"column":21}},"type":"default-arg","locations":[{"start":{"line":392,"column":19},"end":{"line":392,"column":21}}],"line":392}},"s":{"0":1,"1":1,"2":1,"3":24,"4":24,"5":24,"6":24,"7":24,"8":24,"9":24,"10":23,"11":24,"12":24,"13":1,"14":1,"15":1,"16":110,"17":110,"18":3,"19":3,"20":3,"21":3,"22":1,"23":1,"24":1,"25":1,"26":2,"27":2,"28":2,"29":2,"30":2,"31":1,"32":1,"33":1,"34":2,"35":58,"36":58,"37":58,"38":58,"39":58,"40":37,"41":37,"42":37,"43":37,"44":37,"45":37,"46":37,"47":1,"48":1,"49":1,"50":1,"51":95,"52":22,"53":95,"54":95,"55":95,"56":58,"57":37,"58":95,"59":95,"60":95,"61":95,"62":95,"63":0,"64":109,"65":109,"66":109,"67":113,"68":113,"69":109,"70":13,"71":13,"72":11,"73":11,"74":13,"75":11,"76":11,"77":13,"78":13,"79":13,"80":5,"81":5,"82":13,"83":11,"84":11,"85":2,"86":11,"87":13,"88":1,"89":13,"90":14,"91":14,"92":14,"93":14,"94":15,"95":15,"96":0,"97":15,"98":17,"99":17,"100":17,"101":17,"102":6,"103":6,"104":5,"105":5,"106":1,"107":0,"108":1,"109":0,"110":17,"111":2,"112":2,"113":17,"114":17,"115":11,"116":11,"117":11,"118":11,"119":1,"120":2,"121":2,"122":1,"123":1,"124":1,"125":1,"126":1,"127":1},"f":{"0":24,"1":24,"2":110,"3":3,"4":58,"5":37,"6":1,"7":1,"8":95,"9":95,"10":109,"11":13,"12":14,"13":15,"14":17,"15":11,"16":1,"17":2,"18":1,"19":1},"b":{"0":[0],"1":[23,1],"2":[1,23],"3":[3,0],"4":[1,1],"5":[2,2],"6":[37,16],"7":[22,73],"8":[58,37],"9":[95,0],"10":[0,95],"11":[109,0],"12":[13,0],"13":[11,2],"14":[11,2],"15":[13,13],"16":[13,0],"17":[13,1],"18":[5,8],"19":[11,2],"20":[2,9],"21":[1,12],"22":[13,11],"23":[14,0],"24":[0,15],"25":[15,15],"26":[17,11],"27":[6,11],"28":[17,6],"29":[5,1],"30":[0,1],"31":[0,1],"32":[1,0],"33":[2,15],"34":[0]},"_coverageSchema":"1a1c01bbd47fc00a2c39e90264f33305004495a9","hash":"3bbad3f9c18a98e013970d8e3a6f7a9c7b2f3c4d"}
}
