<?xml version="1.0" encoding="UTF-8"?>
<coverage generated="1775807187586" clover="3.2.0">
  <project timestamp="1775807187587" name="All files">
    <metrics statements="229" coveredstatements="217" conditionals="120" coveredconditionals="100" methods="68" coveredmethods="68" elements="417" coveredelements="385" complexity="0" loc="229" ncloc="229" packages="1" files="4" classes="4"/>
    <file name="event-bus.js" path="/home/admin/.openclaw/skills/event-orchestrator/src/event-bus.js">
      <metrics statements="77" coveredstatements="71" conditionals="53" coveredconditionals="45" methods="16" coveredmethods="16"/>
      <line num="8" count="2" type="stmt"/>
      <line num="9" count="2" type="stmt"/>
      <line num="16" count="28" type="stmt"/>
      <line num="20" count="3" type="stmt"/>
      <line num="24" count="37" type="stmt"/>
      <line num="25" count="37" type="cond" truecount="2" falsecount="0"/>
      <line num="28" count="5" type="stmt"/>
      <line num="29" count="8" type="cond" truecount="4" falsecount="0"/>
      <line num="30" count="2" type="stmt"/>
      <line num="32" count="6" type="cond" truecount="4" falsecount="0"/>
      <line num="33" count="1" type="stmt"/>
      <line num="36" count="2" type="stmt"/>
      <line num="45" count="26" type="stmt"/>
      <line num="46" count="26" type="stmt"/>
      <line num="47" count="26" type="cond" truecount="1" falsecount="1"/>
      <line num="48" count="26" type="stmt"/>
      <line num="49" count="26" type="stmt"/>
      <line num="50" count="26" type="stmt"/>
      <line num="57" count="2" type="stmt"/>
      <line num="64" count="31" type="stmt"/>
      <line num="71" count="16" type="stmt"/>
      <line num="72" count="16" type="stmt"/>
      <line num="80" count="16" type="cond" truecount="2" falsecount="0"/>
      <line num="81" count="13" type="stmt"/>
      <line num="83" count="16" type="stmt"/>
      <line num="86" count="16" type="stmt"/>
      <line num="88" count="16" type="stmt"/>
      <line num="95" count="3" type="cond" truecount="1" falsecount="1"/>
      <line num="97" count="3" type="stmt"/>
      <line num="98" count="3" type="stmt"/>
      <line num="100" count="3" type="cond" truecount="1" falsecount="1"/>
      <line num="101" count="3" type="stmt"/>
      <line num="102" count="3" type="stmt"/>
      <line num="104" count="0" type="stmt"/>
      <line num="111" count="35" type="stmt"/>
      <line num="112" count="35" type="stmt"/>
      <line num="114" count="35" type="stmt"/>
      <line num="128" count="35" type="stmt"/>
      <line num="129" count="35" type="stmt"/>
      <line num="131" count="2" type="stmt"/>
      <line num="135" count="33" type="stmt"/>
      <line num="136" count="33" type="stmt"/>
      <line num="137" count="18" type="stmt"/>
      <line num="138" count="18" type="stmt"/>
      <line num="139" count="0" type="cond" truecount="0" falsecount="2"/>
      <line num="140" count="0" type="stmt"/>
      <line num="141" count="0" type="stmt"/>
      <line num="144" count="18" type="stmt"/>
      <line num="148" count="33" type="cond" truecount="1" falsecount="1"/>
      <line num="149" count="0" type="stmt"/>
      <line num="153" count="33" type="stmt"/>
      <line num="156" count="33" type="cond" truecount="2" falsecount="0"/>
      <line num="157" count="33" type="stmt"/>
      <line num="159" count="33" type="stmt"/>
      <line num="161" count="9" type="cond" truecount="4" falsecount="0"/>
      <line num="162" count="1" type="stmt"/>
      <line num="165" count="8" type="stmt"/>
      <line num="166" count="8" type="stmt"/>
      <line num="167" count="8" type="stmt"/>
      <line num="170" count="8" type="cond" truecount="2" falsecount="0"/>
      <line num="171" count="1" type="stmt"/>
      <line num="174" count="0" type="stmt"/>
      <line num="179" count="33" type="stmt"/>
      <line num="181" count="33" type="stmt"/>
      <line num="193" count="33" type="stmt"/>
      <line num="194" count="33" type="cond" truecount="2" falsecount="0"/>
      <line num="195" count="5" type="stmt"/>
      <line num="203" count="6" type="stmt"/>
      <line num="204" count="6" type="cond" truecount="2" falsecount="0"/>
      <line num="205" count="3" type="stmt"/>
      <line num="207" count="6" type="stmt"/>
      <line num="214" count="26" type="stmt"/>
      <line num="221" count="3" type="stmt"/>
      <line num="222" count="3" type="stmt"/>
      <line num="223" count="4" type="stmt"/>
      <line num="225" count="3" type="stmt"/>
      <line num="229" count="2" type="stmt"/>
    </file>
    <file name="index.js" path="/home/admin/.openclaw/skills/event-orchestrator/src/index.js">
      <metrics statements="33" coveredstatements="33" conditionals="10" coveredconditionals="9" methods="15" coveredmethods="15"/>
      <line num="8" count="1" type="stmt"/>
      <line num="15" count="1" type="stmt"/>
      <line num="20" count="1" type="stmt"/>
      <line num="27" count="15" type="stmt"/>
      <line num="31" count="15" type="stmt"/>
      <line num="32" count="15" type="stmt"/>
      <line num="35" count="15" type="stmt"/>
      <line num="43" count="15" type="stmt"/>
      <line num="46" count="15" type="stmt"/>
      <line num="56" count="1" type="stmt"/>
      <line num="63" count="7" type="stmt"/>
      <line num="70" count="1" type="stmt"/>
      <line num="77" count="9" type="stmt"/>
      <line num="84" count="8" type="stmt"/>
      <line num="85" count="8" type="stmt"/>
      <line num="86" count="8" type="stmt"/>
      <line num="93" count="6" type="stmt"/>
      <line num="94" count="6" type="cond" truecount="2" falsecount="0"/>
      <line num="95" count="1" type="stmt"/>
      <line num="97" count="5" type="stmt"/>
      <line num="104" count="2" type="stmt"/>
      <line num="105" count="2" type="stmt"/>
      <line num="106" count="2" type="stmt"/>
      <line num="108" count="2" type="stmt"/>
      <line num="115" count="2" type="stmt"/>
      <line num="122" count="1" type="stmt"/>
      <line num="129" count="1" type="stmt"/>
      <line num="136" count="16" type="stmt"/>
      <line num="137" count="16" type="stmt"/>
      <line num="144" count="1" type="stmt"/>
      <line num="145" count="1" type="stmt"/>
      <line num="159" count="1" type="stmt"/>
      <line num="211" count="1" type="stmt"/>
    </file>
    <file name="middleware-chain.js" path="/home/admin/.openclaw/skills/event-orchestrator/src/middleware-chain.js">
      <metrics statements="61" coveredstatements="59" conditionals="35" coveredconditionals="31" methods="15" coveredmethods="15"/>
      <line num="13" count="19" type="cond" truecount="2" falsecount="0"/>
      <line num="14" count="19" type="cond" truecount="2" falsecount="0"/>
      <line num="18" count="2" type="stmt"/>
      <line num="25" count="2" type="cond" truecount="2" falsecount="2"/>
      <line num="27" count="1" type="stmt"/>
      <line num="28" count="1" type="stmt"/>
      <line num="30" count="1" type="stmt"/>
      <line num="31" count="1" type="stmt"/>
      <line num="35" count="0" type="stmt"/>
      <line num="38" count="2" type="stmt"/>
      <line num="47" count="4" type="stmt"/>
      <line num="51" count="3" type="stmt"/>
      <line num="52" count="3" type="stmt"/>
      <line num="53" count="2" type="cond" truecount="2" falsecount="0"/>
      <line num="54" count="1" type="stmt"/>
      <line num="56" count="1" type="stmt"/>
      <line num="58" count="1" type="stmt"/>
      <line num="59" count="1" type="stmt"/>
      <line num="69" count="5" type="cond" truecount="2" falsecount="0"/>
      <line num="70" count="5" type="cond" truecount="2" falsecount="0"/>
      <line num="74" count="2" type="stmt"/>
      <line num="76" count="2" type="cond" truecount="2" falsecount="0"/>
      <line num="77" count="1" type="stmt"/>
      <line num="78" count="1" type="stmt"/>
      <line num="81" count="1" type="stmt"/>
      <line num="87" count="2" type="stmt"/>
      <line num="88" count="4" type="stmt"/>
      <line num="89" count="4" type="stmt"/>
      <line num="91" count="3" type="stmt"/>
      <line num="92" count="3" type="stmt"/>
      <line num="93" count="3" type="stmt"/>
      <line num="97" count="1" type="stmt"/>
      <line num="101" count="3" type="stmt"/>
      <line num="110" count="18" type="cond" truecount="2" falsecount="0"/>
      <line num="111" count="18" type="cond" truecount="2" falsecount="0"/>
      <line num="112" count="18" type="stmt"/>
      <line num="116" count="5" type="stmt"/>
      <line num="117" count="5" type="stmt"/>
      <line num="120" count="5" type="stmt"/>
      <line num="121" count="6" type="stmt"/>
      <line num="122" count="3" type="cond" truecount="1" falsecount="1"/>
      <line num="123" count="0" type="stmt"/>
      <line num="125" count="3" type="stmt"/>
      <line num="130" count="5" type="cond" truecount="2" falsecount="0"/>
      <line num="131" count="5" type="cond" truecount="2" falsecount="0"/>
      <line num="132" count="1" type="stmt"/>
      <line num="133" count="1" type="stmt"/>
      <line num="137" count="4" type="cond" truecount="2" falsecount="0"/>
      <line num="138" count="2" type="stmt"/>
      <line num="140" count="4" type="stmt"/>
      <line num="142" count="4" type="stmt"/>
      <line num="151" count="4" type="stmt"/>
      <line num="155" count="7" type="stmt"/>
      <line num="159" count="3" type="stmt"/>
      <line num="160" count="6" type="stmt"/>
      <line num="161" count="6" type="cond" truecount="1" falsecount="1"/>
      <line num="165" count="5" type="cond" truecount="2" falsecount="0"/>
      <line num="166" count="1" type="stmt"/>
      <line num="169" count="1" type="stmt"/>
      <line num="173" count="2" type="stmt"/>
      <line num="177" count="2" type="stmt"/>
    </file>
    <file name="state-machine.js" path="/home/admin/.openclaw/skills/event-orchestrator/src/state-machine.js">
      <metrics statements="58" coveredstatements="54" conditionals="22" coveredconditionals="15" methods="22" coveredmethods="22"/>
      <line num="11" count="2" type="stmt"/>
      <line num="23" count="2" type="stmt"/>
      <line num="37" count="32" type="stmt"/>
      <line num="38" count="32" type="stmt"/>
      <line num="39" count="32" type="cond" truecount="2" falsecount="0"/>
      <line num="40" count="32" type="stmt"/>
      <line num="47" count="23" type="stmt"/>
      <line num="54" count="35" type="cond" truecount="1" falsecount="1"/>
      <line num="55" count="35" type="stmt"/>
      <line num="62" count="33" type="cond" truecount="2" falsecount="0"/>
      <line num="63" count="1" type="stmt"/>
      <line num="69" count="32" type="stmt"/>
      <line num="70" count="32" type="stmt"/>
      <line num="72" count="32" type="stmt"/>
      <line num="79" count="32" type="stmt"/>
      <line num="82" count="32" type="stmt"/>
      <line num="84" count="32" type="stmt"/>
      <line num="95" count="1" type="stmt"/>
      <line num="102" count="32" type="stmt"/>
      <line num="103" count="1" type="stmt"/>
      <line num="104" count="1" type="stmt"/>
      <line num="106" count="0" type="stmt"/>
      <line num="115" count="14" type="stmt"/>
      <line num="122" count="3" type="stmt"/>
      <line num="123" count="1" type="cond" truecount="1" falsecount="1"/>
      <line num="125" count="1" type="stmt"/>
      <line num="126" count="1" type="stmt"/>
      <line num="127" count="3" type="cond" truecount="2" falsecount="0"/>
      <line num="130" count="1" type="cond" truecount="1" falsecount="1"/>
      <line num="131" count="1" type="stmt"/>
      <line num="135" count="0" type="cond" truecount="0" falsecount="2"/>
      <line num="136" count="0" type="stmt"/>
      <line num="139" count="0" type="stmt"/>
      <line num="146" count="2" type="stmt"/>
      <line num="158" count="1" type="stmt"/>
      <line num="159" count="1" type="cond" truecount="1" falsecount="1"/>
      <line num="160" count="1" type="stmt"/>
      <line num="167" count="16" type="stmt"/>
      <line num="174" count="15" type="stmt"/>
      <line num="183" count="17" type="stmt"/>
      <line num="184" count="17" type="stmt"/>
      <line num="185" count="17" type="stmt"/>
      <line num="188" count="17" type="stmt"/>
      <line num="189" count="17" type="stmt"/>
      <line num="193" count="10" type="stmt"/>
      <line num="194" count="10" type="stmt"/>
      <line num="198" count="4" type="stmt"/>
      <line num="199" count="4" type="stmt"/>
      <line num="203" count="3" type="stmt"/>
      <line num="204" count="3" type="stmt"/>
      <line num="208" count="2" type="stmt"/>
      <line num="209" count="2" type="stmt"/>
      <line num="213" count="2" type="stmt"/>
      <line num="214" count="2" type="stmt"/>
      <line num="218" count="1" type="stmt"/>
      <line num="219" count="1" type="stmt"/>
      <line num="223" count="13" type="stmt"/>
      <line num="235" count="2" type="stmt"/>
    </file>
  </project>
</coverage>
