{"/home/admin/.openclaw/skills/event-orchestrator/src/event-bus.js": {"path":"/home/admin/.openclaw/skills/event-orchestrator/src/event-bus.js","statementMap":{"0":{"start":{"line":8,"column":21},"end":{"line":8,"column":38}},"1":{"start":{"line":9,"column":15},"end":{"line":9,"column":32}},"2":{"start":{"line":16,"column":4},"end":{"line":16,"column":41}},"3":{"start":{"line":20,"column":4},"end":{"line":20,"column":44}},"4":{"start":{"line":24,"column":19},"end":{"line":24,"column":49}},"5":{"start":{"line":25,"column":4},"end":{"line":25,"column":29}},"6":{"start":{"line":25,"column":17},"end":{"line":25,"column":29}},"7":{"start":{"line":28,"column":4},"end":{"line":35,"column":5}},"8":{"start":{"line":29,"column":6},"end":{"line":31,"column":7}},"9":{"start":{"line":30,"column":8},"end":{"line":30,"column":58}},"10":{"start":{"line":32,"column":6},"end":{"line":34,"column":7}},"11":{"start":{"line":33,"column":8},"end":{"line":33,"column":97}},"12":{"start":{"line":36,"column":4},"end":{"line":36,"column":16}},"13":{"start":{"line":45,"column":4},"end":{"line":45,"column":12}},"14":{"start":{"line":46,"column":4},"end":{"line":46,"column":27}},"15":{"start":{"line":47,"column":4},"end":{"line":47,"column":57}},"16":{"start":{"line":48,"column":4},"end":{"line":48,"column":42}},"17":{"start":{"line":49,"column":4},"end":{"line":49,"column":30}},"18":{"start":{"line":50,"column":4},"end":{"line":50,"column":33}},"19":{"start":{"line":57,"column":4},"end":{"line":57,"column":53}},"20":{"start":{"line":64,"column":4},"end":{"line":64,"column":42}},"21":{"start":{"line":71,"column":25},"end":{"line":71,"column":62}},"22":{"start":{"line":72,"column":23},"end":{"line":78,"column":5}},"23":{"start":{"line":80,"column":4},"end":{"line":82,"column":5}},"24":{"start":{"line":81,"column":6},"end":{"line":81,"column":42}},"25":{"start":{"line":83,"column":4},"end":{"line":83,"column":53}},"26":{"start":{"line":86,"column":4},"end":{"line":86,"column":76}},"27":{"start":{"line":86,"column":51},"end":{"line":86,"column":74}},"28":{"start":{"line":88,"column":4},"end":{"line":88,"column":24}},"29":{"start":{"line":95,"column":4},"end":{"line":95,"column":55}},"30":{"start":{"line":95,"column":42},"end":{"line":95,"column":55}},"31":{"start":{"line":97,"column":24},"end":{"line":97,"column":55}},"32":{"start":{"line":98,"column":18},"end":{"line":98,"column":67}},"33":{"start":{"line":98,"column":45},"end":{"line":98,"column":66}},"34":{"start":{"line":100,"column":4},"end":{"line":103,"column":5}},"35":{"start":{"line":101,"column":6},"end":{"line":101,"column":35}},"36":{"start":{"line":102,"column":6},"end":{"line":102,"column":18}},"37":{"start":{"line":104,"column":4},"end":{"line":104,"column":17}},"38":{"start":{"line":111,"column":20},"end":{"line":111,"column":58}},"39":{"start":{"line":112,"column":22},"end":{"line":112,"column":32}},"40":{"start":{"line":114,"column":18},"end":{"line":125,"column":5}},"41":{"start":{"line":128,"column":4},"end":{"line":132,"column":5}},"42":{"start":{"line":129,"column":6},"end":{"line":129,"column":50}},"43":{"start":{"line":131,"column":6},"end":{"line":131,"column":67}},"44":{"start":{"line":135,"column":25},"end":{"line":135,"column":29}},"45":{"start":{"line":136,"column":4},"end":{"line":146,"column":5}},"46":{"start":{"line":137,"column":6},"end":{"line":145,"column":7}},"47":{"start":{"line":138,"column":23},"end":{"line":138,"column":46}},"48":{"start":{"line":139,"column":8},"end":{"line":142,"column":9}},"49":{"start":{"line":140,"column":10},"end":{"line":140,"column":33}},"50":{"start":{"line":141,"column":10},"end":{"line":141,"column":16}},"51":{"start":{"line":144,"column":8},"end":{"line":144,"column":60}},"52":{"start":{"line":148,"column":4},"end":{"line":150,"column":5}},"53":{"start":{"line":149,"column":6},"end":{"line":149,"column":74}},"54":{"start":{"line":153,"column":4},"end":{"line":153,"column":30}},"55":{"start":{"line":156,"column":24},"end":{"line":156,"column":61}},"56":{"start":{"line":157,"column":20},"end":{"line":157,"column":22}},"57":{"start":{"line":159,"column":4},"end":{"line":176,"column":5}},"58":{"start":{"line":161,"column":6},"end":{"line":163,"column":7}},"59":{"start":{"line":162,"column":8},"end":{"line":162,"column":17}},"60":{"start":{"line":165,"column":6},"end":{"line":175,"column":7}},"61":{"start":{"line":166,"column":23},"end":{"line":166,"column":54}},"62":{"start":{"line":167,"column":8},"end":{"line":167,"column":81}},"63":{"start":{"line":170,"column":8},"end":{"line":172,"column":9}},"64":{"start":{"line":171,"column":10},"end":{"line":171,"column":53}},"65":{"start":{"line":174,"column":8},"end":{"line":174,"column":94}},"66":{"start":{"line":179,"column":4},"end":{"line":179,"column":33}},"67":{"start":{"line":181,"column":4},"end":{"line":186,"column":6}},"68":{"start":{"line":193,"column":4},"end":{"line":193,"column":34}},"69":{"start":{"line":194,"column":4},"end":{"line":196,"column":5}},"70":{"start":{"line":195,"column":6},"end":{"line":195,"column":32}},"71":{"start":{"line":203,"column":18},"end":{"line":203,"column":35}},"72":{"start":{"line":204,"column":4},"end":{"line":206,"column":5}},"73":{"start":{"line":205,"column":6},"end":{"line":205,"column":58}},"74":{"start":{"line":205,"column":36},"end":{"line":205,"column":56}},"75":{"start":{"line":207,"column":4},"end":{"line":207,"column":33}},"76":{"start":{"line":214,"column":4},"end":{"line":214,"column":27}},"77":{"start":{"line":221,"column":18},"end":{"line":221,"column":20}},"78":{"start":{"line":222,"column":4},"end":{"line":224,"column":5}},"79":{"start":{"line":223,"column":6},"end":{"line":223,"column":44}},"80":{"start":{"line":225,"column":4},"end":{"line":225,"column":17}},"81":{"start":{"line":229,"column":0},"end":{"line":229,"column":46}}},"fnMap":{"0":{"name":"(anonymous_0)","decl":{"start":{"line":15,"column":2},"end":{"line":15,"column":3}},"loc":{"start":{"line":15,"column":35},"end":{"line":17,"column":3}},"line":15},"1":{"name":"(anonymous_1)","decl":{"start":{"line":19,"column":2},"end":{"line":19,"column":3}},"loc":{"start":{"line":19,"column":36},"end":{"line":21,"column":3}},"line":19},"2":{"name":"(anonymous_2)","decl":{"start":{"line":23,"column":2},"end":{"line":23,"column":3}},"loc":{"start":{"line":23,"column":31},"end":{"line":37,"column":3}},"line":23},"3":{"name":"(anonymous_3)","decl":{"start":{"line":44,"column":2},"end":{"line":44,"column":3}},"loc":{"start":{"line":44,"column":28},"end":{"line":51,"column":3}},"line":44},"4":{"name":"(anonymous_4)","decl":{"start":{"line":56,"column":2},"end":{"line":56,"column":3}},"loc":{"start":{"line":56,"column":36},"end":{"line":58,"column":3}},"line":56},"5":{"name":"(anonymous_5)","decl":{"start":{"line":63,"column":2},"end":{"line":63,"column":3}},"loc":{"start":{"line":63,"column":18},"end":{"line":65,"column":3}},"line":63},"6":{"name":"(anonymous_6)","decl":{"start":{"line":70,"column":2},"end":{"line":70,"column":3}},"loc":{"start":{"line":70,"column":46},"end":{"line":89,"column":3}},"line":70},"7":{"name":"(anonymous_7)","decl":{"start":{"line":86,"column":41},"end":{"line":86,"column":42}},"loc":{"start":{"line":86,"column":51},"end":{"line":86,"column":74}},"line":86},"8":{"name":"(anonymous_8)","decl":{"start":{"line":94,"column":2},"end":{"line":94,"column":3}},"loc":{"start":{"line":94,"column":39},"end":{"line":105,"column":3}},"line":94},"9":{"name":"(anonymous_9)","decl":{"start":{"line":98,"column":40},"end":{"line":98,"column":41}},"loc":{"start":{"line":98,"column":45},"end":{"line":98,"column":66}},"line":98},"10":{"name":"(anonymous_10)","decl":{"start":{"line":110,"column":2},"end":{"line":110,"column":3}},"loc":{"start":{"line":110,"column":56},"end":{"line":187,"column":3}},"line":110},"11":{"name":"(anonymous_11)","decl":{"start":{"line":192,"column":2},"end":{"line":192,"column":3}},"loc":{"start":{"line":192,"column":23},"end":{"line":197,"column":3}},"line":192},"12":{"name":"(anonymous_12)","decl":{"start":{"line":202,"column":2},"end":{"line":202,"column":3}},"loc":{"start":{"line":202,"column":44},"end":{"line":208,"column":3}},"line":202},"13":{"name":"(anonymous_13)","decl":{"start":{"line":205,"column":31},"end":{"line":205,"column":32}},"loc":{"start":{"line":205,"column":36},"end":{"line":205,"column":56}},"line":205},"14":{"name":"(anonymous_14)","decl":{"start":{"line":213,"column":2},"end":{"line":213,"column":3}},"loc":{"start":{"line":213,"column":17},"end":{"line":215,"column":3}},"line":213},"15":{"name":"(anonymous_15)","decl":{"start":{"line":220,"column":2},"end":{"line":220,"column":3}},"loc":{"start":{"line":220,"column":23},"end":{"line":226,"column":3}},"line":220}},"branchMap":{"0":{"loc":{"start":{"line":15,"column":14},"end":{"line":15,"column":33}},"type":"default-arg","locations":[{"start":{"line":15,"column":31},"end":{"line":15,"column":33}}],"line":15},"1":{"loc":{"start":{"line":25,"column":4},"end":{"line":25,"column":29}},"type":"if","locations":[{"start":{"line":25,"column":4},"end":{"line":25,"column":29}},{"start":{},"end":{}}],"line":25},"2":{"loc":{"start":{"line":29,"column":6},"end":{"line":31,"column":7}},"type":"if","locations":[{"start":{"line":29,"column":6},"end":{"line":31,"column":7}},{"start":{},"end":{}}],"line":29},"3":{"loc":{"start":{"line":29,"column":10},"end":{"line":29,"column":70}},"type":"binary-expr","locations":[{"start":{"line":29,"column":10},"end":{"line":29,"column":36}},{"start":{"line":29,"column":40},"end":{"line":29,"column":70}}],"line":29},"4":{"loc":{"start":{"line":32,"column":6},"end":{"line":34,"column":7}},"type":"if","locations":[{"start":{"line":32,"column":6},"end":{"line":34,"column":7}},{"start":{},"end":{}}],"line":32},"5":{"loc":{"start":{"line":32,"column":10},"end":{"line":32,"column":68}},"type":"binary-expr","locations":[{"start":{"line":32,"column":10},"end":{"line":32,"column":36}},{"start":{"line":32,"column":40},"end":{"line":32,"column":68}}],"line":32},"6":{"loc":{"start":{"line":44,"column":14},"end":{"line":44,"column":26}},"type":"default-arg","locations":[{"start":{"line":44,"column":24},"end":{"line":44,"column":26}}],"line":44},"7":{"loc":{"start":{"line":47,"column":26},"end":{"line":47,"column":56}},"type":"binary-expr","locations":[{"start":{"line":47,"column":26},"end":{"line":47,"column":48}},{"start":{"line":47,"column":52},"end":{"line":47,"column":56}}],"line":47},"8":{"loc":{"start":{"line":70,"column":32},"end":{"line":70,"column":44}},"type":"default-arg","locations":[{"start":{"line":70,"column":42},"end":{"line":70,"column":44}}],"line":70},"9":{"loc":{"start":{"line":75,"column":16},"end":{"line":75,"column":37}},"type":"binary-expr","locations":[{"start":{"line":75,"column":16},"end":{"line":75,"column":32}},{"start":{"line":75,"column":36},"end":{"line":75,"column":37}}],"line":75},"10":{"loc":{"start":{"line":76,"column":14},"end":{"line":76,"column":36}},"type":"binary-expr","locations":[{"start":{"line":76,"column":14},"end":{"line":76,"column":28}},{"start":{"line":76,"column":32},"end":{"line":76,"column":36}}],"line":76},"11":{"loc":{"start":{"line":77,"column":12},"end":{"line":77,"column":33}},"type":"binary-expr","locations":[{"start":{"line":77,"column":12},"end":{"line":77,"column":24}},{"start":{"line":77,"column":28},"end":{"line":77,"column":33}}],"line":77},"12":{"loc":{"start":{"line":80,"column":4},"end":{"line":82,"column":5}},"type":"if","locations":[{"start":{"line":80,"column":4},"end":{"line":82,"column":5}},{"start":{},"end":{}}],"line":80},"13":{"loc":{"start":{"line":95,"column":4},"end":{"line":95,"column":55}},"type":"if","locations":[{"start":{"line":95,"column":4},"end":{"line":95,"column":55}},{"start":{},"end":{}}],"line":95},"14":{"loc":{"start":{"line":100,"column":4},"end":{"line":103,"column":5}},"type":"if","locations":[{"start":{"line":100,"column":4},"end":{"line":103,"column":5}},{"start":{},"end":{}}],"line":100},"15":{"loc":{"start":{"line":110,"column":27},"end":{"line":110,"column":39}},"type":"default-arg","locations":[{"start":{"line":110,"column":37},"end":{"line":110,"column":39}}],"line":110},"16":{"loc":{"start":{"line":110,"column":41},"end":{"line":110,"column":54}},"type":"default-arg","locations":[{"start":{"line":110,"column":52},"end":{"line":110,"column":54}}],"line":110},"17":{"loc":{"start":{"line":120,"column":23},"end":{"line":120,"column":56}},"type":"binary-expr","locations":[{"start":{"line":120,"column":23},"end":{"line":120,"column":45}},{"start":{"line":120,"column":49},"end":{"line":120,"column":56}}],"line":120},"18":{"loc":{"start":{"line":121,"column":21},"end":{"line":121,"column":49}},"type":"binary-expr","locations":[{"start":{"line":121,"column":21},"end":{"line":121,"column":41}},{"start":{"line":121,"column":45},"end":{"line":121,"column":49}}],"line":121},"19":{"loc":{"start":{"line":122,"column":20},"end":{"line":122,"column":44}},"type":"binary-expr","locations":[{"start":{"line":122,"column":20},"end":{"line":122,"column":39}},{"start":{"line":122,"column":43},"end":{"line":122,"column":44}}],"line":122},"20":{"loc":{"start":{"line":139,"column":8},"end":{"line":142,"column":9}},"type":"if","locations":[{"start":{"line":139,"column":8},"end":{"line":142,"column":9}},{"start":{},"end":{}}],"line":139},"21":{"loc":{"start":{"line":148,"column":4},"end":{"line":150,"column":5}},"type":"if","locations":[{"start":{"line":148,"column":4},"end":{"line":150,"column":5}},{"start":{},"end":{}}],"line":148},"22":{"loc":{"start":{"line":156,"column":24},"end":{"line":156,"column":61}},"type":"binary-expr","locations":[{"start":{"line":156,"column":24},"end":{"line":156,"column":55}},{"start":{"line":156,"column":59},"end":{"line":156,"column":61}}],"line":156},"23":{"loc":{"start":{"line":161,"column":6},"end":{"line":163,"column":7}},"type":"if","locations":[{"start":{"line":161,"column":6},"end":{"line":163,"column":7}},{"start":{},"end":{}}],"line":161},"24":{"loc":{"start":{"line":161,"column":10},"end":{"line":161,"column":58}},"type":"binary-expr","locations":[{"start":{"line":161,"column":10},"end":{"line":161,"column":27}},{"start":{"line":161,"column":31},"end":{"line":161,"column":58}}],"line":161},"25":{"loc":{"start":{"line":170,"column":8},"end":{"line":172,"column":9}},"type":"if","locations":[{"start":{"line":170,"column":8},"end":{"line":172,"column":9}},{"start":{},"end":{}}],"line":170},"26":{"loc":{"start":{"line":194,"column":4},"end":{"line":196,"column":5}},"type":"if","locations":[{"start":{"line":194,"column":4},"end":{"line":196,"column":5}},{"start":{},"end":{}}],"line":194},"27":{"loc":{"start":{"line":202,"column":13},"end":{"line":202,"column":24}},"type":"default-arg","locations":[{"start":{"line":202,"column":21},"end":{"line":202,"column":24}}],"line":202},"28":{"loc":{"start":{"line":202,"column":26},"end":{"line":202,"column":42}},"type":"default-arg","locations":[{"start":{"line":202,"column":38},"end":{"line":202,"column":42}}],"line":202},"29":{"loc":{"start":{"line":204,"column":4},"end":{"line":206,"column":5}},"type":"if","locations":[{"start":{"line":204,"column":4},"end":{"line":206,"column":5}},{"start":{},"end":{}}],"line":204}},"s":{"0":2,"1":2,"2":28,"3":3,"4":37,"5":37,"6":32,"7":5,"8":8,"9":2,"10":6,"11":1,"12":2,"13":26,"14":26,"15":26,"16":26,"17":26,"18":26,"19":2,"20":31,"21":16,"22":16,"23":16,"24":13,"25":16,"26":16,"27":3,"28":16,"29":3,"30":0,"31":3,"32":3,"33":3,"34":3,"35":3,"36":3,"37":0,"38":35,"39":35,"40":35,"41":35,"42":35,"43":2,"44":33,"45":33,"46":18,"47":18,"48":0,"49":0,"50":0,"51":18,"52":33,"53":0,"54":33,"55":33,"56":33,"57":33,"58":9,"59":1,"60":8,"61":8,"62":8,"63":8,"64":1,"65":0,"66":33,"67":33,"68":33,"69":33,"70":5,"71":6,"72":6,"73":1,"74":3,"75":6,"76":26,"77":3,"78":3,"79":4,"80":3,"81":2},"f":{"0":28,"1":3,"2":37,"3":26,"4":2,"5":31,"6":16,"7":3,"8":3,"9":3,"10":35,"11":33,"12":6,"13":3,"14":26,"15":3},"b":{"0":[28],"1":[32,5],"2":[2,6],"3":[8,4],"4":[1,5],"5":[6,4],"6":[0],"7":[26,0],"8":[7],"9":[16,16],"10":[16,15],"11":[16,15],"12":[13,3],"13":[0,3],"14":[3,0],"15":[0],"16":[26],"17":[35,35],"18":[35,35],"19":[35,35],"20":[0,0],"21":[0,33],"22":[33,22],"23":[1,8],"24":[9,2],"25":[1,7],"26":[5,28],"27":[2],"28":[3],"29":[1,5]},"_coverageSchema":"1a1c01bbd47fc00a2c39e90264f33305004495a9","hash":"de9b51a5a7465b12c8becbbc5a541e8a6e415aa5"}
,"/home/admin/.openclaw/skills/event-orchestrator/src/index.js": {"path":"/home/admin/.openclaw/skills/event-orchestrator/src/index.js","statementMap":{"0":{"start":{"line":8,"column":21},"end":{"line":8,"column":43}},"1":{"start":{"line":15,"column":4},"end":{"line":15,"column":33}},"2":{"start":{"line":20,"column":4},"end":{"line":20,"column":30}},"3":{"start":{"line":27,"column":4},"end":{"line":29,"column":7}},"4":{"start":{"line":31,"column":4},"end":{"line":31,"column":27}},"5":{"start":{"line":32,"column":4},"end":{"line":32,"column":27}},"6":{"start":{"line":35,"column":4},"end":{"line":35,"column":38}},"7":{"start":{"line":43,"column":4},"end":{"line":43,"column":67}},"8":{"start":{"line":46,"column":4},"end":{"line":49,"column":8}},"9":{"start":{"line":56,"column":4},"end":{"line":56,"column":52}},"10":{"start":{"line":63,"column":4},"end":{"line":63,"column":64}},"11":{"start":{"line":70,"column":4},"end":{"line":70,"column":62}},"12":{"start":{"line":77,"column":4},"end":{"line":77,"column":69}},"13":{"start":{"line":84,"column":17},"end":{"line":84,"column":58}},"14":{"start":{"line":85,"column":4},"end":{"line":85,"column":33}},"15":{"start":{"line":86,"column":4},"end":{"line":86,"column":16}},"16":{"start":{"line":93,"column":17},"end":{"line":93,"column":39}},"17":{"start":{"line":94,"column":4},"end":{"line":96,"column":5}},"18":{"start":{"line":95,"column":6},"end":{"line":95,"column":49}},"19":{"start":{"line":97,"column":4},"end":{"line":97,"column":28}},"20":{"start":{"line":104,"column":19},"end":{"line":104,"column":21}},"21":{"start":{"line":105,"column":4},"end":{"line":107,"column":5}},"22":{"start":{"line":106,"column":6},"end":{"line":106,"column":40}},"23":{"start":{"line":108,"column":4},"end":{"line":108,"column":18}},"24":{"start":{"line":115,"column":4},"end":{"line":115,"column":54}},"25":{"start":{"line":122,"column":4},"end":{"line":122,"column":46}},"26":{"start":{"line":129,"column":4},"end":{"line":129,"column":34}},"27":{"start":{"line":136,"column":4},"end":{"line":136,"column":33}},"28":{"start":{"line":137,"column":4},"end":{"line":137,"column":23}},"29":{"start":{"line":144,"column":4},"end":{"line":152,"column":6}},"30":{"start":{"line":145,"column":67},"end":{"line":148,"column":7}},"31":{"start":{"line":159,"column":21},"end":{"line":209,"column":1}},"32":{"start":{"line":211,"column":0},"end":{"line":222,"column":2}}},"fnMap":{"0":{"name":"(anonymous_0)","decl":{"start":{"line":26,"column":2},"end":{"line":26,"column":3}},"loc":{"start":{"line":26,"column":28},"end":{"line":36,"column":3}},"line":26},"1":{"name":"(anonymous_1)","decl":{"start":{"line":41,"column":2},"end":{"line":41,"column":3}},"loc":{"start":{"line":41,"column":31},"end":{"line":50,"column":3}},"line":41},"2":{"name":"(anonymous_2)","decl":{"start":{"line":55,"column":2},"end":{"line":55,"column":3}},"loc":{"start":{"line":55,"column":36},"end":{"line":57,"column":3}},"line":55},"3":{"name":"(anonymous_3)","decl":{"start":{"line":62,"column":2},"end":{"line":62,"column":3}},"loc":{"start":{"line":62,"column":46},"end":{"line":64,"column":3}},"line":62},"4":{"name":"(anonymous_4)","decl":{"start":{"line":69,"column":2},"end":{"line":69,"column":3}},"loc":{"start":{"line":69,"column":39},"end":{"line":71,"column":3}},"line":69},"5":{"name":"(anonymous_5)","decl":{"start":{"line":76,"column":2},"end":{"line":76,"column":3}},"loc":{"start":{"line":76,"column":56},"end":{"line":78,"column":3}},"line":76},"6":{"name":"(anonymous_6)","decl":{"start":{"line":83,"column":2},"end":{"line":83,"column":3}},"loc":{"start":{"line":83,"column":33},"end":{"line":87,"column":3}},"line":83},"7":{"name":"(anonymous_7)","decl":{"start":{"line":92,"column":2},"end":{"line":92,"column":3}},"loc":{"start":{"line":92,"column":24},"end":{"line":98,"column":3}},"line":92},"8":{"name":"(anonymous_8)","decl":{"start":{"line":103,"column":2},"end":{"line":103,"column":3}},"loc":{"start":{"line":103,"column":22},"end":{"line":109,"column":3}},"line":103},"9":{"name":"(anonymous_9)","decl":{"start":{"line":114,"column":2},"end":{"line":114,"column":3}},"loc":{"start":{"line":114,"column":49},"end":{"line":116,"column":3}},"line":114},"10":{"name":"(anonymous_10)","decl":{"start":{"line":121,"column":2},"end":{"line":121,"column":3}},"loc":{"start":{"line":121,"column":23},"end":{"line":123,"column":3}},"line":121},"11":{"name":"(anonymous_11)","decl":{"start":{"line":128,"column":2},"end":{"line":128,"column":3}},"loc":{"start":{"line":128,"column":28},"end":{"line":130,"column":3}},"line":128},"12":{"name":"(anonymous_12)","decl":{"start":{"line":135,"column":2},"end":{"line":135,"column":3}},"loc":{"start":{"line":135,"column":10},"end":{"line":138,"column":3}},"line":135},"13":{"name":"(anonymous_13)","decl":{"start":{"line":143,"column":2},"end":{"line":143,"column":3}},"loc":{"start":{"line":143,"column":16},"end":{"line":153,"column":3}},"line":143},"14":{"name":"(anonymous_14)","decl":{"start":{"line":145,"column":50},"end":{"line":145,"column":51}},"loc":{"start":{"line":145,"column":67},"end":{"line":148,"column":7}},"line":145}},"branchMap":{"0":{"loc":{"start":{"line":26,"column":14},"end":{"line":26,"column":26}},"type":"default-arg","locations":[{"start":{"line":26,"column":24},"end":{"line":26,"column":26}}],"line":26},"1":{"loc":{"start":{"line":28,"column":22},"end":{"line":28,"column":52}},"type":"binary-expr","locations":[{"start":{"line":28,"column":22},"end":{"line":28,"column":44}},{"start":{"line":28,"column":48},"end":{"line":28,"column":52}}],"line":28},"2":{"loc":{"start":{"line":62,"column":32},"end":{"line":62,"column":44}},"type":"default-arg","locations":[{"start":{"line":62,"column":42},"end":{"line":62,"column":44}}],"line":62},"3":{"loc":{"start":{"line":76,"column":27},"end":{"line":76,"column":39}},"type":"default-arg","locations":[{"start":{"line":76,"column":37},"end":{"line":76,"column":39}}],"line":76},"4":{"loc":{"start":{"line":76,"column":41},"end":{"line":76,"column":54}},"type":"default-arg","locations":[{"start":{"line":76,"column":52},"end":{"line":76,"column":54}}],"line":76},"5":{"loc":{"start":{"line":94,"column":4},"end":{"line":96,"column":5}},"type":"if","locations":[{"start":{"line":94,"column":4},"end":{"line":96,"column":5}},{"start":{},"end":{}}],"line":94},"6":{"loc":{"start":{"line":114,"column":18},"end":{"line":114,"column":29}},"type":"default-arg","locations":[{"start":{"line":114,"column":26},"end":{"line":114,"column":29}}],"line":114},"7":{"loc":{"start":{"line":114,"column":31},"end":{"line":114,"column":47}},"type":"default-arg","locations":[{"start":{"line":114,"column":43},"end":{"line":114,"column":47}}],"line":114}},"s":{"0":1,"1":1,"2":1,"3":15,"4":15,"5":15,"6":15,"7":15,"8":15,"9":1,"10":7,"11":1,"12":9,"13":8,"14":8,"15":8,"16":6,"17":6,"18":1,"19":5,"20":2,"21":2,"22":2,"23":2,"24":2,"25":1,"26":1,"27":16,"28":16,"29":1,"30":1,"31":1,"32":1},"f":{"0":15,"1":15,"2":1,"3":7,"4":1,"5":9,"6":8,"7":6,"8":2,"9":2,"10":1,"11":1,"12":16,"13":1,"14":1},"b":{"0":[2],"1":[15,2],"2":[7],"3":[0],"4":[9],"5":[1,5],"6":[1],"7":[2]},"_coverageSchema":"1a1c01bbd47fc00a2c39e90264f33305004495a9","hash":"7c1a3a9c51d52007d5b4d191521e6df23b273908"}
,"/home/admin/.openclaw/skills/event-orchestrator/src/middleware-chain.js": {"path":"/home/admin/.openclaw/skills/event-orchestrator/src/middleware-chain.js","statementMap":{"0":{"start":{"line":13,"column":4},"end":{"line":13,"column":47}},"1":{"start":{"line":14,"column":4},"end":{"line":14,"column":44}},"2":{"start":{"line":18,"column":21},"end":{"line":23,"column":5}},"3":{"start":{"line":25,"column":4},"end":{"line":36,"column":5}},"4":{"start":{"line":27,"column":8},"end":{"line":27,"column":90}},"5":{"start":{"line":28,"column":8},"end":{"line":28,"column":14}},"6":{"start":{"line":30,"column":8},"end":{"line":30,"column":63}},"7":{"start":{"line":31,"column":8},"end":{"line":31,"column":14}},"8":{"start":{"line":35,"column":8},"end":{"line":35,"column":14}},"9":{"start":{"line":38,"column":4},"end":{"line":38,"column":16}},"10":{"start":{"line":47,"column":4},"end":{"line":47,"column":35}},"11":{"start":{"line":51,"column":4},"end":{"line":60,"column":5}},"12":{"start":{"line":52,"column":22},"end":{"line":52,"column":51}},"13":{"start":{"line":53,"column":6},"end":{"line":55,"column":7}},"14":{"start":{"line":54,"column":8},"end":{"line":54,"column":21}},"15":{"start":{"line":56,"column":6},"end":{"line":56,"column":18}},"16":{"start":{"line":58,"column":6},"end":{"line":58,"column":56}},"17":{"start":{"line":59,"column":6},"end":{"line":59,"column":19}},"18":{"start":{"line":69,"column":4},"end":{"line":69,"column":46}},"19":{"start":{"line":70,"column":4},"end":{"line":70,"column":49}},"20":{"start":{"line":74,"column":27},"end":{"line":74,"column":41}},"21":{"start":{"line":76,"column":4},"end":{"line":79,"column":5}},"22":{"start":{"line":77,"column":6},"end":{"line":77,"column":84}},"23":{"start":{"line":78,"column":6},"end":{"line":78,"column":19}},"24":{"start":{"line":81,"column":4},"end":{"line":81,"column":16}},"25":{"start":{"line":87,"column":4},"end":{"line":95,"column":5}},"26":{"start":{"line":87,"column":17},"end":{"line":87,"column":18}},"27":{"start":{"line":88,"column":6},"end":{"line":94,"column":7}},"28":{"start":{"line":89,"column":8},"end":{"line":89,"column":36}},"29":{"start":{"line":91,"column":8},"end":{"line":91,"column":26}},"30":{"start":{"line":92,"column":8},"end":{"line":92,"column":82}},"31":{"start":{"line":93,"column":8},"end":{"line":93,"column":53}},"32":{"start":{"line":97,"column":4},"end":{"line":97,"column":20}},"33":{"start":{"line":101,"column":4},"end":{"line":101,"column":59}},"34":{"start":{"line":101,"column":34},"end":{"line":101,"column":57}},"35":{"start":{"line":110,"column":4},"end":{"line":110,"column":46}},"36":{"start":{"line":111,"column":4},"end":{"line":111,"column":46}},"37":{"start":{"line":112,"column":4},"end":{"line":112,"column":33}},"38":{"start":{"line":116,"column":16},"end":{"line":116,"column":26}},"39":{"start":{"line":117,"column":24},"end":{"line":117,"column":43}},"40":{"start":{"line":120,"column":4},"end":{"line":127,"column":5}},"41":{"start":{"line":121,"column":30},"end":{"line":121,"column":69}},"42":{"start":{"line":121,"column":53},"end":{"line":121,"column":68}},"43":{"start":{"line":122,"column":6},"end":{"line":126,"column":7}},"44":{"start":{"line":123,"column":8},"end":{"line":123,"column":37}},"45":{"start":{"line":125,"column":8},"end":{"line":125,"column":51}},"46":{"start":{"line":130,"column":25},"end":{"line":130,"column":72}},"47":{"start":{"line":131,"column":4},"end":{"line":134,"column":5}},"48":{"start":{"line":132,"column":6},"end":{"line":132,"column":66}},"49":{"start":{"line":133,"column":6},"end":{"line":133,"column":19}},"50":{"start":{"line":137,"column":4},"end":{"line":139,"column":5}},"51":{"start":{"line":138,"column":6},"end":{"line":138,"column":43}},"52":{"start":{"line":140,"column":4},"end":{"line":140,"column":47}},"53":{"start":{"line":142,"column":4},"end":{"line":142,"column":16}},"54":{"start":{"line":151,"column":4},"end":{"line":151,"column":26}},"55":{"start":{"line":155,"column":4},"end":{"line":155,"column":38}},"56":{"start":{"line":159,"column":4},"end":{"line":172,"column":5}},"57":{"start":{"line":160,"column":6},"end":{"line":171,"column":7}},"58":{"start":{"line":161,"column":23},"end":{"line":163,"column":35}},"59":{"start":{"line":165,"column":8},"end":{"line":167,"column":9}},"60":{"start":{"line":166,"column":10},"end":{"line":166,"column":68}},"61":{"start":{"line":169,"column":8},"end":{"line":169,"column":89}},"62":{"start":{"line":173,"column":4},"end":{"line":173,"column":30}},"63":{"start":{"line":177,"column":0},"end":{"line":183,"column":2}}},"fnMap":{"0":{"name":"(anonymous_0)","decl":{"start":{"line":12,"column":2},"end":{"line":12,"column":3}},"loc":{"start":{"line":12,"column":28},"end":{"line":15,"column":3}},"line":12},"1":{"name":"(anonymous_1)","decl":{"start":{"line":17,"column":2},"end":{"line":17,"column":3}},"loc":{"start":{"line":17,"column":22},"end":{"line":39,"column":3}},"line":17},"2":{"name":"(anonymous_2)","decl":{"start":{"line":46,"column":2},"end":{"line":46,"column":3}},"loc":{"start":{"line":46,"column":27},"end":{"line":48,"column":3}},"line":46},"3":{"name":"(anonymous_3)","decl":{"start":{"line":50,"column":2},"end":{"line":50,"column":3}},"loc":{"start":{"line":50,"column":22},"end":{"line":61,"column":3}},"line":50},"4":{"name":"(anonymous_4)","decl":{"start":{"line":68,"column":2},"end":{"line":68,"column":3}},"loc":{"start":{"line":68,"column":28},"end":{"line":71,"column":3}},"line":68},"5":{"name":"(anonymous_5)","decl":{"start":{"line":73,"column":2},"end":{"line":73,"column":3}},"loc":{"start":{"line":73,"column":22},"end":{"line":82,"column":3}},"line":73},"6":{"name":"(anonymous_6)","decl":{"start":{"line":84,"column":2},"end":{"line":84,"column":3}},"loc":{"start":{"line":84,"column":30},"end":{"line":98,"column":3}},"line":84},"7":{"name":"(anonymous_7)","decl":{"start":{"line":100,"column":2},"end":{"line":100,"column":3}},"loc":{"start":{"line":100,"column":13},"end":{"line":102,"column":3}},"line":100},"8":{"name":"(anonymous_8)","decl":{"start":{"line":101,"column":23},"end":{"line":101,"column":24}},"loc":{"start":{"line":101,"column":34},"end":{"line":101,"column":57}},"line":101},"9":{"name":"(anonymous_9)","decl":{"start":{"line":109,"column":2},"end":{"line":109,"column":3}},"loc":{"start":{"line":109,"column":28},"end":{"line":113,"column":3}},"line":109},"10":{"name":"(anonymous_10)","decl":{"start":{"line":115,"column":2},"end":{"line":115,"column":3}},"loc":{"start":{"line":115,"column":22},"end":{"line":143,"column":3}},"line":115},"11":{"name":"(anonymous_11)","decl":{"start":{"line":121,"column":48},"end":{"line":121,"column":49}},"loc":{"start":{"line":121,"column":53},"end":{"line":121,"column":68}},"line":121},"12":{"name":"(anonymous_12)","decl":{"start":{"line":150,"column":2},"end":{"line":150,"column":3}},"loc":{"start":{"line":150,"column":16},"end":{"line":152,"column":3}},"line":150},"13":{"name":"(anonymous_13)","decl":{"start":{"line":154,"column":2},"end":{"line":154,"column":3}},"loc":{"start":{"line":154,"column":18},"end":{"line":156,"column":3}},"line":154},"14":{"name":"(anonymous_14)","decl":{"start":{"line":158,"column":2},"end":{"line":158,"column":3}},"loc":{"start":{"line":158,"column":23},"end":{"line":174,"column":3}},"line":158}},"branchMap":{"0":{"loc":{"start":{"line":12,"column":14},"end":{"line":12,"column":26}},"type":"default-arg","locations":[{"start":{"line":12,"column":24},"end":{"line":12,"column":26}}],"line":12},"1":{"loc":{"start":{"line":13,"column":20},"end":{"line":13,"column":46}},"type":"binary-expr","locations":[{"start":{"line":13,"column":20},"end":{"line":13,"column":36}},{"start":{"line":13,"column":40},"end":{"line":13,"column":46}}],"line":13},"2":{"loc":{"start":{"line":14,"column":18},"end":{"line":14,"column":43}},"type":"binary-expr","locations":[{"start":{"line":14,"column":18},"end":{"line":14,"column":32}},{"start":{"line":14,"column":36},"end":{"line":14,"column":43}}],"line":14},"3":{"loc":{"start":{"line":25,"column":4},"end":{"line":36,"column":5}},"type":"switch","locations":[{"start":{"line":26,"column":6},"end":{"line":28,"column":14}},{"start":{"line":29,"column":6},"end":{"line":31,"column":14}},{"start":{"line":32,"column":6},"end":{"line":32,"column":18}},{"start":{"line":33,"column":6},"end":{"line":35,"column":14}}],"line":25},"4":{"loc":{"start":{"line":53,"column":6},"end":{"line":55,"column":7}},"type":"if","locations":[{"start":{"line":53,"column":6},"end":{"line":55,"column":7}},{"start":{},"end":{}}],"line":53},"5":{"loc":{"start":{"line":68,"column":14},"end":{"line":68,"column":26}},"type":"default-arg","locations":[{"start":{"line":68,"column":24},"end":{"line":68,"column":26}}],"line":68},"6":{"loc":{"start":{"line":69,"column":22},"end":{"line":69,"column":45}},"type":"binary-expr","locations":[{"start":{"line":69,"column":22},"end":{"line":69,"column":40}},{"start":{"line":69,"column":44},"end":{"line":69,"column":45}}],"line":69},"7":{"loc":{"start":{"line":70,"column":22},"end":{"line":70,"column":48}},"type":"binary-expr","locations":[{"start":{"line":70,"column":22},"end":{"line":70,"column":40}},{"start":{"line":70,"column":44},"end":{"line":70,"column":48}}],"line":70},"8":{"loc":{"start":{"line":76,"column":4},"end":{"line":79,"column":5}},"type":"if","locations":[{"start":{"line":76,"column":4},"end":{"line":79,"column":5}},{"start":{},"end":{}}],"line":76},"9":{"loc":{"start":{"line":109,"column":14},"end":{"line":109,"column":26}},"type":"default-arg","locations":[{"start":{"line":109,"column":24},"end":{"line":109,"column":26}}],"line":109},"10":{"loc":{"start":{"line":110,"column":21},"end":{"line":110,"column":45}},"type":"binary-expr","locations":[{"start":{"line":110,"column":21},"end":{"line":110,"column":38}},{"start":{"line":110,"column":42},"end":{"line":110,"column":45}}],"line":110},"11":{"loc":{"start":{"line":111,"column":20},"end":{"line":111,"column":45}},"type":"binary-expr","locations":[{"start":{"line":111,"column":20},"end":{"line":111,"column":36}},{"start":{"line":111,"column":40},"end":{"line":111,"column":45}}],"line":111},"12":{"loc":{"start":{"line":122,"column":6},"end":{"line":126,"column":7}},"type":"if","locations":[{"start":{"line":122,"column":6},"end":{"line":126,"column":7}},{"start":{"line":124,"column":13},"end":{"line":126,"column":7}}],"line":122},"13":{"loc":{"start":{"line":130,"column":26},"end":{"line":130,"column":64}},"type":"binary-expr","locations":[{"start":{"line":130,"column":26},"end":{"line":130,"column":58}},{"start":{"line":130,"column":62},"end":{"line":130,"column":64}}],"line":130},"14":{"loc":{"start":{"line":131,"column":4},"end":{"line":134,"column":5}},"type":"if","locations":[{"start":{"line":131,"column":4},"end":{"line":134,"column":5}},{"start":{},"end":{}}],"line":131},"15":{"loc":{"start":{"line":137,"column":4},"end":{"line":139,"column":5}},"type":"if","locations":[{"start":{"line":137,"column":4},"end":{"line":139,"column":5}},{"start":{},"end":{}}],"line":137},"16":{"loc":{"start":{"line":161,"column":23},"end":{"line":163,"column":35}},"type":"cond-expr","locations":[{"start":{"line":162,"column":12},"end":{"line":162,"column":42}},{"start":{"line":163,"column":12},"end":{"line":163,"column":35}}],"line":161},"17":{"loc":{"start":{"line":165,"column":8},"end":{"line":167,"column":9}},"type":"if","locations":[{"start":{"line":165,"column":8},"end":{"line":167,"column":9}},{"start":{},"end":{}}],"line":165}},"s":{"0":19,"1":19,"2":2,"3":2,"4":1,"5":1,"6":1,"7":1,"8":0,"9":2,"10":4,"11":3,"12":3,"13":2,"14":1,"15":1,"16":1,"17":1,"18":5,"19":5,"20":2,"21":2,"22":1,"23":1,"24":1,"25":2,"26":2,"27":4,"28":4,"29":3,"30":3,"31":3,"32":1,"33":3,"34":3,"35":18,"36":18,"37":18,"38":5,"39":5,"40":5,"41":3,"42":6,"43":3,"44":0,"45":3,"46":5,"47":5,"48":1,"49":1,"50":4,"51":2,"52":4,"53":4,"54":4,"55":7,"56":3,"57":6,"58":6,"59":5,"60":1,"61":1,"62":2,"63":2},"f":{"0":19,"1":2,"2":4,"3":3,"4":5,"5":2,"6":2,"7":3,"8":3,"9":18,"10":5,"11":6,"12":4,"13":7,"14":3},"b":{"0":[1],"1":[19,2],"2":[19,17],"3":[1,1,0,0],"4":[1,1],"5":[1],"6":[5,1],"7":[5,3],"8":[1,1],"9":[1],"10":[18,1],"11":[18,1],"12":[0,3],"13":[5,2],"14":[1,4],"15":[2,2],"16":[6,0],"17":[1,4]},"_coverageSchema":"1a1c01bbd47fc00a2c39e90264f33305004495a9","hash":"cd921303f2ca08bbce467f43d35616f63c933994"}
,"/home/admin/.openclaw/skills/event-orchestrator/src/state-machine.js": {"path":"/home/admin/.openclaw/skills/event-orchestrator/src/state-machine.js","statementMap":{"0":{"start":{"line":11,"column":27},"end":{"line":18,"column":1}},"1":{"start":{"line":23,"column":26},"end":{"line":30,"column":1}},"2":{"start":{"line":37,"column":4},"end":{"line":37,"column":30}},"3":{"start":{"line":38,"column":4},"end":{"line":38,"column":68}},"4":{"start":{"line":39,"column":4},"end":{"line":39,"column":43}},"5":{"start":{"line":40,"column":4},"end":{"line":40,"column":24}},"6":{"start":{"line":47,"column":4},"end":{"line":47,"column":22}},"7":{"start":{"line":54,"column":31},"end":{"line":54,"column":66}},"8":{"start":{"line":55,"column":4},"end":{"line":55,"column":52}},"9":{"start":{"line":62,"column":4},"end":{"line":67,"column":5}},"10":{"start":{"line":63,"column":6},"end":{"line":66,"column":8}},"11":{"start":{"line":69,"column":26},"end":{"line":69,"column":36}},"12":{"start":{"line":70,"column":4},"end":{"line":70,"column":29}},"13":{"start":{"line":72,"column":25},"end":{"line":77,"column":5}},"14":{"start":{"line":79,"column":4},"end":{"line":79,"column":36}},"15":{"start":{"line":82,"column":4},"end":{"line":82,"column":69}},"16":{"start":{"line":84,"column":4},"end":{"line":88,"column":6}},"17":{"start":{"line":95,"column":4},"end":{"line":95,"column":34}},"18":{"start":{"line":102,"column":4},"end":{"line":108,"column":5}},"19":{"start":{"line":103,"column":6},"end":{"line":107,"column":7}},"20":{"start":{"line":104,"column":8},"end":{"line":104,"column":57}},"21":{"start":{"line":106,"column":8},"end":{"line":106,"column":69}},"22":{"start":{"line":115,"column":4},"end":{"line":115,"column":24}},"23":{"start":{"line":122,"column":20},"end":{"line":122,"column":63}},"24":{"start":{"line":122,"column":45},"end":{"line":122,"column":62}},"25":{"start":{"line":123,"column":4},"end":{"line":123,"column":39}},"26":{"start":{"line":123,"column":30},"end":{"line":123,"column":39}},"27":{"start":{"line":125,"column":23},"end":{"line":125,"column":33}},"28":{"start":{"line":126,"column":22},"end":{"line":128,"column":5}},"29":{"start":{"line":127,"column":6},"end":{"line":127,"column":61}},"30":{"start":{"line":130,"column":4},"end":{"line":132,"column":5}},"31":{"start":{"line":131,"column":6},"end":{"line":131,"column":56}},"32":{"start":{"line":135,"column":4},"end":{"line":137,"column":5}},"33":{"start":{"line":136,"column":6},"end":{"line":136,"column":47}},"34":{"start":{"line":139,"column":4},"end":{"line":139,"column":13}},"35":{"start":{"line":146,"column":4},"end":{"line":151,"column":6}},"36":{"start":{"line":158,"column":20},"end":{"line":158,"column":77}},"37":{"start":{"line":159,"column":4},"end":{"line":159,"column":41}},"38":{"start":{"line":160,"column":4},"end":{"line":160,"column":19}},"39":{"start":{"line":167,"column":4},"end":{"line":167,"column":120}},"40":{"start":{"line":174,"column":4},"end":{"line":174,"column":52}},"41":{"start":{"line":183,"column":4},"end":{"line":183,"column":25}},"42":{"start":{"line":184,"column":4},"end":{"line":184,"column":33}},"43":{"start":{"line":185,"column":4},"end":{"line":187,"column":7}},"44":{"start":{"line":188,"column":4},"end":{"line":188,"column":32}},"45":{"start":{"line":189,"column":4},"end":{"line":189,"column":32}},"46":{"start":{"line":193,"column":4},"end":{"line":193,"column":88}},"47":{"start":{"line":194,"column":4},"end":{"line":194,"column":32}},"48":{"start":{"line":198,"column":4},"end":{"line":198,"column":101}},"49":{"start":{"line":199,"column":4},"end":{"line":199,"column":32}},"50":{"start":{"line":203,"column":4},"end":{"line":203,"column":108}},"51":{"start":{"line":204,"column":4},"end":{"line":204,"column":32}},"52":{"start":{"line":208,"column":4},"end":{"line":208,"column":87}},"53":{"start":{"line":209,"column":4},"end":{"line":209,"column":32}},"54":{"start":{"line":213,"column":4},"end":{"line":213,"column":89}},"55":{"start":{"line":214,"column":4},"end":{"line":214,"column":32}},"56":{"start":{"line":218,"column":4},"end":{"line":218,"column":91}},"57":{"start":{"line":219,"column":4},"end":{"line":219,"column":32}},"58":{"start":{"line":223,"column":4},"end":{"line":231,"column":6}},"59":{"start":{"line":235,"column":0},"end":{"line":240,"column":2}}},"fnMap":{"0":{"name":"(anonymous_0)","decl":{"start":{"line":36,"column":2},"end":{"line":36,"column":3}},"loc":{"start":{"line":36,"column":71},"end":{"line":41,"column":3}},"line":36},"1":{"name":"(anonymous_1)","decl":{"start":{"line":46,"column":2},"end":{"line":46,"column":3}},"loc":{"start":{"line":46,"column":13},"end":{"line":48,"column":3}},"line":46},"2":{"name":"(anonymous_2)","decl":{"start":{"line":53,"column":2},"end":{"line":53,"column":3}},"loc":{"start":{"line":53,"column":31},"end":{"line":56,"column":3}},"line":53},"3":{"name":"(anonymous_3)","decl":{"start":{"line":61,"column":2},"end":{"line":61,"column":3}},"loc":{"start":{"line":61,"column":46},"end":{"line":89,"column":3}},"line":61},"4":{"name":"(anonymous_4)","decl":{"start":{"line":94,"column":2},"end":{"line":94,"column":3}},"loc":{"start":{"line":94,"column":26},"end":{"line":96,"column":3}},"line":94},"5":{"name":"(anonymous_5)","decl":{"start":{"line":101,"column":2},"end":{"line":101,"column":3}},"loc":{"start":{"line":101,"column":59},"end":{"line":109,"column":3}},"line":101},"6":{"name":"(anonymous_6)","decl":{"start":{"line":114,"column":2},"end":{"line":114,"column":3}},"loc":{"start":{"line":114,"column":15},"end":{"line":116,"column":3}},"line":114},"7":{"name":"(anonymous_7)","decl":{"start":{"line":121,"column":2},"end":{"line":121,"column":3}},"loc":{"start":{"line":121,"column":26},"end":{"line":140,"column":3}},"line":121},"8":{"name":"(anonymous_8)","decl":{"start":{"line":122,"column":40},"end":{"line":122,"column":41}},"loc":{"start":{"line":122,"column":45},"end":{"line":122,"column":62}},"line":122},"9":{"name":"(anonymous_9)","decl":{"start":{"line":126,"column":40},"end":{"line":126,"column":41}},"loc":{"start":{"line":127,"column":6},"end":{"line":127,"column":61}},"line":127},"10":{"name":"(anonymous_10)","decl":{"start":{"line":145,"column":2},"end":{"line":145,"column":3}},"loc":{"start":{"line":145,"column":14},"end":{"line":152,"column":3}},"line":145},"11":{"name":"(anonymous_11)","decl":{"start":{"line":157,"column":2},"end":{"line":157,"column":3}},"loc":{"start":{"line":157,"column":27},"end":{"line":161,"column":3}},"line":157},"12":{"name":"(anonymous_12)","decl":{"start":{"line":166,"column":2},"end":{"line":166,"column":3}},"loc":{"start":{"line":166,"column":17},"end":{"line":168,"column":3}},"line":166},"13":{"name":"(anonymous_13)","decl":{"start":{"line":173,"column":2},"end":{"line":173,"column":3}},"loc":{"start":{"line":173,"column":13},"end":{"line":175,"column":3}},"line":173},"14":{"name":"(anonymous_14)","decl":{"start":{"line":182,"column":2},"end":{"line":182,"column":3}},"loc":{"start":{"line":182,"column":34},"end":{"line":190,"column":3}},"line":182},"15":{"name":"(anonymous_15)","decl":{"start":{"line":192,"column":2},"end":{"line":192,"column":3}},"loc":{"start":{"line":192,"column":16},"end":{"line":195,"column":3}},"line":192},"16":{"name":"(anonymous_16)","decl":{"start":{"line":197,"column":2},"end":{"line":197,"column":3}},"loc":{"start":{"line":197,"column":30},"end":{"line":200,"column":3}},"line":197},"17":{"name":"(anonymous_17)","decl":{"start":{"line":202,"column":2},"end":{"line":202,"column":3}},"loc":{"start":{"line":202,"column":20},"end":{"line":205,"column":3}},"line":202},"18":{"name":"(anonymous_18)","decl":{"start":{"line":207,"column":2},"end":{"line":207,"column":3}},"loc":{"start":{"line":207,"column":16},"end":{"line":210,"column":3}},"line":207},"19":{"name":"(anonymous_19)","decl":{"start":{"line":212,"column":2},"end":{"line":212,"column":3}},"loc":{"start":{"line":212,"column":17},"end":{"line":215,"column":3}},"line":212},"20":{"name":"(anonymous_20)","decl":{"start":{"line":217,"column":2},"end":{"line":217,"column":3}},"loc":{"start":{"line":217,"column":17},"end":{"line":220,"column":3}},"line":217},"21":{"name":"(anonymous_21)","decl":{"start":{"line":222,"column":2},"end":{"line":222,"column":3}},"loc":{"start":{"line":222,"column":14},"end":{"line":232,"column":3}},"line":222}},"branchMap":{"0":{"loc":{"start":{"line":36,"column":14},"end":{"line":36,"column":55}},"type":"default-arg","locations":[{"start":{"line":36,"column":29},"end":{"line":36,"column":55}}],"line":36},"1":{"loc":{"start":{"line":36,"column":57},"end":{"line":36,"column":69}},"type":"default-arg","locations":[{"start":{"line":36,"column":67},"end":{"line":36,"column":69}}],"line":36},"2":{"loc":{"start":{"line":39,"column":20},"end":{"line":39,"column":42}},"type":"binary-expr","locations":[{"start":{"line":39,"column":20},"end":{"line":39,"column":36}},{"start":{"line":39,"column":40},"end":{"line":39,"column":42}}],"line":39},"3":{"loc":{"start":{"line":54,"column":31},"end":{"line":54,"column":66}},"type":"binary-expr","locations":[{"start":{"line":54,"column":31},"end":{"line":54,"column":60}},{"start":{"line":54,"column":64},"end":{"line":54,"column":66}}],"line":54},"4":{"loc":{"start":{"line":61,"column":32},"end":{"line":61,"column":44}},"type":"default-arg","locations":[{"start":{"line":61,"column":42},"end":{"line":61,"column":44}}],"line":61},"5":{"loc":{"start":{"line":62,"column":4},"end":{"line":67,"column":5}},"type":"if","locations":[{"start":{"line":62,"column":4},"end":{"line":67,"column":5}},{"start":{},"end":{}}],"line":62},"6":{"loc":{"start":{"line":65,"column":32},"end":{"line":65,"column":83}},"type":"binary-expr","locations":[{"start":{"line":65,"column":32},"end":{"line":65,"column":73}},{"start":{"line":65,"column":77},"end":{"line":65,"column":83}}],"line":65},"7":{"loc":{"start":{"line":123,"column":4},"end":{"line":123,"column":39}},"type":"if","locations":[{"start":{"line":123,"column":4},"end":{"line":123,"column":39}},{"start":{},"end":{}}],"line":123},"8":{"loc":{"start":{"line":127,"column":6},"end":{"line":127,"column":61}},"type":"binary-expr","locations":[{"start":{"line":127,"column":6},"end":{"line":127,"column":40}},{"start":{"line":127,"column":44},"end":{"line":127,"column":61}}],"line":127},"9":{"loc":{"start":{"line":130,"column":4},"end":{"line":132,"column":5}},"type":"if","locations":[{"start":{"line":130,"column":4},"end":{"line":132,"column":5}},{"start":{},"end":{}}],"line":130},"10":{"loc":{"start":{"line":135,"column":4},"end":{"line":137,"column":5}},"type":"if","locations":[{"start":{"line":135,"column":4},"end":{"line":137,"column":5}},{"start":{},"end":{}}],"line":135},"11":{"loc":{"start":{"line":159,"column":22},"end":{"line":159,"column":40}},"type":"binary-expr","locations":[{"start":{"line":159,"column":22},"end":{"line":159,"column":34}},{"start":{"line":159,"column":38},"end":{"line":159,"column":40}}],"line":159},"12":{"loc":{"start":{"line":197,"column":17},"end":{"line":197,"column":28}},"type":"default-arg","locations":[{"start":{"line":197,"column":26},"end":{"line":197,"column":28}}],"line":197}},"s":{"0":2,"1":2,"2":32,"3":32,"4":32,"5":32,"6":23,"7":35,"8":35,"9":33,"10":1,"11":32,"12":32,"13":32,"14":32,"15":32,"16":32,"17":1,"18":32,"19":1,"20":1,"21":0,"22":14,"23":1,"24":3,"25":1,"26":0,"27":1,"28":1,"29":3,"30":1,"31":1,"32":0,"33":0,"34":0,"35":2,"36":1,"37":1,"38":1,"39":16,"40":15,"41":17,"42":17,"43":17,"44":17,"45":17,"46":10,"47":10,"48":4,"49":4,"50":3,"51":3,"52":2,"53":2,"54":2,"55":2,"56":1,"57":1,"58":13,"59":2},"f":{"0":32,"1":23,"2":35,"3":33,"4":1,"5":32,"6":14,"7":1,"8":3,"9":3,"10":2,"11":1,"12":16,"13":15,"14":17,"15":10,"16":4,"17":3,"18":2,"19":2,"20":1,"21":13},"b":{"0":[12],"1":[13],"2":[32,13],"3":[35,0],"4":[10],"5":[1,32],"6":[1,0],"7":[0,1],"8":[3,1],"9":[1,0],"10":[0,0],"11":[1,0],"12":[1]},"_coverageSchema":"1a1c01bbd47fc00a2c39e90264f33305004495a9","hash":"fd2d3cb63c0b7d89d08b994dfe4009932014c0bd"}
}
