{"/home/admin/openclaw/workspace/skills/first-principle-analyzer/src/analyzer.js": {"path":"/home/admin/openclaw/workspace/skills/first-principle-analyzer/src/analyzer.js","statementMap":{"0":{"start":{"line":1,"column":11},"end":{"line":1,"column":24}},"1":{"start":{"line":2,"column":13},"end":{"line":2,"column":28}},"2":{"start":{"line":15,"column":2},"end":{"line":17,"column":3}},"3":{"start":{"line":16,"column":4},"end":{"line":16,"column":58}},"4":{"start":{"line":20,"column":19},"end":{"line":20,"column":45}},"5":{"start":{"line":23,"column":22},"end":{"line":23,"column":60}},"6":{"start":{"line":26,"column":22},"end":{"line":26,"column":66}},"7":{"start":{"line":29,"column":20},"end":{"line":29,"column":50}},"8":{"start":{"line":31,"column":2},"end":{"line":38,"column":4}},"9":{"start":{"line":45,"column":19},"end":{"line":50,"column":3}},"10":{"start":{"line":52,"column":2},"end":{"line":56,"column":3}},"11":{"start":{"line":53,"column":4},"end":{"line":55,"column":5}},"12":{"start":{"line":53,"column":27},"end":{"line":53,"column":49}},"13":{"start":{"line":54,"column":6},"end":{"line":54,"column":22}},"14":{"start":{"line":58,"column":2},"end":{"line":58,"column":19}},"15":{"start":{"line":65,"column":22},"end":{"line":65,"column":24}},"16":{"start":{"line":68,"column":2},"end":{"line":72,"column":5}},"17":{"start":{"line":74,"column":2},"end":{"line":78,"column":5}},"18":{"start":{"line":80,"column":2},"end":{"line":84,"column":5}},"19":{"start":{"line":86,"column":2},"end":{"line":86,"column":21}},"20":{"start":{"line":93,"column":17},"end":{"line":93,"column":19}},"21":{"start":{"line":95,"column":2},"end":{"line":99,"column":5}},"22":{"start":{"line":101,"column":2},"end":{"line":105,"column":5}},"23":{"start":{"line":107,"column":2},"end":{"line":111,"column":5}},"24":{"start":{"line":113,"column":2},"end":{"line":113,"column":16}},"25":{"start":{"line":120,"column":20},"end":{"line":120,"column":22}},"26":{"start":{"line":122,"column":2},"end":{"line":127,"column":5}},"27":{"start":{"line":129,"column":2},"end":{"line":134,"column":5}},"28":{"start":{"line":136,"column":2},"end":{"line":141,"column":5}},"29":{"start":{"line":143,"column":2},"end":{"line":143,"column":19}},"30":{"start":{"line":146,"column":0},"end":{"line":146,"column":112}}},"fnMap":{"0":{"name":"analyze","decl":{"start":{"line":14,"column":9},"end":{"line":14,"column":16}},"loc":{"start":{"line":14,"column":26},"end":{"line":39,"column":1}},"line":14},"1":{"name":"categorizeProblem","decl":{"start":{"line":44,"column":9},"end":{"line":44,"column":26}},"loc":{"start":{"line":44,"column":36},"end":{"line":59,"column":1}},"line":44},"2":{"name":"(anonymous_2)","decl":{"start":{"line":53,"column":19},"end":{"line":53,"column":20}},"loc":{"start":{"line":53,"column":27},"end":{"line":53,"column":49}},"line":53},"3":{"name":"identifyAssumptions","decl":{"start":{"line":64,"column":9},"end":{"line":64,"column":28}},"loc":{"start":{"line":64,"column":48},"end":{"line":87,"column":1}},"line":64},"4":{"name":"decomposeToBasicTruths","decl":{"start":{"line":92,"column":9},"end":{"line":92,"column":31}},"loc":{"start":{"line":92,"column":54},"end":{"line":114,"column":1}},"line":92},"5":{"name":"generateSolutions","decl":{"start":{"line":119,"column":9},"end":{"line":119,"column":26}},"loc":{"start":{"line":119,"column":40},"end":{"line":144,"column":1}},"line":119}},"branchMap":{"0":{"loc":{"start":{"line":15,"column":2},"end":{"line":17,"column":3}},"type":"if","locations":[{"start":{"line":15,"column":2},"end":{"line":17,"column":3}},{"start":{},"end":{}}],"line":15},"1":{"loc":{"start":{"line":15,"column":6},"end":{"line":15,"column":45}},"type":"binary-expr","locations":[{"start":{"line":15,"column":6},"end":{"line":15,"column":14}},{"start":{"line":15,"column":18},"end":{"line":15,"column":45}}],"line":15},"2":{"loc":{"start":{"line":53,"column":4},"end":{"line":55,"column":5}},"type":"if","locations":[{"start":{"line":53,"column":4},"end":{"line":55,"column":5}},{"start":{},"end":{}}],"line":53}},"s":{"0":1,"1":1,"2":7,"3":2,"4":5,"5":5,"6":5,"7":5,"8":5,"9":8,"10":8,"11":16,"12":64,"13":7,"14":1,"15":5,"16":5,"17":5,"18":5,"19":5,"20":5,"21":5,"22":5,"23":5,"24":5,"25":5,"26":5,"27":5,"28":5,"29":5,"30":1},"f":{"0":7,"1":8,"2":64,"3":5,"4":5,"5":5},"b":{"0":[2,5],"1":[7,6],"2":[7,9]},"_coverageSchema":"1a1c01bbd47fc00a2c39e90264f33305004495a9","hash":"1e9b030993975142068f64d953b525e5c58d21ad"}
}
